<?xml version="1.0" encoding="UTF-8"?>
<coverage generated="1734376352859" clover="3.2.0">
  <project timestamp="1734376352859" name="All files">
    <metrics statements="717" coveredstatements="659" conditionals="94" coveredconditionals="73" methods="122" coveredmethods="103" elements="933" coveredelements="835" complexity="0" loc="717" ncloc="717" packages="10" files="42" classes="42"/>
    <package name="src">
      <metrics statements="53" coveredstatements="49" conditionals="10" coveredconditionals="8" methods="5" coveredmethods="4"/>
      <file name="app.ts" path="C:\Users\pasie\OneDrive\Dokumenty\GO-IT\TESTOWE PROJEKTY\SO YUMMY\SO-YUMMY-APP-BACKEND\src\app.ts">
        <metrics statements="53" coveredstatements="49" conditionals="10" coveredconditionals="8" methods="5" coveredmethods="4"/>
        <line num="1" count="9" type="stmt"/>
        <line num="2" count="9" type="stmt"/>
        <line num="3" count="9" type="stmt"/>
        <line num="4" count="9" type="stmt"/>
        <line num="5" count="9" type="stmt"/>
        <line num="6" count="9" type="stmt"/>
        <line num="7" count="9" type="stmt"/>
        <line num="8" count="9" type="stmt"/>
        <line num="9" count="9" type="stmt"/>
        <line num="10" count="9" type="stmt"/>
        <line num="11" count="9" type="stmt"/>
        <line num="12" count="9" type="stmt"/>
        <line num="13" count="9" type="stmt"/>
        <line num="15" count="9" type="stmt"/>
        <line num="17" count="9" type="stmt"/>
        <line num="18" count="9" type="stmt"/>
        <line num="20" count="9" type="stmt"/>
        <line num="21" count="9" type="stmt"/>
        <line num="22" count="9" type="cond" truecount="1" falsecount="1"/>
        <line num="24" count="9" type="stmt"/>
        <line num="26" count="9" type="stmt"/>
        <line num="28" count="9" type="stmt"/>
        <line num="30" count="9" type="stmt"/>
        <line num="31" count="9" type="stmt"/>
        <line num="33" count="9" type="stmt"/>
        <line num="34" count="9" type="stmt"/>
        <line num="39" count="9" type="stmt"/>
        <line num="42" count="113" type="cond" truecount="4" falsecount="0"/>
        <line num="43" count="112" type="stmt"/>
        <line num="45" count="1" type="stmt"/>
        <line num="56" count="9" type="stmt"/>
        <line num="57" count="0" type="stmt"/>
        <line num="58" count="0" type="stmt"/>
        <line num="59" count="0" type="stmt"/>
        <line num="63" count="0" type="stmt"/>
        <line num="66" count="9" type="stmt"/>
        <line num="71" count="9" type="stmt"/>
        <line num="72" count="9" type="stmt"/>
        <line num="73" count="9" type="stmt"/>
        <line num="74" count="9" type="stmt"/>
        <line num="75" count="9" type="stmt"/>
        <line num="76" count="9" type="stmt"/>
        <line num="77" count="9" type="stmt"/>
        <line num="78" count="9" type="stmt"/>
        <line num="80" count="9" type="stmt"/>
        <line num="81" count="1" type="stmt"/>
        <line num="84" count="9" type="stmt"/>
        <line num="85" count="73" type="stmt"/>
        <line num="88" count="9" type="stmt"/>
        <line num="89" count="71" type="cond" truecount="2" falsecount="0"/>
        <line num="90" count="71" type="cond" truecount="1" falsecount="1"/>
        <line num="91" count="71" type="stmt"/>
        <line num="94" count="9" type="stmt"/>
      </file>
    </package>
    <package name="src.config">
      <metrics statements="20" coveredstatements="17" conditionals="2" coveredconditionals="0" methods="2" coveredmethods="2"/>
      <file name="passport-config.ts" path="C:\Users\pasie\OneDrive\Dokumenty\GO-IT\TESTOWE PROJEKTY\SO YUMMY\SO-YUMMY-APP-BACKEND\src\config\passport-config.ts">
        <metrics statements="20" coveredstatements="17" conditionals="2" coveredconditionals="0" methods="2" coveredmethods="2"/>
        <line num="1" count="9" type="stmt"/>
        <line num="2" count="9" type="stmt"/>
        <line num="4" count="9" type="stmt"/>
        <line num="5" count="9" type="stmt"/>
        <line num="7" count="9" type="stmt"/>
        <line num="9" count="9" type="stmt"/>
        <line num="11" count="9" type="cond" truecount="0" falsecount="1"/>
        <line num="12" count="0" type="stmt"/>
        <line num="15" count="9" type="stmt"/>
        <line num="16" count="9" type="stmt"/>
        <line num="17" count="9" type="stmt"/>
        <line num="22" count="9" type="stmt"/>
        <line num="28" count="74" type="stmt"/>
        <line num="29" count="74" type="stmt"/>
        <line num="30" count="74" type="stmt"/>
        <line num="31" count="74" type="cond" truecount="0" falsecount="1"/>
        <line num="32" count="0" type="stmt"/>
        <line num="34" count="74" type="stmt"/>
        <line num="36" count="0" type="stmt"/>
        <line num="42" count="9" type="stmt"/>
      </file>
    </package>
    <package name="src.controller">
      <metrics statements="332" coveredstatements="332" conditionals="47" coveredconditionals="47" methods="52" coveredmethods="52"/>
      <file name="favoriteRecipes.ts" path="C:\Users\pasie\OneDrive\Dokumenty\GO-IT\TESTOWE PROJEKTY\SO YUMMY\SO-YUMMY-APP-BACKEND\src\controller\favoriteRecipes.ts">
        <metrics statements="34" coveredstatements="34" conditionals="4" coveredconditionals="4" methods="6" coveredmethods="6"/>
        <line num="2" count="9" type="stmt"/>
        <line num="4" count="9" type="stmt"/>
        <line num="10" count="9" type="stmt"/>
        <line num="14" count="2" type="stmt"/>
        <line num="15" count="2" type="stmt"/>
        <line num="16" count="2" type="stmt"/>
        <line num="18" count="2" type="cond" truecount="2" falsecount="0"/>
        <line num="19" count="2" type="stmt"/>
        <line num="20" count="2" type="stmt"/>
        <line num="21" count="2" type="stmt"/>
        <line num="23" count="2" type="stmt"/>
        <line num="29" count="1" type="stmt"/>
        <line num="38" count="1" type="stmt"/>
        <line num="42" count="9" type="stmt"/>
        <line num="46" count="3" type="stmt"/>
        <line num="47" count="3" type="stmt"/>
        <line num="48" count="3" type="stmt"/>
        <line num="49" count="3" type="stmt"/>
        <line num="51" count="3" type="stmt"/>
        <line num="53" count="2" type="cond" truecount="1" falsecount="0"/>
        <line num="54" count="1" type="stmt"/>
        <line num="57" count="1" type="stmt"/>
        <line num="65" count="1" type="stmt"/>
        <line num="69" count="9" type="stmt"/>
        <line num="73" count="3" type="stmt"/>
        <line num="74" count="3" type="stmt"/>
        <line num="75" count="3" type="stmt"/>
        <line num="76" count="3" type="stmt"/>
        <line num="78" count="3" type="stmt"/>
        <line num="80" count="2" type="cond" truecount="1" falsecount="0"/>
        <line num="81" count="1" type="stmt"/>
        <line num="84" count="1" type="stmt"/>
        <line num="86" count="1" type="stmt"/>
        <line num="90" count="9" type="stmt"/>
      </file>
      <file name="ingredients.ts" path="C:\Users\pasie\OneDrive\Dokumenty\GO-IT\TESTOWE PROJEKTY\SO YUMMY\SO-YUMMY-APP-BACKEND\src\controller\ingredients.ts">
        <metrics statements="18" coveredstatements="18" conditionals="1" coveredconditionals="1" methods="4" coveredmethods="4"/>
        <line num="2" count="9" type="stmt"/>
        <line num="3" count="9" type="stmt"/>
        <line num="8" count="9" type="stmt"/>
        <line num="12" count="2" type="stmt"/>
        <line num="13" count="2" type="stmt"/>
        <line num="14" count="2" type="stmt"/>
        <line num="16" count="1" type="stmt"/>
        <line num="24" count="1" type="stmt"/>
        <line num="28" count="9" type="stmt"/>
        <line num="32" count="3" type="stmt"/>
        <line num="33" count="3" type="stmt"/>
        <line num="34" count="3" type="stmt"/>
        <line num="36" count="3" type="stmt"/>
        <line num="38" count="2" type="cond" truecount="1" falsecount="0"/>
        <line num="39" count="1" type="stmt"/>
        <line num="42" count="1" type="stmt"/>
        <line num="50" count="1" type="stmt"/>
        <line num="54" count="9" type="stmt"/>
      </file>
      <file name="ownRecipe.ts" path="C:\Users\pasie\OneDrive\Dokumenty\GO-IT\TESTOWE PROJEKTY\SO YUMMY\SO-YUMMY-APP-BACKEND\src\controller\ownRecipe.ts">
        <metrics statements="36" coveredstatements="36" conditionals="10" coveredconditionals="10" methods="6" coveredmethods="6"/>
        <line num="3" count="9" type="stmt"/>
        <line num="5" count="9" type="stmt"/>
        <line num="11" count="9" type="stmt"/>
        <line num="15" count="7" type="stmt"/>
        <line num="16" count="7" type="stmt"/>
        <line num="17" count="7" type="stmt"/>
        <line num="19" count="7" type="cond" truecount="2" falsecount="0"/>
        <line num="20" count="7" type="stmt"/>
        <line num="21" count="7" type="stmt"/>
        <line num="23" count="7" type="cond" truecount="1" falsecount="0"/>
        <line num="29" count="3" type="stmt"/>
        <line num="32" count="4" type="stmt"/>
        <line num="38" count="3" type="cond" truecount="1" falsecount="0"/>
        <line num="39" count="1" type="stmt"/>
        <line num="42" count="2" type="stmt"/>
        <line num="44" count="2" type="cond" truecount="1" falsecount="0"/>
        <line num="45" count="1" type="stmt"/>
        <line num="50" count="1" type="stmt"/>
        <line num="59" count="1" type="stmt"/>
        <line num="63" count="9" type="stmt"/>
        <line num="67" count="2" type="stmt"/>
        <line num="68" count="2" type="stmt"/>
        <line num="69" count="2" type="stmt"/>
        <line num="71" count="2" type="stmt"/>
        <line num="76" count="1" type="stmt"/>
        <line num="84" count="1" type="stmt"/>
        <line num="88" count="9" type="stmt"/>
        <line num="92" count="3" type="stmt"/>
        <line num="93" count="3" type="stmt"/>
        <line num="94" count="3" type="stmt"/>
        <line num="95" count="3" type="stmt"/>
        <line num="97" count="2" type="cond" truecount="1" falsecount="0"/>
        <line num="98" count="1" type="stmt"/>
        <line num="100" count="1" type="stmt"/>
        <line num="106" count="1" type="stmt"/>
        <line num="110" count="9" type="stmt"/>
      </file>
      <file name="popularRecipe.ts" path="C:\Users\pasie\OneDrive\Dokumenty\GO-IT\TESTOWE PROJEKTY\SO YUMMY\SO-YUMMY-APP-BACKEND\src\controller\popularRecipe.ts">
        <metrics statements="9" coveredstatements="9" conditionals="2" coveredconditionals="2" methods="2" coveredmethods="2"/>
        <line num="2" count="9" type="stmt"/>
        <line num="4" count="9" type="stmt"/>
        <line num="8" count="2" type="stmt"/>
        <line num="9" count="2" type="stmt"/>
        <line num="10" count="2" type="cond" truecount="2" falsecount="0"/>
        <line num="11" count="2" type="stmt"/>
        <line num="13" count="1" type="stmt"/>
        <line num="17" count="1" type="stmt"/>
        <line num="26" count="9" type="stmt"/>
      </file>
      <file name="recipe.ts" path="C:\Users\pasie\OneDrive\Dokumenty\GO-IT\TESTOWE PROJEKTY\SO YUMMY\SO-YUMMY-APP-BACKEND\src\controller\recipe.ts">
        <metrics statements="60" coveredstatements="60" conditionals="11" coveredconditionals="11" methods="10" coveredmethods="10"/>
        <line num="2" count="9" type="stmt"/>
        <line num="3" count="9" type="stmt"/>
        <line num="4" count="9" type="stmt"/>
        <line num="12" count="9" type="stmt"/>
        <line num="16" count="6" type="stmt"/>
        <line num="17" count="6" type="stmt"/>
        <line num="18" count="6" type="cond" truecount="2" falsecount="0"/>
        <line num="19" count="6" type="stmt"/>
        <line num="20" count="6" type="stmt"/>
        <line num="22" count="6" type="stmt"/>
        <line num="24" count="6" type="cond" truecount="2" falsecount="0"/>
        <line num="25" count="1" type="stmt"/>
        <line num="26" count="5" type="cond" truecount="1" falsecount="0"/>
        <line num="27" count="2" type="stmt"/>
        <line num="29" count="2" type="cond" truecount="1" falsecount="0"/>
        <line num="30" count="1" type="stmt"/>
        <line num="33" count="1" type="stmt"/>
        <line num="38" count="5" type="stmt"/>
        <line num="44" count="4" type="stmt"/>
        <line num="53" count="1" type="stmt"/>
        <line num="57" count="9" type="stmt"/>
        <line num="61" count="3" type="stmt"/>
        <line num="62" count="3" type="stmt"/>
        <line num="63" count="3" type="cond" truecount="1" falsecount="0"/>
        <line num="65" count="3" type="stmt"/>
        <line num="67" count="2" type="stmt"/>
        <line num="75" count="1" type="stmt"/>
        <line num="79" count="9" type="stmt"/>
        <line num="83" count="3" type="stmt"/>
        <line num="84" count="3" type="stmt"/>
        <line num="85" count="3" type="stmt"/>
        <line num="87" count="2" type="stmt"/>
        <line num="95" count="1" type="stmt"/>
        <line num="99" count="9" type="stmt"/>
        <line num="103" count="3" type="stmt"/>
        <line num="104" count="3" type="stmt"/>
        <line num="105" count="3" type="stmt"/>
        <line num="106" count="3" type="cond" truecount="2" falsecount="0"/>
        <line num="107" count="3" type="stmt"/>
        <line num="108" count="3" type="stmt"/>
        <line num="109" count="3" type="stmt"/>
        <line num="111" count="3" type="stmt"/>
        <line num="117" count="2" type="cond" truecount="1" falsecount="0"/>
        <line num="118" count="1" type="stmt"/>
        <line num="121" count="1" type="stmt"/>
        <line num="130" count="1" type="stmt"/>
        <line num="134" count="9" type="stmt"/>
        <line num="138" count="3" type="stmt"/>
        <line num="139" count="3" type="stmt"/>
        <line num="140" count="3" type="stmt"/>
        <line num="141" count="3" type="stmt"/>
        <line num="143" count="2" type="cond" truecount="1" falsecount="0"/>
        <line num="144" count="1" type="stmt"/>
        <line num="147" count="1" type="stmt"/>
        <line num="155" count="1" type="stmt"/>
        <line num="160" count="9" type="stmt"/>
        <line num="161" count="9" type="stmt"/>
        <line num="162" count="9" type="stmt"/>
        <line num="163" count="9" type="stmt"/>
        <line num="164" count="9" type="stmt"/>
      </file>
      <file name="shoppingList.ts" path="C:\Users\pasie\OneDrive\Dokumenty\GO-IT\TESTOWE PROJEKTY\SO YUMMY\SO-YUMMY-APP-BACKEND\src\controller\shoppingList.ts">
        <metrics statements="31" coveredstatements="31" conditionals="1" coveredconditionals="1" methods="6" coveredmethods="6"/>
        <line num="2" count="9" type="stmt"/>
        <line num="4" count="9" type="stmt"/>
        <line num="10" count="9" type="stmt"/>
        <line num="14" count="3" type="stmt"/>
        <line num="15" count="3" type="stmt"/>
        <line num="17" count="3" type="stmt"/>
        <line num="18" count="3" type="stmt"/>
        <line num="20" count="2" type="cond" truecount="1" falsecount="0"/>
        <line num="21" count="1" type="stmt"/>
        <line num="24" count="1" type="stmt"/>
        <line num="26" count="1" type="stmt"/>
        <line num="27" count="1" type="stmt"/>
        <line num="31" count="9" type="stmt"/>
        <line num="35" count="2" type="stmt"/>
        <line num="36" count="2" type="stmt"/>
        <line num="38" count="2" type="stmt"/>
        <line num="39" count="2" type="stmt"/>
        <line num="40" count="2" type="stmt"/>
        <line num="48" count="1" type="stmt"/>
        <line num="53" count="1" type="stmt"/>
        <line num="54" count="1" type="stmt"/>
        <line num="63" count="9" type="stmt"/>
        <line num="67" count="2" type="stmt"/>
        <line num="68" count="2" type="stmt"/>
        <line num="70" count="2" type="stmt"/>
        <line num="71" count="2" type="stmt"/>
        <line num="73" count="2" type="stmt"/>
        <line num="75" count="1" type="stmt"/>
        <line num="79" count="1" type="stmt"/>
        <line num="80" count="1" type="stmt"/>
        <line num="89" count="9" type="stmt"/>
      </file>
      <file name="subscribe.ts" path="C:\Users\pasie\OneDrive\Dokumenty\GO-IT\TESTOWE PROJEKTY\SO YUMMY\SO-YUMMY-APP-BACKEND\src\controller\subscribe.ts">
        <metrics statements="21" coveredstatements="21" conditionals="2" coveredconditionals="2" methods="2" coveredmethods="2"/>
        <line num="2" count="9" type="stmt"/>
        <line num="3" count="9" type="stmt"/>
        <line num="5" count="9" type="stmt"/>
        <line num="7" count="9" type="stmt"/>
        <line num="11" count="4" type="stmt"/>
        <line num="12" count="4" type="stmt"/>
        <line num="13" count="4" type="stmt"/>
        <line num="14" count="4" type="stmt"/>
        <line num="15" count="4" type="stmt"/>
        <line num="17" count="4" type="stmt"/>
        <line num="19" count="4" type="cond" truecount="1" falsecount="0"/>
        <line num="20" count="1" type="stmt"/>
        <line num="23" count="3" type="stmt"/>
        <line num="24" count="3" type="cond" truecount="1" falsecount="0"/>
        <line num="25" count="1" type="stmt"/>
        <line num="28" count="2" type="stmt"/>
        <line num="30" count="1" type="stmt"/>
        <line num="41" count="1" type="stmt"/>
        <line num="43" count="1" type="stmt"/>
        <line num="48" count="1" type="stmt"/>
        <line num="52" count="9" type="stmt"/>
      </file>
      <file name="user.ts" path="C:\Users\pasie\OneDrive\Dokumenty\GO-IT\TESTOWE PROJEKTY\SO YUMMY\SO-YUMMY-APP-BACKEND\src\controller\user.ts">
        <metrics statements="123" coveredstatements="123" conditionals="16" coveredconditionals="16" methods="16" coveredmethods="16"/>
        <line num="1" count="9" type="stmt"/>
        <line num="2" count="9" type="stmt"/>
        <line num="3" count="9" type="stmt"/>
        <line num="4" count="9" type="stmt"/>
        <line num="7" count="9" type="stmt"/>
        <line num="9" count="9" type="stmt"/>
        <line num="11" count="9" type="stmt"/>
        <line num="14" count="9" type="stmt"/>
        <line num="16" count="9" type="stmt"/>
        <line num="20" count="5" type="stmt"/>
        <line num="21" count="5" type="stmt"/>
        <line num="22" count="5" type="stmt"/>
        <line num="24" count="5" type="stmt"/>
        <line num="25" count="5" type="cond" truecount="1" falsecount="0"/>
        <line num="26" count="1" type="stmt"/>
        <line num="28" count="4" type="stmt"/>
        <line num="29" count="4" type="stmt"/>
        <line num="36" count="4" type="cond" truecount="1" falsecount="0"/>
        <line num="37" count="1" type="stmt"/>
        <line num="40" count="3" type="cond" truecount="1" falsecount="0"/>
        <line num="41" count="1" type="stmt"/>
        <line num="44" count="2" type="stmt"/>
        <line num="49" count="2" type="stmt"/>
        <line num="51" count="1" type="stmt"/>
        <line num="63" count="1" type="stmt"/>
        <line num="65" count="3" type="stmt"/>
        <line num="69" count="9" type="stmt"/>
        <line num="73" count="4" type="stmt"/>
        <line num="74" count="4" type="stmt"/>
        <line num="75" count="4" type="stmt"/>
        <line num="77" count="4" type="cond" truecount="1" falsecount="0"/>
        <line num="78" count="1" type="stmt"/>
        <line num="79" count="1" type="stmt"/>
        <line num="82" count="3" type="stmt"/>
        <line num="84" count="2" type="cond" truecount="1" falsecount="0"/>
        <line num="85" count="1" type="stmt"/>
        <line num="86" count="1" type="stmt"/>
        <line num="89" count="1" type="stmt"/>
        <line num="91" count="1" type="stmt"/>
        <line num="101" count="1" type="stmt"/>
        <line num="110" count="1" type="stmt"/>
        <line num="114" count="9" type="stmt"/>
        <line num="118" count="4" type="stmt"/>
        <line num="119" count="4" type="stmt"/>
        <line num="120" count="4" type="stmt"/>
        <line num="121" count="4" type="stmt"/>
        <line num="123" count="4" type="stmt"/>
        <line num="125" count="3" type="cond" truecount="1" falsecount="0"/>
        <line num="126" count="1" type="stmt"/>
        <line num="129" count="2" type="stmt"/>
        <line num="136" count="2" type="stmt"/>
        <line num="138" count="2" type="stmt"/>
        <line num="142" count="9" type="stmt"/>
        <line num="143" count="4" type="stmt"/>
        <line num="144" count="4" type="stmt"/>
        <line num="145" count="4" type="stmt"/>
        <line num="147" count="3" type="cond" truecount="1" falsecount="0"/>
        <line num="148" count="1" type="stmt"/>
        <line num="149" count="1" type="stmt"/>
        <line num="152" count="2" type="stmt"/>
        <line num="157" count="2" type="cond" truecount="1" falsecount="0"/>
        <line num="158" count="1" type="stmt"/>
        <line num="159" count="1" type="stmt"/>
        <line num="162" count="1" type="stmt"/>
        <line num="165" count="1" type="stmt"/>
        <line num="167" count="1" type="stmt"/>
        <line num="171" count="9" type="stmt"/>
        <line num="172" count="4" type="stmt"/>
        <line num="173" count="4" type="stmt"/>
        <line num="175" count="4" type="stmt"/>
        <line num="176" count="4" type="cond" truecount="1" falsecount="0"/>
        <line num="177" count="1" type="stmt"/>
        <line num="180" count="3" type="stmt"/>
        <line num="181" count="3" type="cond" truecount="1" falsecount="0"/>
        <line num="182" count="1" type="stmt"/>
        <line num="185" count="2" type="cond" truecount="1" falsecount="0"/>
        <line num="186" count="1" type="stmt"/>
        <line num="189" count="1" type="stmt"/>
        <line num="193" count="1" type="stmt"/>
        <line num="197" count="1" type="stmt"/>
        <line num="199" count="1" type="stmt"/>
        <line num="214" count="3" type="stmt"/>
        <line num="218" count="9" type="stmt"/>
        <line num="222" count="4" type="stmt"/>
        <line num="223" count="4" type="stmt"/>
        <line num="224" count="4" type="stmt"/>
        <line num="225" count="4" type="stmt"/>
        <line num="227" count="4" type="cond" truecount="1" falsecount="0"/>
        <line num="228" count="1" type="stmt"/>
        <line num="231" count="3" type="cond" truecount="1" falsecount="0"/>
        <line num="232" count="1" type="stmt"/>
        <line num="235" count="2" type="cond" truecount="1" falsecount="0"/>
        <line num="236" count="1" type="stmt"/>
        <line num="239" count="1" type="stmt"/>
        <line num="244" count="1" type="stmt"/>
        <line num="246" count="1" type="stmt"/>
        <line num="250" count="1" type="stmt"/>
        <line num="252" count="3" type="stmt"/>
        <line num="256" count="9" type="stmt"/>
        <line num="257" count="2" type="stmt"/>
        <line num="258" count="2" type="stmt"/>
        <line num="260" count="2" type="stmt"/>
        <line num="262" count="2" type="cond" truecount="1" falsecount="0"/>
        <line num="263" count="1" type="stmt"/>
        <line num="266" count="1" type="stmt"/>
        <line num="268" count="1" type="stmt"/>
        <line num="281" count="1" type="stmt"/>
        <line num="285" count="9" type="stmt"/>
        <line num="286" count="2" type="stmt"/>
        <line num="287" count="2" type="stmt"/>
        <line num="288" count="2" type="stmt"/>
        <line num="290" count="2" type="cond" truecount="1" falsecount="0"/>
        <line num="291" count="1" type="stmt"/>
        <line num="296" count="1" type="stmt"/>
        <line num="298" count="1" type="stmt"/>
        <line num="303" count="9" type="stmt"/>
        <line num="304" count="9" type="stmt"/>
        <line num="305" count="9" type="stmt"/>
        <line num="306" count="9" type="stmt"/>
        <line num="307" count="9" type="stmt"/>
        <line num="308" count="9" type="stmt"/>
        <line num="309" count="9" type="stmt"/>
        <line num="310" count="9" type="stmt"/>
      </file>
    </package>
    <package name="src.controller.cloudinary">
      <metrics statements="11" coveredstatements="3" conditionals="3" coveredconditionals="0" methods="2" coveredmethods="0"/>
      <file name="saveImages.ts" path="C:\Users\pasie\OneDrive\Dokumenty\GO-IT\TESTOWE PROJEKTY\SO YUMMY\SO-YUMMY-APP-BACKEND\src\controller\cloudinary\saveImages.ts">
        <metrics statements="11" coveredstatements="3" conditionals="3" coveredconditionals="0" methods="2" coveredmethods="0"/>
        <line num="2" count="9" type="stmt"/>
        <line num="4" count="9" type="stmt"/>
        <line num="5" count="0" type="cond" truecount="0" falsecount="3"/>
        <line num="6" count="0" type="stmt"/>
        <line num="7" count="0" type="stmt"/>
        <line num="10" count="0" type="stmt"/>
        <line num="11" count="0" type="stmt"/>
        <line num="12" count="0" type="stmt"/>
        <line num="14" count="0" type="stmt"/>
        <line num="15" count="0" type="stmt"/>
        <line num="21" count="9" type="stmt"/>
      </file>
    </package>
    <package name="src.middlewares">
      <metrics statements="42" coveredstatements="41" conditionals="19" coveredconditionals="17" methods="6" coveredmethods="6"/>
      <file name="auth.ts" path="C:\Users\pasie\OneDrive\Dokumenty\GO-IT\TESTOWE PROJEKTY\SO YUMMY\SO-YUMMY-APP-BACKEND\src\middlewares\auth.ts">
        <metrics statements="10" coveredstatements="10" conditionals="8" coveredconditionals="7" methods="2" coveredmethods="2"/>
        <line num="2" count="9" type="stmt"/>
        <line num="3" count="9" type="stmt"/>
        <line num="6" count="9" type="stmt"/>
        <line num="7" count="84" type="stmt"/>
        <line num="8" count="84" type="stmt"/>
        <line num="12" count="84" type="cond" truecount="7" falsecount="1"/>
        <line num="13" count="10" type="stmt"/>
        <line num="16" count="74" type="stmt"/>
        <line num="17" count="74" type="stmt"/>
        <line num="22" count="9" type="stmt"/>
      </file>
      <file name="cloudinary.ts" path="C:\Users\pasie\OneDrive\Dokumenty\GO-IT\TESTOWE PROJEKTY\SO YUMMY\SO-YUMMY-APP-BACKEND\src\middlewares\cloudinary.ts">
        <metrics statements="8" coveredstatements="7" conditionals="4" coveredconditionals="3" methods="0" coveredmethods="0"/>
        <line num="1" count="9" type="stmt"/>
        <line num="2" count="9" type="stmt"/>
        <line num="4" count="9" type="stmt"/>
        <line num="6" count="9" type="stmt"/>
        <line num="8" count="9" type="cond" truecount="3" falsecount="1"/>
        <line num="9" count="0" type="stmt"/>
        <line num="12" count="9" type="stmt"/>
        <line num="19" count="9" type="stmt"/>
      </file>
      <file name="multer.ts" path="C:\Users\pasie\OneDrive\Dokumenty\GO-IT\TESTOWE PROJEKTY\SO YUMMY\SO-YUMMY-APP-BACKEND\src\middlewares\multer.ts">
        <metrics statements="16" coveredstatements="16" conditionals="6" coveredconditionals="6" methods="2" coveredmethods="2"/>
        <line num="1" count="9" type="stmt"/>
        <line num="2" count="9" type="stmt"/>
        <line num="5" count="9" type="stmt"/>
        <line num="7" count="9" type="stmt"/>
        <line num="12" count="3" type="stmt"/>
        <line num="14" count="3" type="cond" truecount="4" falsecount="0"/>
        <line num="15" count="1" type="stmt"/>
        <line num="17" count="1" type="stmt"/>
        <line num="20" count="2" type="stmt"/>
        <line num="23" count="9" type="stmt"/>
        <line num="31" count="9" type="stmt"/>
        <line num="37" count="73" type="cond" truecount="1" falsecount="0"/>
        <line num="38" count="2" type="cond" truecount="1" falsecount="0"/>
        <line num="39" count="2" type="stmt"/>
        <line num="44" count="71" type="stmt"/>
        <line num="47" count="9" type="stmt"/>
      </file>
      <file name="validateBody.ts" path="C:\Users\pasie\OneDrive\Dokumenty\GO-IT\TESTOWE PROJEKTY\SO YUMMY\SO-YUMMY-APP-BACKEND\src\middlewares\validateBody.ts">
        <metrics statements="8" coveredstatements="8" conditionals="1" coveredconditionals="1" methods="2" coveredmethods="2"/>
        <line num="3" count="9" type="stmt"/>
        <line num="5" count="9" type="stmt"/>
        <line num="6" count="54" type="stmt"/>
        <line num="7" count="37" type="stmt"/>
        <line num="9" count="37" type="cond" truecount="1" falsecount="0"/>
        <line num="12" count="12" type="stmt"/>
        <line num="14" count="25" type="stmt"/>
        <line num="18" count="9" type="stmt"/>
      </file>
    </package>
    <package name="src.models">
      <metrics statements="25" coveredstatements="25" conditionals="0" coveredconditionals="0" methods="0" coveredmethods="0"/>
      <file name="category.ts" path="C:\Users\pasie\OneDrive\Dokumenty\GO-IT\TESTOWE PROJEKTY\SO YUMMY\SO-YUMMY-APP-BACKEND\src\models\category.ts">
        <metrics statements="4" coveredstatements="4" conditionals="0" coveredconditionals="0" methods="0" coveredmethods="0"/>
        <line num="1" count="9" type="stmt"/>
        <line num="9" count="9" type="stmt"/>
        <line num="18" count="9" type="stmt"/>
        <line num="20" count="9" type="stmt"/>
      </file>
      <file name="ingredient.ts" path="C:\Users\pasie\OneDrive\Dokumenty\GO-IT\TESTOWE PROJEKTY\SO YUMMY\SO-YUMMY-APP-BACKEND\src\models\ingredient.ts">
        <metrics statements="4" coveredstatements="4" conditionals="0" coveredconditionals="0" methods="0" coveredmethods="0"/>
        <line num="1" count="9" type="stmt"/>
        <line num="10" count="9" type="stmt"/>
        <line num="20" count="9" type="stmt"/>
        <line num="22" count="9" type="stmt"/>
      </file>
      <file name="recipe.ts" path="C:\Users\pasie\OneDrive\Dokumenty\GO-IT\TESTOWE PROJEKTY\SO YUMMY\SO-YUMMY-APP-BACKEND\src\models\recipe.ts">
        <metrics statements="4" coveredstatements="4" conditionals="0" coveredconditionals="0" methods="0" coveredmethods="0"/>
        <line num="1" count="9" type="stmt"/>
        <line num="24" count="9" type="stmt"/>
        <line num="99" count="9" type="stmt"/>
        <line num="101" count="9" type="stmt"/>
      </file>
      <file name="shoppingList.ts" path="C:\Users\pasie\OneDrive\Dokumenty\GO-IT\TESTOWE PROJEKTY\SO YUMMY\SO-YUMMY-APP-BACKEND\src\models\shoppingList.ts">
        <metrics statements="4" coveredstatements="4" conditionals="0" coveredconditionals="0" methods="0" coveredmethods="0"/>
        <line num="1" count="9" type="stmt"/>
        <line num="16" count="9" type="stmt"/>
        <line num="36" count="9" type="stmt"/>
        <line num="38" count="9" type="stmt"/>
      </file>
      <file name="subscribe.ts" path="C:\Users\pasie\OneDrive\Dokumenty\GO-IT\TESTOWE PROJEKTY\SO YUMMY\SO-YUMMY-APP-BACKEND\src\models\subscribe.ts">
        <metrics statements="5" coveredstatements="5" conditionals="0" coveredconditionals="0" methods="0" coveredmethods="0"/>
        <line num="1" count="9" type="stmt"/>
        <line num="3" count="9" type="stmt"/>
        <line num="10" count="9" type="stmt"/>
        <line num="27" count="9" type="stmt"/>
        <line num="29" count="9" type="stmt"/>
      </file>
      <file name="user.ts" path="C:\Users\pasie\OneDrive\Dokumenty\GO-IT\TESTOWE PROJEKTY\SO YUMMY\SO-YUMMY-APP-BACKEND\src\models\user.ts">
        <metrics statements="4" coveredstatements="4" conditionals="0" coveredconditionals="0" methods="0" coveredmethods="0"/>
        <line num="1" count="9" type="stmt"/>
        <line num="15" count="9" type="stmt"/>
        <line num="56" count="9" type="stmt"/>
        <line num="58" count="9" type="stmt"/>
      </file>
    </package>
    <package name="src.routes.api">
      <metrics statements="76" coveredstatements="76" conditionals="0" coveredconditionals="0" methods="0" coveredmethods="0"/>
      <file name="favoriteRecipes.ts" path="C:\Users\pasie\OneDrive\Dokumenty\GO-IT\TESTOWE PROJEKTY\SO YUMMY\SO-YUMMY-APP-BACKEND\src\routes\api\favoriteRecipes.ts">
        <metrics statements="8" coveredstatements="8" conditionals="0" coveredconditionals="0" methods="0" coveredmethods="0"/>
        <line num="1" count="9" type="stmt"/>
        <line num="2" count="9" type="stmt"/>
        <line num="3" count="9" type="stmt"/>
        <line num="9" count="9" type="stmt"/>
        <line num="11" count="9" type="stmt"/>
        <line num="12" count="9" type="stmt"/>
        <line num="13" count="9" type="stmt"/>
        <line num="15" count="9" type="stmt"/>
      </file>
      <file name="ingredients.ts" path="C:\Users\pasie\OneDrive\Dokumenty\GO-IT\TESTOWE PROJEKTY\SO YUMMY\SO-YUMMY-APP-BACKEND\src\routes\api\ingredients.ts">
        <metrics statements="7" coveredstatements="7" conditionals="0" coveredconditionals="0" methods="0" coveredmethods="0"/>
        <line num="1" count="9" type="stmt"/>
        <line num="2" count="9" type="stmt"/>
        <line num="3" count="9" type="stmt"/>
        <line num="5" count="9" type="stmt"/>
        <line num="7" count="9" type="stmt"/>
        <line num="8" count="9" type="stmt"/>
        <line num="10" count="9" type="stmt"/>
      </file>
      <file name="ownRecipes.ts" path="C:\Users\pasie\OneDrive\Dokumenty\GO-IT\TESTOWE PROJEKTY\SO YUMMY\SO-YUMMY-APP-BACKEND\src\routes\api\ownRecipes.ts">
        <metrics statements="13" coveredstatements="13" conditionals="0" coveredconditionals="0" methods="0" coveredmethods="0"/>
        <line num="1" count="9" type="stmt"/>
        <line num="2" count="9" type="stmt"/>
        <line num="3" count="9" type="stmt"/>
        <line num="4" count="9" type="stmt"/>
        <line num="5" count="9" type="stmt"/>
        <line num="6" count="9" type="stmt"/>
        <line num="7" count="9" type="stmt"/>
        <line num="9" count="9" type="stmt"/>
        <line num="11" count="9" type="stmt"/>
        <line num="12" count="9" type="stmt"/>
        <line num="13" count="9" type="stmt"/>
        <line num="14" count="9" type="stmt"/>
        <line num="16" count="9" type="stmt"/>
      </file>
      <file name="popularRecipe.ts" path="C:\Users\pasie\OneDrive\Dokumenty\GO-IT\TESTOWE PROJEKTY\SO YUMMY\SO-YUMMY-APP-BACKEND\src\routes\api\popularRecipe.ts">
        <metrics statements="6" coveredstatements="6" conditionals="0" coveredconditionals="0" methods="0" coveredmethods="0"/>
        <line num="1" count="9" type="stmt"/>
        <line num="2" count="9" type="stmt"/>
        <line num="3" count="9" type="stmt"/>
        <line num="5" count="9" type="stmt"/>
        <line num="7" count="9" type="stmt"/>
        <line num="9" count="9" type="stmt"/>
      </file>
      <file name="recipe.ts" path="C:\Users\pasie\OneDrive\Dokumenty\GO-IT\TESTOWE PROJEKTY\SO YUMMY\SO-YUMMY-APP-BACKEND\src\routes\api\recipe.ts">
        <metrics statements="10" coveredstatements="10" conditionals="0" coveredconditionals="0" methods="0" coveredmethods="0"/>
        <line num="1" count="9" type="stmt"/>
        <line num="2" count="9" type="stmt"/>
        <line num="3" count="9" type="stmt"/>
        <line num="11" count="9" type="stmt"/>
        <line num="13" count="9" type="stmt"/>
        <line num="14" count="9" type="stmt"/>
        <line num="15" count="9" type="stmt"/>
        <line num="16" count="9" type="stmt"/>
        <line num="17" count="9" type="stmt"/>
        <line num="19" count="9" type="stmt"/>
      </file>
      <file name="shoppingList.ts" path="C:\Users\pasie\OneDrive\Dokumenty\GO-IT\TESTOWE PROJEKTY\SO YUMMY\SO-YUMMY-APP-BACKEND\src\routes\api\shoppingList.ts">
        <metrics statements="8" coveredstatements="8" conditionals="0" coveredconditionals="0" methods="0" coveredmethods="0"/>
        <line num="1" count="9" type="stmt"/>
        <line num="2" count="9" type="stmt"/>
        <line num="3" count="9" type="stmt"/>
        <line num="9" count="9" type="stmt"/>
        <line num="11" count="9" type="stmt"/>
        <line num="12" count="9" type="stmt"/>
        <line num="13" count="9" type="stmt"/>
        <line num="15" count="9" type="stmt"/>
      </file>
      <file name="subscribe.ts" path="C:\Users\pasie\OneDrive\Dokumenty\GO-IT\TESTOWE PROJEKTY\SO YUMMY\SO-YUMMY-APP-BACKEND\src\routes\api\subscribe.ts">
        <metrics statements="8" coveredstatements="8" conditionals="0" coveredconditionals="0" methods="0" coveredmethods="0"/>
        <line num="1" count="9" type="stmt"/>
        <line num="2" count="9" type="stmt"/>
        <line num="3" count="9" type="stmt"/>
        <line num="4" count="9" type="stmt"/>
        <line num="5" count="9" type="stmt"/>
        <line num="7" count="9" type="stmt"/>
        <line num="9" count="9" type="stmt"/>
        <line num="11" count="9" type="stmt"/>
      </file>
      <file name="user.ts" path="C:\Users\pasie\OneDrive\Dokumenty\GO-IT\TESTOWE PROJEKTY\SO YUMMY\SO-YUMMY-APP-BACKEND\src\routes\api\user.ts">
        <metrics statements="16" coveredstatements="16" conditionals="0" coveredconditionals="0" methods="0" coveredmethods="0"/>
        <line num="1" count="9" type="stmt"/>
        <line num="2" count="9" type="stmt"/>
        <line num="12" count="9" type="stmt"/>
        <line num="13" count="9" type="stmt"/>
        <line num="14" count="9" type="stmt"/>
        <line num="20" count="9" type="stmt"/>
        <line num="22" count="9" type="stmt"/>
        <line num="24" count="9" type="stmt"/>
        <line num="25" count="9" type="stmt"/>
        <line num="26" count="9" type="stmt"/>
        <line num="27" count="9" type="stmt"/>
        <line num="28" count="9" type="stmt"/>
        <line num="29" count="9" type="stmt"/>
        <line num="30" count="9" type="stmt"/>
        <line num="37" count="9" type="stmt"/>
        <line num="44" count="9" type="stmt"/>
      </file>
    </package>
    <package name="src.schemas">
      <metrics statements="12" coveredstatements="12" conditionals="0" coveredconditionals="0" methods="0" coveredmethods="0"/>
      <file name="recipe.ts" path="C:\Users\pasie\OneDrive\Dokumenty\GO-IT\TESTOWE PROJEKTY\SO YUMMY\SO-YUMMY-APP-BACKEND\src\schemas\recipe.ts">
        <metrics statements="3" coveredstatements="3" conditionals="0" coveredconditionals="0" methods="0" coveredmethods="0"/>
        <line num="1" count="9" type="stmt"/>
        <line num="3" count="9" type="stmt"/>
        <line num="16" count="9" type="stmt"/>
      </file>
      <file name="subscribeUser.ts" path="C:\Users\pasie\OneDrive\Dokumenty\GO-IT\TESTOWE PROJEKTY\SO YUMMY\SO-YUMMY-APP-BACKEND\src\schemas\subscribeUser.ts">
        <metrics statements="3" coveredstatements="3" conditionals="0" coveredconditionals="0" methods="0" coveredmethods="0"/>
        <line num="1" count="9" type="stmt"/>
        <line num="3" count="9" type="stmt"/>
        <line num="13" count="9" type="stmt"/>
      </file>
      <file name="user.ts" path="C:\Users\pasie\OneDrive\Dokumenty\GO-IT\TESTOWE PROJEKTY\SO YUMMY\SO-YUMMY-APP-BACKEND\src\schemas\user.ts">
        <metrics statements="6" coveredstatements="6" conditionals="0" coveredconditionals="0" methods="0" coveredmethods="0"/>
        <line num="1" count="9" type="stmt"/>
        <line num="3" count="9" type="stmt"/>
        <line num="21" count="9" type="stmt"/>
        <line num="29" count="9" type="stmt"/>
        <line num="33" count="9" type="stmt"/>
        <line num="46" count="9" type="stmt"/>
      </file>
    </package>
    <package name="src.services">
      <metrics statements="120" coveredstatements="91" conditionals="1" coveredconditionals="0" methods="50" coveredmethods="38"/>
      <file name="favoriteRecipes.ts" path="C:\Users\pasie\OneDrive\Dokumenty\GO-IT\TESTOWE PROJEKTY\SO YUMMY\SO-YUMMY-APP-BACKEND\src\services\favoriteRecipes.ts">
        <metrics statements="13" coveredstatements="13" conditionals="0" coveredconditionals="0" methods="6" coveredmethods="6"/>
        <line num="2" count="9" type="stmt"/>
        <line num="4" count="9" type="stmt"/>
        <line num="8" count="2" type="stmt"/>
        <line num="9" count="2" type="stmt"/>
        <line num="13" count="1" type="stmt"/>
        <line num="17" count="1" type="stmt"/>
        <line num="20" count="9" type="stmt"/>
        <line num="23" count="3" type="stmt"/>
        <line num="24" count="3" type="stmt"/>
        <line num="31" count="9" type="stmt"/>
        <line num="34" count="3" type="stmt"/>
        <line num="35" count="3" type="stmt"/>
        <line num="42" count="9" type="stmt"/>
      </file>
      <file name="ingredients.ts" path="C:\Users\pasie\OneDrive\Dokumenty\GO-IT\TESTOWE PROJEKTY\SO YUMMY\SO-YUMMY-APP-BACKEND\src\services\ingredients.ts">
        <metrics statements="8" coveredstatements="8" conditionals="0" coveredconditionals="0" methods="6" coveredmethods="6"/>
        <line num="1" count="9" type="stmt"/>
        <line num="3" count="9" type="stmt"/>
        <line num="4" count="2" type="stmt"/>
        <line num="7" count="9" type="stmt"/>
        <line num="8" count="3" type="stmt"/>
        <line num="11" count="9" type="stmt"/>
        <line num="12" count="2" type="stmt"/>
        <line num="17" count="9" type="stmt"/>
      </file>
      <file name="ownRecipe.ts" path="C:\Users\pasie\OneDrive\Dokumenty\GO-IT\TESTOWE PROJEKTY\SO YUMMY\SO-YUMMY-APP-BACKEND\src\services\ownRecipe.ts">
        <metrics statements="12" coveredstatements="12" conditionals="0" coveredconditionals="0" methods="6" coveredmethods="6"/>
        <line num="2" count="9" type="stmt"/>
        <line num="4" count="9" type="stmt"/>
        <line num="8" count="4" type="stmt"/>
        <line num="9" count="4" type="stmt"/>
        <line num="11" count="4" type="stmt"/>
        <line num="12" count="4" type="stmt"/>
        <line num="14" count="3" type="stmt"/>
        <line num="17" count="9" type="stmt"/>
        <line num="18" count="2" type="stmt"/>
        <line num="21" count="9" type="stmt"/>
        <line num="22" count="3" type="stmt"/>
        <line num="25" count="9" type="stmt"/>
      </file>
      <file name="popularRecipe.ts" path="C:\Users\pasie\OneDrive\Dokumenty\GO-IT\TESTOWE PROJEKTY\SO YUMMY\SO-YUMMY-APP-BACKEND\src\services\popularRecipe.ts">
        <metrics statements="4" coveredstatements="4" conditionals="0" coveredconditionals="0" methods="2" coveredmethods="2"/>
        <line num="1" count="9" type="stmt"/>
        <line num="3" count="9" type="stmt"/>
        <line num="4" count="2" type="stmt"/>
        <line num="12" count="9" type="stmt"/>
      </file>
      <file name="recipe.ts" path="C:\Users\pasie\OneDrive\Dokumenty\GO-IT\TESTOWE PROJEKTY\SO YUMMY\SO-YUMMY-APP-BACKEND\src\services\recipe.ts">
        <metrics statements="30" coveredstatements="30" conditionals="0" coveredconditionals="0" methods="12" coveredmethods="12"/>
        <line num="1" count="9" type="stmt"/>
        <line num="3" count="9" type="stmt"/>
        <line num="6" count="9" type="stmt"/>
        <line num="10" count="5" type="stmt"/>
        <line num="11" count="5" type="stmt"/>
        <line num="12" count="5" type="stmt"/>
        <line num="13" count="4" type="stmt"/>
        <line num="15" count="4" type="stmt"/>
        <line num="18" count="9" type="stmt"/>
        <line num="19" count="3" type="stmt"/>
        <line num="32" count="3" type="stmt"/>
        <line num="44" count="9" type="stmt"/>
        <line num="45" count="3" type="stmt"/>
        <line num="46" count="2" type="stmt"/>
        <line num="47" count="4" type="stmt"/>
        <line num="48" count="5" type="stmt"/>
        <line num="49" count="2" type="stmt"/>
        <line num="52" count="9" type="stmt"/>
        <line num="56" count="3" type="stmt"/>
        <line num="57" count="3" type="stmt"/>
        <line num="59" count="3" type="stmt"/>
        <line num="60" count="2" type="stmt"/>
        <line num="62" count="2" type="stmt"/>
        <line num="65" count="9" type="stmt"/>
        <line num="66" count="3" type="stmt"/>
        <line num="70" count="9" type="stmt"/>
        <line num="71" count="9" type="stmt"/>
        <line num="72" count="9" type="stmt"/>
        <line num="73" count="9" type="stmt"/>
        <line num="74" count="9" type="stmt"/>
      </file>
      <file name="shoppingList.ts" path="C:\Users\pasie\OneDrive\Dokumenty\GO-IT\TESTOWE PROJEKTY\SO YUMMY\SO-YUMMY-APP-BACKEND\src\services\shoppingList.ts">
        <metrics statements="15" coveredstatements="14" conditionals="1" coveredconditionals="0" methods="6" coveredmethods="6"/>
        <line num="2" count="9" type="stmt"/>
        <line num="4" count="9" type="stmt"/>
        <line num="5" count="1" type="stmt"/>
        <line num="6" count="1" type="stmt"/>
        <line num="9" count="9" type="stmt"/>
        <line num="12" count="1" type="stmt"/>
        <line num="13" count="1" type="stmt"/>
        <line num="15" count="1" type="cond" truecount="0" falsecount="1"/>
        <line num="16" count="0" type="stmt"/>
        <line num="19" count="1" type="stmt"/>
        <line num="24" count="1" type="stmt"/>
        <line num="27" count="9" type="stmt"/>
        <line num="30" count="1" type="stmt"/>
        <line num="31" count="1" type="stmt"/>
        <line num="37" count="9" type="stmt"/>
      </file>
      <file name="subscribeServices.ts" path="C:\Users\pasie\OneDrive\Dokumenty\GO-IT\TESTOWE PROJEKTY\SO YUMMY\SO-YUMMY-APP-BACKEND\src\services\subscribeServices.ts">
        <metrics statements="14" coveredstatements="4" conditionals="0" coveredconditionals="0" methods="4" coveredmethods="0"/>
        <line num="1" count="9" type="stmt"/>
        <line num="9" count="9" type="stmt"/>
        <line num="11" count="0" type="stmt"/>
        <line num="12" count="0" type="stmt"/>
        <line num="13" count="0" type="stmt"/>
        <line num="15" count="0" type="stmt"/>
        <line num="16" count="0" type="stmt"/>
        <line num="20" count="9" type="stmt"/>
        <line num="23" count="0" type="stmt"/>
        <line num="24" count="0" type="stmt"/>
        <line num="25" count="0" type="stmt"/>
        <line num="30" count="0" type="stmt"/>
        <line num="31" count="0" type="stmt"/>
        <line num="35" count="9" type="stmt"/>
      </file>
      <file name="user.ts" path="C:\Users\pasie\OneDrive\Dokumenty\GO-IT\TESTOWE PROJEKTY\SO YUMMY\SO-YUMMY-APP-BACKEND\src\services\user.ts">
        <metrics statements="24" coveredstatements="6" conditionals="0" coveredconditionals="0" methods="8" coveredmethods="0"/>
        <line num="1" count="9" type="stmt"/>
        <line num="10" count="9" type="stmt"/>
        <line num="11" count="0" type="stmt"/>
        <line num="12" count="0" type="stmt"/>
        <line num="14" count="0" type="stmt"/>
        <line num="15" count="0" type="stmt"/>
        <line num="19" count="9" type="stmt"/>
        <line num="31" count="0" type="stmt"/>
        <line num="32" count="0" type="stmt"/>
        <line num="33" count="0" type="stmt"/>
        <line num="41" count="0" type="stmt"/>
        <line num="42" count="0" type="stmt"/>
        <line num="46" count="9" type="stmt"/>
        <line num="47" count="0" type="stmt"/>
        <line num="49" count="0" type="stmt"/>
        <line num="51" count="0" type="stmt"/>
        <line num="52" count="0" type="stmt"/>
        <line num="56" count="9" type="stmt"/>
        <line num="59" count="0" type="stmt"/>
        <line num="61" count="0" type="stmt"/>
        <line num="62" count="0" type="stmt"/>
        <line num="64" count="0" type="stmt"/>
        <line num="65" count="0" type="stmt"/>
        <line num="69" count="9" type="stmt"/>
      </file>
    </package>
    <package name="src.utils">
      <metrics statements="26" coveredstatements="13" conditionals="12" coveredconditionals="1" methods="5" coveredmethods="1"/>
      <file name="emailService.ts" path="C:\Users\pasie\OneDrive\Dokumenty\GO-IT\TESTOWE PROJEKTY\SO YUMMY\SO-YUMMY-APP-BACKEND\src\utils\emailService.ts">
        <metrics statements="20" coveredstatements="7" conditionals="11" coveredconditionals="0" methods="4" coveredmethods="0"/>
        <line num="1" count="7" type="stmt"/>
        <line num="2" count="7" type="stmt"/>
        <line num="4" count="7" type="stmt"/>
        <line num="18" count="7" type="stmt"/>
        <line num="20" count="7" type="stmt"/>
        <line num="23" count="0" type="stmt"/>
        <line num="24" count="0" type="cond" truecount="0" falsecount="1"/>
        <line num="25" count="0" type="stmt"/>
        <line num="28" count="0" type="stmt"/>
        <line num="40" count="0" type="stmt"/>
        <line num="41" count="0" type="stmt"/>
        <line num="43" count="0" type="stmt"/>
        <line num="50" count="7" type="stmt"/>
        <line num="55" count="0" type="stmt"/>
        <line num="56" count="0" type="stmt"/>
        <line num="64" count="0" type="stmt"/>
        <line num="65" count="0" type="stmt"/>
        <line num="66" count="0" type="stmt"/>
        <line num="68" count="0" type="stmt"/>
        <line num="75" count="7" type="stmt"/>
      </file>
      <file name="handleErrors.ts" path="C:\Users\pasie\OneDrive\Dokumenty\GO-IT\TESTOWE PROJEKTY\SO YUMMY\SO-YUMMY-APP-BACKEND\src\utils\handleErrors.ts">
        <metrics statements="6" coveredstatements="6" conditionals="1" coveredconditionals="1" methods="1" coveredmethods="1"/>
        <line num="1" count="9" type="stmt"/>
        <line num="13" count="9" type="stmt"/>
        <line num="17" count="65" type="stmt"/>
        <line num="18" count="65" type="stmt"/>
        <line num="19" count="65" type="stmt"/>
        <line num="22" count="9" type="stmt"/>
      </file>
    </package>
  </project>
</coverage>
