{"C:\\Users\\pasie\\OneDrive\\Dokumenty\\GO-IT\\TESTOWE PROJEKTY\\SO YUMMY\\SO-YUMMY-APP-BACKEND\\src\\app.ts": {"path":"C:\\Users\\pasie\\OneDrive\\Dokumenty\\GO-IT\\TESTOWE PROJEKTY\\SO YUMMY\\SO-YUMMY-APP-BACKEND\\src\\app.ts","statementMap":{"0":{"start":{"line":1,"column":0},"end":{"line":1,"column":67}},"1":{"start":{"line":2,"column":0},"end":{"line":2,"column":24}},"2":{"start":{"line":3,"column":0},"end":{"line":3,"column":28}},"3":{"start":{"line":4,"column":0},"end":{"line":4,"column":43}},"4":{"start":{"line":5,"column":0},"end":{"line":5,"column":28}},"5":{"start":{"line":6,"column":0},"end":{"line":6,"column":43}},"6":{"start":{"line":7,"column":0},"end":{"line":7,"column":53}},"7":{"start":{"line":8,"column":0},"end":{"line":8,"column":47}},"8":{"start":{"line":9,"column":0},"end":{"line":9,"column":57}},"9":{"start":{"line":10,"column":0},"end":{"line":10,"column":55}},"10":{"start":{"line":11,"column":0},"end":{"line":11,"column":58}},"11":{"start":{"line":12,"column":0},"end":{"line":12,"column":62}},"12":{"start":{"line":13,"column":0},"end":{"line":13,"column":59}},"13":{"start":{"line":15,"column":0},"end":{"line":15,"column":58}},"14":{"start":{"line":17,"column":0},"end":{"line":17,"column":16}},"15":{"start":{"line":18,"column":0},"end":{"line":18,"column":36}},"16":{"start":{"line":20,"column":12},"end":{"line":20,"column":21}},"17":{"start":{"line":21,"column":24},"end":{"line":21,"column":50}},"18":{"start":{"line":22,"column":22},"end":{"line":22,"column":72}},"19":{"start":{"line":24,"column":2},"end":{"line":24,"column":78}},"20":{"start":{"line":26,"column":21},"end":{"line":26,"column":45}},"21":{"start":{"line":28,"column":0},"end":{"line":28,"column":31}},"22":{"start":{"line":30,"column":0},"end":{"line":30,"column":41}},"23":{"start":{"line":31,"column":0},"end":{"line":31,"column":63}},"24":{"start":{"line":33,"column":0},"end":{"line":33,"column":34}},"25":{"start":{"line":34,"column":23},"end":{"line":37,"column":2}},"26":{"start":{"line":39,"column":0},"end":{"line":53,"column":2}},"27":{"start":{"line":42,"column":6},"end":{"line":46,"column":7}},"28":{"start":{"line":43,"column":8},"end":{"line":43,"column":29}},"29":{"start":{"line":45,"column":8},"end":{"line":45,"column":51}},"30":{"start":{"line":56,"column":0},"end":{"line":64,"column":3}},"31":{"start":{"line":57,"column":2},"end":{"line":57,"column":49}},"32":{"start":{"line":58,"column":2},"end":{"line":58,"column":79}},"33":{"start":{"line":59,"column":2},"end":{"line":62,"column":4}},"34":{"start":{"line":63,"column":2},"end":{"line":63,"column":22}},"35":{"start":{"line":66,"column":0},"end":{"line":70,"column":2}},"36":{"start":{"line":71,"column":0},"end":{"line":71,"column":34}},"37":{"start":{"line":72,"column":0},"end":{"line":72,"column":43}},"38":{"start":{"line":73,"column":0},"end":{"line":73,"column":38}},"39":{"start":{"line":74,"column":0},"end":{"line":74,"column":47}},"40":{"start":{"line":75,"column":0},"end":{"line":75,"column":45}},"41":{"start":{"line":76,"column":0},"end":{"line":76,"column":41}},"42":{"start":{"line":77,"column":0},"end":{"line":77,"column":53}},"43":{"start":{"line":78,"column":0},"end":{"line":78,"column":50}},"44":{"start":{"line":80,"column":0},"end":{"line":82,"column":3}},"45":{"start":{"line":81,"column":2},"end":{"line":81,"column":31}},"46":{"start":{"line":84,"column":0},"end":{"line":86,"column":3}},"47":{"start":{"line":85,"column":2},"end":{"line":85,"column":42}},"48":{"start":{"line":88,"column":0},"end":{"line":92,"column":3}},"49":{"start":{"line":89,"column":17},"end":{"line":89,"column":36}},"50":{"start":{"line":90,"column":18},"end":{"line":90,"column":58}},"51":{"start":{"line":91,"column":2},"end":{"line":91,"column":46}},"52":{"start":{"line":94,"column":0},"end":{"line":94,"column":19}}},"fnMap":{"0":{"name":"(anonymous_1)","decl":{"start":{"line":41,"column":12},"end":{"line":41,"column":13}},"loc":{"start":{"line":41,"column":33},"end":{"line":47,"column":5}}},"1":{"name":"(anonymous_2)","decl":{"start":{"line":56,"column":17},"end":{"line":56,"column":18}},"loc":{"start":{"line":56,"column":49},"end":{"line":64,"column":1}}},"2":{"name":"(anonymous_3)","decl":{"start":{"line":80,"column":13},"end":{"line":80,"column":14}},"loc":{"start":{"line":80,"column":45},"end":{"line":82,"column":1}}},"3":{"name":"(anonymous_4)","decl":{"start":{"line":84,"column":8},"end":{"line":84,"column":9}},"loc":{"start":{"line":84,"column":70},"end":{"line":86,"column":1}}},"4":{"name":"(anonymous_5)","decl":{"start":{"line":88,"column":8},"end":{"line":88,"column":9}},"loc":{"start":{"line":88,"column":72},"end":{"line":92,"column":1}}}},"branchMap":{"0":{"loc":{"start":{"line":22,"column":22},"end":{"line":22,"column":72}},"type":"cond-expr","locations":[{"start":{"line":22,"column":57},"end":{"line":22,"column":62}},{"start":{"line":22,"column":65},"end":{"line":22,"column":72}}]},"1":{"loc":{"start":{"line":42,"column":6},"end":{"line":46,"column":7}},"type":"if","locations":[{"start":{"line":42,"column":6},"end":{"line":46,"column":7}},{"start":{"line":44,"column":13},"end":{"line":46,"column":7}}]},"2":{"loc":{"start":{"line":42,"column":10},"end":{"line":42,"column":52}},"type":"binary-expr","locations":[{"start":{"line":42,"column":10},"end":{"line":42,"column":17}},{"start":{"line":42,"column":21},"end":{"line":42,"column":52}}]},"3":{"loc":{"start":{"line":89,"column":17},"end":{"line":89,"column":36}},"type":"binary-expr","locations":[{"start":{"line":89,"column":17},"end":{"line":89,"column":29}},{"start":{"line":89,"column":33},"end":{"line":89,"column":36}}]},"4":{"loc":{"start":{"line":90,"column":18},"end":{"line":90,"column":58}},"type":"binary-expr","locations":[{"start":{"line":90,"column":18},"end":{"line":90,"column":31}},{"start":{"line":90,"column":35},"end":{"line":90,"column":58}}]}},"s":{"0":6,"1":6,"2":6,"3":6,"4":6,"5":6,"6":6,"7":6,"8":6,"9":6,"10":6,"11":6,"12":6,"13":6,"14":6,"15":6,"16":6,"17":6,"18":6,"19":6,"20":6,"21":6,"22":6,"23":6,"24":6,"25":6,"26":6,"27":94,"28":93,"29":1,"30":6,"31":0,"32":0,"33":0,"34":0,"35":6,"36":6,"37":6,"38":6,"39":6,"40":6,"41":6,"42":6,"43":6,"44":6,"45":1,"46":6,"47":61,"48":6,"49":59,"50":59,"51":59,"52":6},"f":{"0":94,"1":0,"2":1,"3":61,"4":59},"b":{"0":[0,6],"1":[93,1],"2":[94,2],"3":[59,5],"4":[59,0]}}
,"C:\\Users\\pasie\\OneDrive\\Dokumenty\\GO-IT\\TESTOWE PROJEKTY\\SO YUMMY\\SO-YUMMY-APP-BACKEND\\src\\config\\passport-config.ts": {"path":"C:\\Users\\pasie\\OneDrive\\Dokumenty\\GO-IT\\TESTOWE PROJEKTY\\SO YUMMY\\SO-YUMMY-APP-BACKEND\\src\\config\\passport-config.ts","statementMap":{"0":{"start":{"line":1,"column":0},"end":{"line":1,"column":32}},"1":{"start":{"line":2,"column":0},"end":{"line":2,"column":39}},"2":{"start":{"line":4,"column":0},"end":{"line":4,"column":38}},"3":{"start":{"line":5,"column":0},"end":{"line":5,"column":28}},"4":{"start":{"line":7,"column":0},"end":{"line":7,"column":16}},"5":{"start":{"line":9,"column":15},"end":{"line":9,"column":33}},"6":{"start":{"line":11,"column":0},"end":{"line":13,"column":1}},"7":{"start":{"line":12,"column":2},"end":{"line":12,"column":64}},"8":{"start":{"line":15,"column":19},"end":{"line":15,"column":41}},"9":{"start":{"line":16,"column":17},"end":{"line":16,"column":37}},"10":{"start":{"line":17,"column":15},"end":{"line":20,"column":2}},"11":{"start":{"line":22,"column":0},"end":{"line":40,"column":2}},"12":{"start":{"line":28,"column":8},"end":{"line":38,"column":null}},"13":{"start":{"line":29,"column":6},"end":{"line":37,"column":7}},"14":{"start":{"line":30,"column":21},"end":{"line":30,"column":60}},"15":{"start":{"line":31,"column":8},"end":{"line":33,"column":9}},"16":{"start":{"line":32,"column":10},"end":{"line":32,"column":66}},"17":{"start":{"line":34,"column":8},"end":{"line":34,"column":32}},"18":{"start":{"line":36,"column":8},"end":{"line":36,"column":32}},"19":{"start":{"line":42,"column":0},"end":{"line":42,"column":24}}},"fnMap":{"0":{"name":"(anonymous_8)","decl":{"start":{"line":25,"column":4},"end":{"line":25,"column":null}},"loc":{"start":{"line":28,"column":8},"end":{"line":38,"column":null}}},"1":{"name":"(anonymous_9)","decl":{"start":{"line":28,"column":8},"end":{"line":28,"column":null}},"loc":{"start":{"line":28,"column":8},"end":{"line":38,"column":5}}}},"branchMap":{"0":{"loc":{"start":{"line":11,"column":0},"end":{"line":13,"column":1}},"type":"if","locations":[{"start":{"line":11,"column":0},"end":{"line":13,"column":1}}]},"1":{"loc":{"start":{"line":31,"column":8},"end":{"line":33,"column":9}},"type":"if","locations":[{"start":{"line":31,"column":8},"end":{"line":33,"column":9}}]}},"s":{"0":6,"1":6,"2":6,"3":6,"4":6,"5":6,"6":6,"7":0,"8":6,"9":6,"10":6,"11":6,"12":55,"13":55,"14":55,"15":55,"16":0,"17":55,"18":0,"19":6},"f":{"0":55,"1":55},"b":{"0":[0],"1":[0]}}
,"C:\\Users\\pasie\\OneDrive\\Dokumenty\\GO-IT\\TESTOWE PROJEKTY\\SO YUMMY\\SO-YUMMY-APP-BACKEND\\src\\controller\\favoriteRecipes.ts": {"path":"C:\\Users\\pasie\\OneDrive\\Dokumenty\\GO-IT\\TESTOWE PROJEKTY\\SO YUMMY\\SO-YUMMY-APP-BACKEND\\src\\controller\\favoriteRecipes.ts","statementMap":{"0":{"start":{"line":2,"column":0},"end":{"line":2,"column":38}},"1":{"start":{"line":3,"column":0},"end":{"line":3,"column":48}},"2":{"start":{"line":6,"column":21},"end":{"line":37,"column":2}},"3":{"start":{"line":6,"column":94},"end":{"line":37,"column":2}},"4":{"start":{"line":7,"column":2},"end":{"line":36,"column":3}},"5":{"start":{"line":8,"column":20},"end":{"line":8,"column":42}},"6":{"start":{"line":9,"column":4},"end":{"line":11,"column":5}},"7":{"start":{"line":10,"column":6},"end":{"line":10,"column":52}},"8":{"start":{"line":13,"column":34},"end":{"line":13,"column":43}},"9":{"start":{"line":14,"column":23},"end":{"line":14,"column":51}},"10":{"start":{"line":15,"column":24},"end":{"line":15,"column":53}},"11":{"start":{"line":16,"column":17},"end":{"line":16,"column":47}},"12":{"start":{"line":18,"column":28},"end":{"line":20,"column":25}},"13":{"start":{"line":22,"column":34},"end":{"line":24,"column":6}},"14":{"start":{"line":26,"column":4},"end":{"line":33,"column":7}},"15":{"start":{"line":35,"column":4},"end":{"line":35,"column":53}},"16":{"start":{"line":96,"column":2},"end":{"line":96,"column":14}},"17":{"start":{"line":39,"column":23},"end":{"line":67,"column":2}},"18":{"start":{"line":39,"column":96},"end":{"line":67,"column":2}},"19":{"start":{"line":40,"column":2},"end":{"line":66,"column":3}},"20":{"start":{"line":41,"column":25},"end":{"line":41,"column":35}},"21":{"start":{"line":42,"column":20},"end":{"line":42,"column":42}},"22":{"start":{"line":43,"column":4},"end":{"line":45,"column":5}},"23":{"start":{"line":44,"column":6},"end":{"line":44,"column":52}},"24":{"start":{"line":47,"column":19},"end":{"line":50,"column":null}},"25":{"start":{"line":53,"column":4},"end":{"line":55,"column":5}},"26":{"start":{"line":54,"column":6},"end":{"line":54,"column":56}},"27":{"start":{"line":57,"column":4},"end":{"line":63,"column":7}},"28":{"start":{"line":65,"column":4},"end":{"line":65,"column":53}},"29":{"start":{"line":94,"column":2},"end":{"line":94,"column":16}},"30":{"start":{"line":69,"column":27},"end":{"line":91,"column":2}},"31":{"start":{"line":69,"column":100},"end":{"line":91,"column":2}},"32":{"start":{"line":70,"column":2},"end":{"line":90,"column":3}},"33":{"start":{"line":71,"column":25},"end":{"line":71,"column":35}},"34":{"start":{"line":72,"column":20},"end":{"line":72,"column":42}},"35":{"start":{"line":73,"column":4},"end":{"line":75,"column":5}},"36":{"start":{"line":74,"column":6},"end":{"line":74,"column":52}},"37":{"start":{"line":77,"column":19},"end":{"line":80,"column":null}},"38":{"start":{"line":83,"column":4},"end":{"line":85,"column":5}},"39":{"start":{"line":84,"column":6},"end":{"line":84,"column":56}},"40":{"start":{"line":87,"column":4},"end":{"line":87,"column":77}},"41":{"start":{"line":89,"column":4},"end":{"line":89,"column":53}},"42":{"start":{"line":95,"column":2},"end":{"line":95,"column":20}}},"fnMap":{"0":{"name":"(anonymous_8)","decl":{"start":{"line":6,"column":21},"end":{"line":6,"column":28}},"loc":{"start":{"line":6,"column":94},"end":{"line":37,"column":2}}},"1":{"name":"(anonymous_9)","decl":{"start":{"line":6,"column":94},"end":{"line":6,"column":null}},"loc":{"start":{"line":6,"column":94},"end":{"line":37,"column":1}}},"2":{"name":"(anonymous_10)","decl":{"start":{"line":39,"column":23},"end":{"line":39,"column":30}},"loc":{"start":{"line":39,"column":96},"end":{"line":67,"column":2}}},"3":{"name":"(anonymous_11)","decl":{"start":{"line":39,"column":96},"end":{"line":39,"column":null}},"loc":{"start":{"line":39,"column":96},"end":{"line":67,"column":1}}},"4":{"name":"(anonymous_12)","decl":{"start":{"line":69,"column":27},"end":{"line":69,"column":34}},"loc":{"start":{"line":69,"column":100},"end":{"line":91,"column":2}}},"5":{"name":"(anonymous_13)","decl":{"start":{"line":69,"column":100},"end":{"line":69,"column":null}},"loc":{"start":{"line":69,"column":100},"end":{"line":91,"column":1}}}},"branchMap":{"0":{"loc":{"start":{"line":9,"column":4},"end":{"line":11,"column":5}},"type":"if","locations":[{"start":{"line":9,"column":4},"end":{"line":11,"column":5}}]},"1":{"loc":{"start":{"line":13,"column":10},"end":{"line":13,"column":18}},"type":"default-arg","locations":[{"start":{"line":13,"column":17},"end":{"line":13,"column":18}}]},"2":{"loc":{"start":{"line":13,"column":20},"end":{"line":13,"column":29}},"type":"default-arg","locations":[{"start":{"line":13,"column":28},"end":{"line":13,"column":29}}]},"3":{"loc":{"start":{"line":43,"column":4},"end":{"line":45,"column":5}},"type":"if","locations":[{"start":{"line":43,"column":4},"end":{"line":45,"column":5}}]},"4":{"loc":{"start":{"line":53,"column":4},"end":{"line":55,"column":5}},"type":"if","locations":[{"start":{"line":53,"column":4},"end":{"line":55,"column":5}}]},"5":{"loc":{"start":{"line":73,"column":4},"end":{"line":75,"column":5}},"type":"if","locations":[{"start":{"line":73,"column":4},"end":{"line":75,"column":5}}]},"6":{"loc":{"start":{"line":83,"column":4},"end":{"line":85,"column":5}},"type":"if","locations":[{"start":{"line":83,"column":4},"end":{"line":85,"column":5}}]}},"s":{"0":6,"1":6,"2":6,"3":0,"4":0,"5":0,"6":0,"7":0,"8":0,"9":0,"10":0,"11":0,"12":0,"13":0,"14":0,"15":0,"16":6,"17":6,"18":0,"19":0,"20":0,"21":0,"22":0,"23":0,"24":0,"25":0,"26":0,"27":0,"28":0,"29":6,"30":6,"31":0,"32":0,"33":0,"34":0,"35":0,"36":0,"37":0,"38":0,"39":0,"40":0,"41":0,"42":6},"f":{"0":0,"1":0,"2":0,"3":0,"4":0,"5":0},"b":{"0":[0],"1":[0],"2":[0],"3":[0],"4":[0],"5":[0],"6":[0]}}
,"C:\\Users\\pasie\\OneDrive\\Dokumenty\\GO-IT\\TESTOWE PROJEKTY\\SO YUMMY\\SO-YUMMY-APP-BACKEND\\src\\controller\\ingredients.ts": {"path":"C:\\Users\\pasie\\OneDrive\\Dokumenty\\GO-IT\\TESTOWE PROJEKTY\\SO YUMMY\\SO-YUMMY-APP-BACKEND\\src\\controller\\ingredients.ts","statementMap":{"0":{"start":{"line":2,"column":0},"end":{"line":2,"column":46}},"1":{"start":{"line":3,"column":0},"end":{"line":3,"column":48}},"2":{"start":{"line":5,"column":26},"end":{"line":23,"column":2}},"3":{"start":{"line":9,"column":19},"end":{"line":23,"column":2}},"4":{"start":{"line":10,"column":2},"end":{"line":22,"column":3}},"5":{"start":{"line":11,"column":24},"end":{"line":11,"column":47}},"6":{"start":{"line":13,"column":4},"end":{"line":19,"column":7}},"7":{"start":{"line":21,"column":4},"end":{"line":21,"column":53}},"8":{"start":{"line":51,"column":9},"end":{"line":51,"column":26}},"9":{"start":{"line":25,"column":26},"end":{"line":49,"column":2}},"10":{"start":{"line":29,"column":19},"end":{"line":49,"column":2}},"11":{"start":{"line":30,"column":2},"end":{"line":48,"column":3}},"12":{"start":{"line":31,"column":19},"end":{"line":31,"column":29}},"13":{"start":{"line":33,"column":23},"end":{"line":33,"column":52}},"14":{"start":{"line":35,"column":4},"end":{"line":37,"column":5}},"15":{"start":{"line":36,"column":6},"end":{"line":36,"column":60}},"16":{"start":{"line":39,"column":4},"end":{"line":45,"column":7}},"17":{"start":{"line":47,"column":4},"end":{"line":47,"column":53}},"18":{"start":{"line":51,"column":28},"end":{"line":51,"column":45}}},"fnMap":{"0":{"name":"(anonymous_8)","decl":{"start":{"line":5,"column":26},"end":{"line":5,"column":null}},"loc":{"start":{"line":9,"column":19},"end":{"line":23,"column":2}}},"1":{"name":"(anonymous_9)","decl":{"start":{"line":9,"column":19},"end":{"line":9,"column":null}},"loc":{"start":{"line":9,"column":19},"end":{"line":23,"column":1}}},"2":{"name":"(anonymous_10)","decl":{"start":{"line":25,"column":26},"end":{"line":25,"column":null}},"loc":{"start":{"line":29,"column":19},"end":{"line":49,"column":2}}},"3":{"name":"(anonymous_11)","decl":{"start":{"line":29,"column":19},"end":{"line":29,"column":null}},"loc":{"start":{"line":29,"column":19},"end":{"line":49,"column":1}}}},"branchMap":{"0":{"loc":{"start":{"line":35,"column":4},"end":{"line":37,"column":5}},"type":"if","locations":[{"start":{"line":35,"column":4},"end":{"line":37,"column":5}}]}},"s":{"0":6,"1":6,"2":6,"3":2,"4":2,"5":2,"6":1,"7":1,"8":6,"9":6,"10":3,"11":3,"12":3,"13":3,"14":2,"15":1,"16":1,"17":1,"18":6},"f":{"0":2,"1":2,"2":3,"3":3},"b":{"0":[1]}}
,"C:\\Users\\pasie\\OneDrive\\Dokumenty\\GO-IT\\TESTOWE PROJEKTY\\SO YUMMY\\SO-YUMMY-APP-BACKEND\\src\\controller\\ownRecipe.ts": {"path":"C:\\Users\\pasie\\OneDrive\\Dokumenty\\GO-IT\\TESTOWE PROJEKTY\\SO YUMMY\\SO-YUMMY-APP-BACKEND\\src\\controller\\ownRecipe.ts","statementMap":{"0":{"start":{"line":2,"column":0},"end":{"line":2,"column":38}},"1":{"start":{"line":3,"column":0},"end":{"line":3,"column":48}},"2":{"start":{"line":6,"column":22},"end":{"line":57,"column":2}},"3":{"start":{"line":10,"column":19},"end":{"line":57,"column":2}},"4":{"start":{"line":11,"column":2},"end":{"line":56,"column":3}},"5":{"start":{"line":12,"column":20},"end":{"line":12,"column":42}},"6":{"start":{"line":14,"column":34},"end":{"line":14,"column":43}},"7":{"start":{"line":15,"column":23},"end":{"line":15,"column":51}},"8":{"start":{"line":16,"column":24},"end":{"line":16,"column":53}},"9":{"start":{"line":18,"column":4},"end":{"line":25,"column":5}},"10":{"start":{"line":24,"column":6},"end":{"line":24,"column":69}},"11":{"start":{"line":26,"column":17},"end":{"line":26,"column":47}},"12":{"start":{"line":28,"column":28},"end":{"line":28,"column":74}},"13":{"start":{"line":30,"column":4},"end":{"line":32,"column":5}},"14":{"start":{"line":31,"column":6},"end":{"line":31,"column":61}},"15":{"start":{"line":34,"column":23},"end":{"line":34,"column":63}},"16":{"start":{"line":36,"column":4},"end":{"line":40,"column":5}},"17":{"start":{"line":37,"column":6},"end":{"line":39,"column":8}},"18":{"start":{"line":42,"column":23},"end":{"line":44,"column":25}},"19":{"start":{"line":46,"column":4},"end":{"line":53,"column":7}},"20":{"start":{"line":55,"column":4},"end":{"line":55,"column":53}},"21":{"start":{"line":105,"column":9},"end":{"line":105,"column":22}},"22":{"start":{"line":59,"column":21},"end":{"line":82,"column":2}},"23":{"start":{"line":63,"column":19},"end":{"line":82,"column":2}},"24":{"start":{"line":64,"column":2},"end":{"line":81,"column":3}},"25":{"start":{"line":65,"column":20},"end":{"line":65,"column":42}},"26":{"start":{"line":67,"column":22},"end":{"line":69,"column":null}},"27":{"start":{"line":72,"column":4},"end":{"line":78,"column":7}},"28":{"start":{"line":80,"column":4},"end":{"line":80,"column":53}},"29":{"start":{"line":105,"column":24},"end":{"line":105,"column":36}},"30":{"start":{"line":84,"column":24},"end":{"line":103,"column":2}},"31":{"start":{"line":88,"column":19},"end":{"line":103,"column":2}},"32":{"start":{"line":89,"column":2},"end":{"line":102,"column":3}},"33":{"start":{"line":90,"column":25},"end":{"line":90,"column":35}},"34":{"start":{"line":91,"column":19},"end":{"line":91,"column":59}},"35":{"start":{"line":92,"column":4},"end":{"line":94,"column":5}},"36":{"start":{"line":93,"column":6},"end":{"line":93,"column":59}},"37":{"start":{"line":95,"column":4},"end":{"line":99,"column":7}},"38":{"start":{"line":101,"column":4},"end":{"line":101,"column":53}},"39":{"start":{"line":105,"column":38},"end":{"line":105,"column":53}}},"fnMap":{"0":{"name":"(anonymous_8)","decl":{"start":{"line":6,"column":22},"end":{"line":6,"column":null}},"loc":{"start":{"line":10,"column":19},"end":{"line":57,"column":2}}},"1":{"name":"(anonymous_9)","decl":{"start":{"line":10,"column":19},"end":{"line":10,"column":null}},"loc":{"start":{"line":10,"column":19},"end":{"line":57,"column":1}}},"2":{"name":"(anonymous_10)","decl":{"start":{"line":59,"column":21},"end":{"line":59,"column":null}},"loc":{"start":{"line":63,"column":19},"end":{"line":82,"column":2}}},"3":{"name":"(anonymous_11)","decl":{"start":{"line":63,"column":19},"end":{"line":63,"column":null}},"loc":{"start":{"line":63,"column":19},"end":{"line":82,"column":1}}},"4":{"name":"(anonymous_12)","decl":{"start":{"line":84,"column":24},"end":{"line":84,"column":null}},"loc":{"start":{"line":88,"column":19},"end":{"line":103,"column":2}}},"5":{"name":"(anonymous_13)","decl":{"start":{"line":88,"column":19},"end":{"line":88,"column":null}},"loc":{"start":{"line":88,"column":19},"end":{"line":103,"column":1}}}},"branchMap":{"0":{"loc":{"start":{"line":14,"column":10},"end":{"line":14,"column":18}},"type":"default-arg","locations":[{"start":{"line":14,"column":17},"end":{"line":14,"column":18}}]},"1":{"loc":{"start":{"line":14,"column":20},"end":{"line":14,"column":29}},"type":"default-arg","locations":[{"start":{"line":14,"column":28},"end":{"line":14,"column":29}}]},"2":{"loc":{"start":{"line":18,"column":4},"end":{"line":25,"column":5}},"type":"if","locations":[{"start":{"line":18,"column":4},"end":{"line":25,"column":5}}]},"3":{"loc":{"start":{"line":19,"column":6},"end":{"line":22,"column":21}},"type":"binary-expr","locations":[{"start":{"line":19,"column":6},"end":{"line":19,"column":23}},{"start":{"line":20,"column":6},"end":{"line":20,"column":24}},{"start":{"line":21,"column":6},"end":{"line":21,"column":20}},{"start":{"line":22,"column":6},"end":{"line":22,"column":21}}]},"4":{"loc":{"start":{"line":30,"column":4},"end":{"line":32,"column":5}},"type":"if","locations":[{"start":{"line":30,"column":4},"end":{"line":32,"column":5}}]},"5":{"loc":{"start":{"line":36,"column":4},"end":{"line":40,"column":5}},"type":"if","locations":[{"start":{"line":36,"column":4},"end":{"line":40,"column":5}}]},"6":{"loc":{"start":{"line":92,"column":4},"end":{"line":94,"column":5}},"type":"if","locations":[{"start":{"line":92,"column":4},"end":{"line":94,"column":5}}]}},"s":{"0":6,"1":6,"2":6,"3":7,"4":7,"5":7,"6":7,"7":7,"8":7,"9":7,"10":3,"11":4,"12":4,"13":4,"14":1,"15":3,"16":3,"17":1,"18":2,"19":1,"20":1,"21":6,"22":6,"23":2,"24":2,"25":2,"26":2,"27":1,"28":1,"29":6,"30":6,"31":3,"32":3,"33":3,"34":3,"35":2,"36":1,"37":1,"38":1,"39":6},"f":{"0":7,"1":7,"2":2,"3":2,"4":3,"5":3},"b":{"0":[3],"1":[3],"2":[3],"3":[7,6,6,5],"4":[1],"5":[1],"6":[1]}}
,"C:\\Users\\pasie\\OneDrive\\Dokumenty\\GO-IT\\TESTOWE PROJEKTY\\SO YUMMY\\SO-YUMMY-APP-BACKEND\\src\\controller\\popularRecipe.ts": {"path":"C:\\Users\\pasie\\OneDrive\\Dokumenty\\GO-IT\\TESTOWE PROJEKTY\\SO YUMMY\\SO-YUMMY-APP-BACKEND\\src\\controller\\popularRecipe.ts","statementMap":{"0":{"start":{"line":2,"column":0},"end":{"line":2,"column":38}},"1":{"start":{"line":4,"column":26},"end":{"line":22,"column":2}},"2":{"start":{"line":4,"column":99},"end":{"line":22,"column":2}},"3":{"start":{"line":5,"column":2},"end":{"line":21,"column":3}},"4":{"start":{"line":6,"column":18},"end":{"line":6,"column":46}},"5":{"start":{"line":7,"column":27},"end":{"line":11,"column":6}},"6":{"start":{"line":13,"column":4},"end":{"line":15,"column":7}},"7":{"start":{"line":17,"column":4},"end":{"line":20,"column":7}},"8":{"start":{"line":25,"column":2},"end":{"line":25,"column":19}}},"fnMap":{"0":{"name":"(anonymous_8)","decl":{"start":{"line":4,"column":26},"end":{"line":4,"column":33}},"loc":{"start":{"line":4,"column":99},"end":{"line":22,"column":2}}},"1":{"name":"(anonymous_9)","decl":{"start":{"line":4,"column":99},"end":{"line":4,"column":null}},"loc":{"start":{"line":4,"column":99},"end":{"line":22,"column":1}}}},"branchMap":{"0":{"loc":{"start":{"line":6,"column":18},"end":{"line":6,"column":46}},"type":"binary-expr","locations":[{"start":{"line":6,"column":18},"end":{"line":6,"column":41}},{"start":{"line":6,"column":45},"end":{"line":6,"column":46}}]}},"s":{"0":6,"1":6,"2":0,"3":0,"4":0,"5":0,"6":0,"7":0,"8":6},"f":{"0":0,"1":0},"b":{"0":[0,0]}}
,"C:\\Users\\pasie\\OneDrive\\Dokumenty\\GO-IT\\TESTOWE PROJEKTY\\SO YUMMY\\SO-YUMMY-APP-BACKEND\\src\\controller\\recipe.ts": {"path":"C:\\Users\\pasie\\OneDrive\\Dokumenty\\GO-IT\\TESTOWE PROJEKTY\\SO YUMMY\\SO-YUMMY-APP-BACKEND\\src\\controller\\recipe.ts","statementMap":{"0":{"start":{"line":2,"column":0},"end":{"line":2,"column":42}},"1":{"start":{"line":3,"column":0},"end":{"line":3,"column":46}},"2":{"start":{"line":4,"column":0},"end":{"line":4,"column":38}},"3":{"start":{"line":5,"column":0},"end":{"line":5,"column":48}},"4":{"start":{"line":7,"column":19},"end":{"line":46,"column":2}},"5":{"start":{"line":11,"column":19},"end":{"line":46,"column":2}},"6":{"start":{"line":12,"column":2},"end":{"line":45,"column":3}},"7":{"start":{"line":13,"column":25},"end":{"line":13,"column":27}},"8":{"start":{"line":14,"column":55},"end":{"line":14,"column":64}},"9":{"start":{"line":15,"column":17},"end":{"line":15,"column":51}},"10":{"start":{"line":17,"column":4},"end":{"line":30,"column":5}},"11":{"start":{"line":18,"column":6},"end":{"line":18,"column":55}},"12":{"start":{"line":19,"column":11},"end":{"line":30,"column":5}},"13":{"start":{"line":20,"column":18},"end":{"line":22,"column":8}},"14":{"start":{"line":23,"column":6},"end":{"line":25,"column":7}},"15":{"start":{"line":24,"column":8},"end":{"line":24,"column":62}},"16":{"start":{"line":26,"column":20},"end":{"line":26,"column":27}},"17":{"start":{"line":27,"column":6},"end":{"line":29,"column":8}},"18":{"start":{"line":32,"column":19},"end":{"line":32,"column":77}},"19":{"start":{"line":33,"column":25},"end":{"line":33,"column":61}},"20":{"start":{"line":35,"column":4},"end":{"line":42,"column":7}},"21":{"start":{"line":44,"column":4},"end":{"line":44,"column":53}},"22":{"start":{"line":177,"column":2},"end":{"line":177,"column":12}},"23":{"start":{"line":48,"column":35},"end":{"line":92,"column":2}},"24":{"start":{"line":52,"column":19},"end":{"line":92,"column":2}},"25":{"start":{"line":53,"column":2},"end":{"line":91,"column":3}},"26":{"start":{"line":54,"column":26},"end":{"line":54,"column":35}},"27":{"start":{"line":55,"column":20},"end":{"line":66,"column":6}},"28":{"start":{"line":68,"column":19},"end":{"line":80,"column":6}},"29":{"start":{"line":82,"column":4},"end":{"line":88,"column":7}},"30":{"start":{"line":90,"column":4},"end":{"line":90,"column":53}},"31":{"start":{"line":178,"column":2},"end":{"line":178,"column":28}},"32":{"start":{"line":94,"column":26},"end":{"line":115,"column":2}},"33":{"start":{"line":98,"column":19},"end":{"line":115,"column":2}},"34":{"start":{"line":99,"column":2},"end":{"line":114,"column":3}},"35":{"start":{"line":100,"column":23},"end":{"line":100,"column":44}},"36":{"start":{"line":101,"column":19},"end":{"line":103,"column":41}},"37":{"start":{"line":102,"column":20},"end":{"line":102,"column":29}},"38":{"start":{"line":103,"column":22},"end":{"line":103,"column":40}},"39":{"start":{"line":105,"column":4},"end":{"line":111,"column":7}},"40":{"start":{"line":113,"column":4},"end":{"line":113,"column":53}},"41":{"start":{"line":179,"column":2},"end":{"line":179,"column":19}},"42":{"start":{"line":117,"column":29},"end":{"line":149,"column":2}},"43":{"start":{"line":121,"column":19},"end":{"line":149,"column":2}},"44":{"start":{"line":122,"column":2},"end":{"line":148,"column":3}},"45":{"start":{"line":123,"column":25},"end":{"line":123,"column":35}},"46":{"start":{"line":124,"column":34},"end":{"line":124,"column":43}},"47":{"start":{"line":125,"column":23},"end":{"line":125,"column":51}},"48":{"start":{"line":126,"column":24},"end":{"line":126,"column":53}},"49":{"start":{"line":127,"column":17},"end":{"line":127,"column":47}},"50":{"start":{"line":129,"column":19},"end":{"line":131,"column":25}},"51":{"start":{"line":132,"column":18},"end":{"line":132,"column":59}},"52":{"start":{"line":134,"column":4},"end":{"line":136,"column":5}},"53":{"start":{"line":135,"column":6},"end":{"line":135,"column":74}},"54":{"start":{"line":138,"column":4},"end":{"line":145,"column":7}},"55":{"start":{"line":147,"column":4},"end":{"line":147,"column":53}},"56":{"start":{"line":180,"column":2},"end":{"line":180,"column":22}},"57":{"start":{"line":151,"column":22},"end":{"line":174,"column":2}},"58":{"start":{"line":155,"column":19},"end":{"line":174,"column":2}},"59":{"start":{"line":156,"column":2},"end":{"line":173,"column":3}},"60":{"start":{"line":157,"column":19},"end":{"line":157,"column":29}},"61":{"start":{"line":158,"column":19},"end":{"line":158,"column":44}},"62":{"start":{"line":160,"column":4},"end":{"line":162,"column":5}},"63":{"start":{"line":161,"column":6},"end":{"line":161,"column":56}},"64":{"start":{"line":164,"column":4},"end":{"line":170,"column":7}},"65":{"start":{"line":172,"column":4},"end":{"line":172,"column":53}},"66":{"start":{"line":181,"column":2},"end":{"line":181,"column":15}}},"fnMap":{"0":{"name":"(anonymous_8)","decl":{"start":{"line":7,"column":19},"end":{"line":7,"column":null}},"loc":{"start":{"line":11,"column":19},"end":{"line":46,"column":2}}},"1":{"name":"(anonymous_9)","decl":{"start":{"line":11,"column":19},"end":{"line":11,"column":null}},"loc":{"start":{"line":11,"column":19},"end":{"line":46,"column":1}}},"2":{"name":"(anonymous_10)","decl":{"start":{"line":48,"column":35},"end":{"line":48,"column":null}},"loc":{"start":{"line":52,"column":19},"end":{"line":92,"column":2}}},"3":{"name":"(anonymous_11)","decl":{"start":{"line":52,"column":19},"end":{"line":52,"column":null}},"loc":{"start":{"line":52,"column":19},"end":{"line":92,"column":1}}},"4":{"name":"(anonymous_12)","decl":{"start":{"line":94,"column":26},"end":{"line":94,"column":null}},"loc":{"start":{"line":98,"column":19},"end":{"line":115,"column":2}}},"5":{"name":"(anonymous_13)","decl":{"start":{"line":98,"column":19},"end":{"line":98,"column":null}},"loc":{"start":{"line":98,"column":19},"end":{"line":115,"column":1}}},"6":{"name":"(anonymous_14)","decl":{"start":{"line":102,"column":11},"end":{"line":102,"column":12}},"loc":{"start":{"line":102,"column":20},"end":{"line":102,"column":29}}},"7":{"name":"(anonymous_15)","decl":{"start":{"line":103,"column":12},"end":{"line":103,"column":13}},"loc":{"start":{"line":103,"column":22},"end":{"line":103,"column":40}}},"8":{"name":"(anonymous_16)","decl":{"start":{"line":117,"column":29},"end":{"line":117,"column":null}},"loc":{"start":{"line":121,"column":19},"end":{"line":149,"column":2}}},"9":{"name":"(anonymous_17)","decl":{"start":{"line":121,"column":19},"end":{"line":121,"column":null}},"loc":{"start":{"line":121,"column":19},"end":{"line":149,"column":1}}},"10":{"name":"(anonymous_18)","decl":{"start":{"line":151,"column":22},"end":{"line":151,"column":null}},"loc":{"start":{"line":155,"column":19},"end":{"line":174,"column":2}}},"11":{"name":"(anonymous_19)","decl":{"start":{"line":155,"column":19},"end":{"line":155,"column":null}},"loc":{"start":{"line":155,"column":19},"end":{"line":174,"column":1}}}},"branchMap":{"0":{"loc":{"start":{"line":14,"column":31},"end":{"line":14,"column":39}},"type":"default-arg","locations":[{"start":{"line":14,"column":38},"end":{"line":14,"column":39}}]},"1":{"loc":{"start":{"line":14,"column":41},"end":{"line":14,"column":50}},"type":"default-arg","locations":[{"start":{"line":14,"column":49},"end":{"line":14,"column":50}}]},"2":{"loc":{"start":{"line":17,"column":4},"end":{"line":30,"column":5}},"type":"if","locations":[{"start":{"line":17,"column":4},"end":{"line":30,"column":5}},{"start":{"line":19,"column":11},"end":{"line":30,"column":5}}]},"3":{"loc":{"start":{"line":19,"column":11},"end":{"line":30,"column":5}},"type":"if","locations":[{"start":{"line":19,"column":11},"end":{"line":30,"column":5}}]},"4":{"loc":{"start":{"line":23,"column":6},"end":{"line":25,"column":7}},"type":"if","locations":[{"start":{"line":23,"column":6},"end":{"line":25,"column":7}}]},"5":{"loc":{"start":{"line":54,"column":12},"end":{"line":54,"column":21}},"type":"default-arg","locations":[{"start":{"line":54,"column":20},"end":{"line":54,"column":21}}]},"6":{"loc":{"start":{"line":124,"column":10},"end":{"line":124,"column":18}},"type":"default-arg","locations":[{"start":{"line":124,"column":17},"end":{"line":124,"column":18}}]},"7":{"loc":{"start":{"line":124,"column":20},"end":{"line":124,"column":29}},"type":"default-arg","locations":[{"start":{"line":124,"column":28},"end":{"line":124,"column":29}}]},"8":{"loc":{"start":{"line":134,"column":4},"end":{"line":136,"column":5}},"type":"if","locations":[{"start":{"line":134,"column":4},"end":{"line":136,"column":5}}]},"9":{"loc":{"start":{"line":160,"column":4},"end":{"line":162,"column":5}},"type":"if","locations":[{"start":{"line":160,"column":4},"end":{"line":162,"column":5}}]}},"s":{"0":6,"1":6,"2":6,"3":6,"4":6,"5":6,"6":6,"7":6,"8":6,"9":6,"10":6,"11":1,"12":5,"13":2,"14":2,"15":1,"16":1,"17":1,"18":5,"19":4,"20":4,"21":1,"22":6,"23":6,"24":3,"25":3,"26":3,"27":3,"28":3,"29":2,"30":1,"31":6,"32":6,"33":3,"34":3,"35":3,"36":2,"37":4,"38":5,"39":2,"40":1,"41":6,"42":6,"43":3,"44":3,"45":3,"46":3,"47":3,"48":3,"49":3,"50":3,"51":2,"52":2,"53":1,"54":1,"55":1,"56":6,"57":6,"58":3,"59":3,"60":3,"61":3,"62":2,"63":1,"64":1,"65":1,"66":6},"f":{"0":6,"1":6,"2":3,"3":3,"4":3,"5":3,"6":4,"7":5,"8":3,"9":3,"10":3,"11":3},"b":{"0":[5],"1":[5],"2":[1,5],"3":[2],"4":[1],"5":[1],"6":[3],"7":[3],"8":[1],"9":[1]}}
,"C:\\Users\\pasie\\OneDrive\\Dokumenty\\GO-IT\\TESTOWE PROJEKTY\\SO YUMMY\\SO-YUMMY-APP-BACKEND\\src\\controller\\shoppingList.ts": {"path":"C:\\Users\\pasie\\OneDrive\\Dokumenty\\GO-IT\\TESTOWE PROJEKTY\\SO YUMMY\\SO-YUMMY-APP-BACKEND\\src\\controller\\shoppingList.ts","statementMap":{"0":{"start":{"line":2,"column":0},"end":{"line":2,"column":50}},"1":{"start":{"line":3,"column":0},"end":{"line":3,"column":48}},"2":{"start":{"line":6,"column":24},"end":{"line":27,"column":2}},"3":{"start":{"line":10,"column":4},"end":{"line":27,"column":2}},"4":{"start":{"line":11,"column":2},"end":{"line":26,"column":3}},"5":{"start":{"line":12,"column":4},"end":{"line":14,"column":5}},"6":{"start":{"line":13,"column":6},"end":{"line":13,"column":52}},"7":{"start":{"line":15,"column":20},"end":{"line":15,"column":42}},"8":{"start":{"line":16,"column":25},"end":{"line":16,"column":63}},"9":{"start":{"line":18,"column":4},"end":{"line":20,"column":5}},"10":{"start":{"line":19,"column":6},"end":{"line":19,"column":36}},"11":{"start":{"line":22,"column":4},"end":{"line":22,"column":39}},"12":{"start":{"line":24,"column":16},"end":{"line":24,"column":30}},"13":{"start":{"line":25,"column":4},"end":{"line":25,"column":68}},"14":{"start":{"line":97,"column":9},"end":{"line":97,"column":24}},"15":{"start":{"line":29,"column":22},"end":{"line":64,"column":2}},"16":{"start":{"line":33,"column":4},"end":{"line":64,"column":2}},"17":{"start":{"line":34,"column":2},"end":{"line":63,"column":3}},"18":{"start":{"line":35,"column":4},"end":{"line":37,"column":5}},"19":{"start":{"line":36,"column":6},"end":{"line":36,"column":52}},"20":{"start":{"line":38,"column":59},"end":{"line":38,"column":67}},"21":{"start":{"line":39,"column":20},"end":{"line":39,"column":42}},"22":{"start":{"line":40,"column":23},"end":{"line":40,"column":61}},"23":{"start":{"line":42,"column":4},"end":{"line":44,"column":5}},"24":{"start":{"line":43,"column":6},"end":{"line":43,"column":61}},"25":{"start":{"line":46,"column":4},"end":{"line":49,"column":6}},"26":{"start":{"line":51,"column":4},"end":{"line":54,"column":7}},"27":{"start":{"line":56,"column":16},"end":{"line":56,"column":30}},"28":{"start":{"line":57,"column":4},"end":{"line":62,"column":6}},"29":{"start":{"line":97,"column":26},"end":{"line":97,"column":39}},"30":{"start":{"line":66,"column":25},"end":{"line":95,"column":2}},"31":{"start":{"line":70,"column":4},"end":{"line":95,"column":2}},"32":{"start":{"line":71,"column":2},"end":{"line":94,"column":3}},"33":{"start":{"line":72,"column":4},"end":{"line":74,"column":5}},"34":{"start":{"line":73,"column":6},"end":{"line":73,"column":52}},"35":{"start":{"line":75,"column":39},"end":{"line":75,"column":47}},"36":{"start":{"line":76,"column":20},"end":{"line":76,"column":42}},"37":{"start":{"line":78,"column":4},"end":{"line":81,"column":6}},"38":{"start":{"line":83,"column":4},"end":{"line":85,"column":7}},"39":{"start":{"line":87,"column":16},"end":{"line":87,"column":30}},"40":{"start":{"line":88,"column":4},"end":{"line":93,"column":6}},"41":{"start":{"line":97,"column":41},"end":{"line":97,"column":57}}},"fnMap":{"0":{"name":"(anonymous_8)","decl":{"start":{"line":6,"column":24},"end":{"line":6,"column":null}},"loc":{"start":{"line":10,"column":4},"end":{"line":27,"column":2}}},"1":{"name":"(anonymous_9)","decl":{"start":{"line":10,"column":4},"end":{"line":10,"column":null}},"loc":{"start":{"line":10,"column":4},"end":{"line":27,"column":1}}},"2":{"name":"(anonymous_10)","decl":{"start":{"line":29,"column":22},"end":{"line":29,"column":null}},"loc":{"start":{"line":33,"column":4},"end":{"line":64,"column":2}}},"3":{"name":"(anonymous_11)","decl":{"start":{"line":33,"column":4},"end":{"line":33,"column":null}},"loc":{"start":{"line":33,"column":4},"end":{"line":64,"column":1}}},"4":{"name":"(anonymous_12)","decl":{"start":{"line":66,"column":25},"end":{"line":66,"column":null}},"loc":{"start":{"line":70,"column":4},"end":{"line":95,"column":2}}},"5":{"name":"(anonymous_13)","decl":{"start":{"line":70,"column":4},"end":{"line":70,"column":null}},"loc":{"start":{"line":70,"column":4},"end":{"line":95,"column":1}}}},"branchMap":{"0":{"loc":{"start":{"line":12,"column":4},"end":{"line":14,"column":5}},"type":"if","locations":[{"start":{"line":12,"column":4},"end":{"line":14,"column":5}}]},"1":{"loc":{"start":{"line":18,"column":4},"end":{"line":20,"column":5}},"type":"if","locations":[{"start":{"line":18,"column":4},"end":{"line":20,"column":5}}]},"2":{"loc":{"start":{"line":35,"column":4},"end":{"line":37,"column":5}},"type":"if","locations":[{"start":{"line":35,"column":4},"end":{"line":37,"column":5}}]},"3":{"loc":{"start":{"line":42,"column":4},"end":{"line":44,"column":5}},"type":"if","locations":[{"start":{"line":42,"column":4},"end":{"line":44,"column":5}}]},"4":{"loc":{"start":{"line":72,"column":4},"end":{"line":74,"column":5}},"type":"if","locations":[{"start":{"line":72,"column":4},"end":{"line":74,"column":5}}]}},"s":{"0":6,"1":6,"2":6,"3":0,"4":0,"5":0,"6":0,"7":0,"8":0,"9":0,"10":0,"11":0,"12":0,"13":0,"14":6,"15":6,"16":0,"17":0,"18":0,"19":0,"20":0,"21":0,"22":0,"23":0,"24":0,"25":0,"26":0,"27":0,"28":0,"29":6,"30":6,"31":0,"32":0,"33":0,"34":0,"35":0,"36":0,"37":0,"38":0,"39":0,"40":0,"41":6},"f":{"0":0,"1":0,"2":0,"3":0,"4":0,"5":0},"b":{"0":[0],"1":[0],"2":[0],"3":[0],"4":[0]}}
,"C:\\Users\\pasie\\OneDrive\\Dokumenty\\GO-IT\\TESTOWE PROJEKTY\\SO YUMMY\\SO-YUMMY-APP-BACKEND\\src\\controller\\subscribe.ts": {"path":"C:\\Users\\pasie\\OneDrive\\Dokumenty\\GO-IT\\TESTOWE PROJEKTY\\SO YUMMY\\SO-YUMMY-APP-BACKEND\\src\\controller\\subscribe.ts","statementMap":{"0":{"start":{"line":2,"column":0},"end":{"line":2,"column":79}},"1":{"start":{"line":3,"column":0},"end":{"line":3,"column":48}},"2":{"start":{"line":5,"column":0},"end":{"line":5,"column":62}},"3":{"start":{"line":7,"column":21},"end":{"line":50,"column":2}},"4":{"start":{"line":11,"column":4},"end":{"line":50,"column":2}},"5":{"start":{"line":12,"column":2},"end":{"line":49,"column":3}},"6":{"start":{"line":13,"column":20},"end":{"line":13,"column":37}},"7":{"start":{"line":14,"column":18},"end":{"line":14,"column":32}},"8":{"start":{"line":15,"column":22},"end":{"line":15,"column":30}},"9":{"start":{"line":17,"column":20},"end":{"line":17,"column":50}},"10":{"start":{"line":19,"column":4},"end":{"line":21,"column":5}},"11":{"start":{"line":20,"column":6},"end":{"line":20,"column":66}},"12":{"start":{"line":23,"column":21},"end":{"line":23,"column":51}},"13":{"start":{"line":24,"column":4},"end":{"line":26,"column":5}},"14":{"start":{"line":25,"column":6},"end":{"line":25,"column":73}},"15":{"start":{"line":28,"column":19},"end":{"line":28,"column":67}},"16":{"start":{"line":30,"column":24},"end":{"line":39,"column":6}},"17":{"start":{"line":41,"column":4},"end":{"line":41,"column":45}},"18":{"start":{"line":43,"column":4},"end":{"line":46,"column":7}},"19":{"start":{"line":48,"column":4},"end":{"line":48,"column":16}},"20":{"start":{"line":52,"column":0},"end":{"line":52,"column":28}}},"fnMap":{"0":{"name":"(anonymous_8)","decl":{"start":{"line":7,"column":21},"end":{"line":7,"column":null}},"loc":{"start":{"line":11,"column":4},"end":{"line":50,"column":2}}},"1":{"name":"(anonymous_9)","decl":{"start":{"line":11,"column":4},"end":{"line":11,"column":null}},"loc":{"start":{"line":11,"column":4},"end":{"line":50,"column":1}}}},"branchMap":{"0":{"loc":{"start":{"line":19,"column":4},"end":{"line":21,"column":5}},"type":"if","locations":[{"start":{"line":19,"column":4},"end":{"line":21,"column":5}}]},"1":{"loc":{"start":{"line":24,"column":4},"end":{"line":26,"column":5}},"type":"if","locations":[{"start":{"line":24,"column":4},"end":{"line":26,"column":5}}]}},"s":{"0":6,"1":6,"2":6,"3":6,"4":4,"5":4,"6":4,"7":4,"8":4,"9":4,"10":4,"11":1,"12":3,"13":3,"14":1,"15":2,"16":1,"17":1,"18":1,"19":1,"20":6},"f":{"0":4,"1":4},"b":{"0":[1],"1":[1]}}
,"C:\\Users\\pasie\\OneDrive\\Dokumenty\\GO-IT\\TESTOWE PROJEKTY\\SO YUMMY\\SO-YUMMY-APP-BACKEND\\src\\controller\\user.ts": {"path":"C:\\Users\\pasie\\OneDrive\\Dokumenty\\GO-IT\\TESTOWE PROJEKTY\\SO YUMMY\\SO-YUMMY-APP-BACKEND\\src\\controller\\user.ts","statementMap":{"0":{"start":{"line":1,"column":0},"end":{"line":1,"column":28}},"1":{"start":{"line":2,"column":0},"end":{"line":2,"column":28}},"2":{"start":{"line":3,"column":0},"end":{"line":3,"column":32}},"3":{"start":{"line":4,"column":0},"end":{"line":4,"column":31}},"4":{"start":{"line":7,"column":0},"end":{"line":7,"column":78}},"5":{"start":{"line":9,"column":0},"end":{"line":9,"column":48}},"6":{"start":{"line":11,"column":0},"end":{"line":11,"column":62}},"7":{"start":{"line":14,"column":0},"end":{"line":14,"column":16}},"8":{"start":{"line":16,"column":17},"end":{"line":67,"column":2}},"9":{"start":{"line":20,"column":19},"end":{"line":67,"column":2}},"10":{"start":{"line":21,"column":2},"end":{"line":66,"column":3}},"11":{"start":{"line":22,"column":38},"end":{"line":22,"column":46}},"12":{"start":{"line":24,"column":23},"end":{"line":24,"column":48}},"13":{"start":{"line":25,"column":4},"end":{"line":27,"column":5}},"14":{"start":{"line":26,"column":6},"end":{"line":26,"column":63}},"15":{"start":{"line":28,"column":25},"end":{"line":28,"column":56}},"16":{"start":{"line":29,"column":20},"end":{"line":35,"column":6}},"17":{"start":{"line":36,"column":4},"end":{"line":38,"column":5}},"18":{"start":{"line":37,"column":6},"end":{"line":37,"column":54}},"19":{"start":{"line":40,"column":4},"end":{"line":42,"column":5}},"20":{"start":{"line":41,"column":6},"end":{"line":41,"column":69}},"21":{"start":{"line":44,"column":24},"end":{"line":47,"column":6}},"22":{"start":{"line":49,"column":4},"end":{"line":49,"column":39}},"23":{"start":{"line":51,"column":4},"end":{"line":62,"column":7}},"24":{"start":{"line":63,"column":4},"end":{"line":63,"column":11}},"25":{"start":{"line":65,"column":4},"end":{"line":65,"column":16}},"26":{"start":{"line":303,"column":2},"end":{"line":303,"column":10}},"27":{"start":{"line":69,"column":15},"end":{"line":112,"column":2}},"28":{"start":{"line":73,"column":19},"end":{"line":112,"column":2}},"29":{"start":{"line":74,"column":2},"end":{"line":111,"column":3}},"30":{"start":{"line":75,"column":20},"end":{"line":75,"column":42}},"31":{"start":{"line":77,"column":4},"end":{"line":80,"column":5}},"32":{"start":{"line":78,"column":6},"end":{"line":78,"column":63}},"33":{"start":{"line":79,"column":6},"end":{"line":79,"column":13}},"34":{"start":{"line":82,"column":24},"end":{"line":82,"column":58}},"35":{"start":{"line":84,"column":4},"end":{"line":87,"column":5}},"36":{"start":{"line":85,"column":6},"end":{"line":85,"column":65}},"37":{"start":{"line":86,"column":6},"end":{"line":86,"column":13}},"38":{"start":{"line":89,"column":29},"end":{"line":89,"column":40}},"39":{"start":{"line":91,"column":4},"end":{"line":100,"column":7}},"40":{"start":{"line":101,"column":4},"end":{"line":101,"column":11}},"41":{"start":{"line":110,"column":4},"end":{"line":110,"column":16}},"42":{"start":{"line":308,"column":2},"end":{"line":308,"column":8}},"43":{"start":{"line":114,"column":20},"end":{"line":140,"column":2}},"44":{"start":{"line":118,"column":19},"end":{"line":140,"column":2}},"45":{"start":{"line":119,"column":2},"end":{"line":139,"column":3}},"46":{"start":{"line":120,"column":20},"end":{"line":120,"column":37}},"47":{"start":{"line":121,"column":28},"end":{"line":121,"column":36}},"48":{"start":{"line":123,"column":24},"end":{"line":123,"column":62}},"49":{"start":{"line":125,"column":4},"end":{"line":127,"column":5}},"50":{"start":{"line":126,"column":6},"end":{"line":126,"column":54}},"51":{"start":{"line":129,"column":4},"end":{"line":135,"column":7}},"52":{"start":{"line":136,"column":4},"end":{"line":136,"column":11}},"53":{"start":{"line":138,"column":4},"end":{"line":138,"column":16}},"54":{"start":{"line":310,"column":2},"end":{"line":310,"column":13}},"55":{"start":{"line":142,"column":20},"end":{"line":169,"column":2}},"56":{"start":{"line":142,"column":73},"end":{"line":169,"column":2}},"57":{"start":{"line":143,"column":2},"end":{"line":168,"column":3}},"58":{"start":{"line":144,"column":34},"end":{"line":144,"column":44}},"59":{"start":{"line":145,"column":17},"end":{"line":145,"column":54}},"60":{"start":{"line":147,"column":4},"end":{"line":150,"column":5}},"61":{"start":{"line":148,"column":6},"end":{"line":148,"column":58}},"62":{"start":{"line":149,"column":6},"end":{"line":149,"column":13}},"63":{"start":{"line":152,"column":19},"end":{"line":155,"column":6}},"64":{"start":{"line":157,"column":4},"end":{"line":160,"column":5}},"65":{"start":{"line":158,"column":6},"end":{"line":158,"column":65}},"66":{"start":{"line":159,"column":6},"end":{"line":159,"column":13}},"67":{"start":{"line":162,"column":4},"end":{"line":164,"column":7}},"68":{"start":{"line":165,"column":4},"end":{"line":165,"column":11}},"69":{"start":{"line":167,"column":4},"end":{"line":167,"column":63}},"70":{"start":{"line":304,"column":2},"end":{"line":304,"column":13}},"71":{"start":{"line":171,"column":15},"end":{"line":216,"column":2}},"72":{"start":{"line":171,"column":73},"end":{"line":216,"column":2}},"73":{"start":{"line":172,"column":2},"end":{"line":215,"column":3}},"74":{"start":{"line":173,"column":32},"end":{"line":173,"column":40}},"75":{"start":{"line":175,"column":17},"end":{"line":175,"column":42}},"76":{"start":{"line":176,"column":4},"end":{"line":178,"column":5}},"77":{"start":{"line":177,"column":6},"end":{"line":177,"column":58}},"78":{"start":{"line":180,"column":26},"end":{"line":180,"column":71}},"79":{"start":{"line":181,"column":4},"end":{"line":183,"column":5}},"80":{"start":{"line":182,"column":6},"end":{"line":182,"column":58}},"81":{"start":{"line":185,"column":4},"end":{"line":187,"column":5}},"82":{"start":{"line":186,"column":6},"end":{"line":186,"column":53}},"83":{"start":{"line":189,"column":20},"end":{"line":192,"column":6}},"84":{"start":{"line":193,"column":18},"end":{"line":195,"column":6}},"85":{"start":{"line":197,"column":4},"end":{"line":197,"column":42}},"86":{"start":{"line":199,"column":4},"end":{"line":212,"column":7}},"87":{"start":{"line":214,"column":4},"end":{"line":214,"column":16}},"88":{"start":{"line":305,"column":2},"end":{"line":305,"column":8}},"89":{"start":{"line":218,"column":32},"end":{"line":254,"column":2}},"90":{"start":{"line":222,"column":19},"end":{"line":254,"column":2}},"91":{"start":{"line":223,"column":2},"end":{"line":253,"column":3}},"92":{"start":{"line":224,"column":22},"end":{"line":224,"column":30}},"93":{"start":{"line":225,"column":17},"end":{"line":225,"column":42}},"94":{"start":{"line":227,"column":4},"end":{"line":229,"column":5}},"95":{"start":{"line":228,"column":6},"end":{"line":228,"column":47}},"96":{"start":{"line":231,"column":4},"end":{"line":233,"column":5}},"97":{"start":{"line":232,"column":6},"end":{"line":232,"column":58}},"98":{"start":{"line":235,"column":4},"end":{"line":237,"column":5}},"99":{"start":{"line":236,"column":6},"end":{"line":236,"column":69}},"100":{"start":{"line":239,"column":24},"end":{"line":242,"column":6}},"101":{"start":{"line":244,"column":4},"end":{"line":244,"column":45}},"102":{"start":{"line":246,"column":4},"end":{"line":249,"column":7}},"103":{"start":{"line":250,"column":4},"end":{"line":250,"column":11}},"104":{"start":{"line":252,"column":4},"end":{"line":252,"column":16}},"105":{"start":{"line":309,"column":2},"end":{"line":309,"column":25}},"106":{"start":{"line":256,"column":20},"end":{"line":283,"column":2}},"107":{"start":{"line":256,"column":78},"end":{"line":283,"column":2}},"108":{"start":{"line":257,"column":2},"end":{"line":282,"column":3}},"109":{"start":{"line":258,"column":20},"end":{"line":258,"column":42}},"110":{"start":{"line":260,"column":17},"end":{"line":260,"column":42}},"111":{"start":{"line":262,"column":4},"end":{"line":264,"column":5}},"112":{"start":{"line":263,"column":6},"end":{"line":263,"column":47}},"113":{"start":{"line":266,"column":60},"end":{"line":266,"column":64}},"114":{"start":{"line":268,"column":4},"end":{"line":279,"column":7}},"115":{"start":{"line":281,"column":4},"end":{"line":281,"column":16}},"116":{"start":{"line":306,"column":2},"end":{"line":306,"column":13}},"117":{"start":{"line":285,"column":15},"end":{"line":300,"column":2}},"118":{"start":{"line":285,"column":73},"end":{"line":300,"column":2}},"119":{"start":{"line":286,"column":2},"end":{"line":299,"column":3}},"120":{"start":{"line":287,"column":20},"end":{"line":287,"column":37}},"121":{"start":{"line":288,"column":23},"end":{"line":288,"column":61}},"122":{"start":{"line":290,"column":4},"end":{"line":295,"column":5}},"123":{"start":{"line":291,"column":6},"end":{"line":294,"column":8}},"124":{"start":{"line":296,"column":4},"end":{"line":296,"column":27}},"125":{"start":{"line":298,"column":4},"end":{"line":298,"column":16}},"126":{"start":{"line":307,"column":2},"end":{"line":307,"column":8}}},"fnMap":{"0":{"name":"(anonymous_8)","decl":{"start":{"line":16,"column":17},"end":{"line":16,"column":null}},"loc":{"start":{"line":20,"column":19},"end":{"line":67,"column":2}}},"1":{"name":"(anonymous_9)","decl":{"start":{"line":20,"column":19},"end":{"line":20,"column":null}},"loc":{"start":{"line":20,"column":19},"end":{"line":67,"column":1}}},"2":{"name":"(anonymous_10)","decl":{"start":{"line":69,"column":15},"end":{"line":69,"column":null}},"loc":{"start":{"line":73,"column":19},"end":{"line":112,"column":2}}},"3":{"name":"(anonymous_11)","decl":{"start":{"line":73,"column":19},"end":{"line":73,"column":null}},"loc":{"start":{"line":73,"column":19},"end":{"line":112,"column":1}}},"4":{"name":"(anonymous_12)","decl":{"start":{"line":114,"column":20},"end":{"line":114,"column":null}},"loc":{"start":{"line":118,"column":19},"end":{"line":140,"column":2}}},"5":{"name":"(anonymous_13)","decl":{"start":{"line":118,"column":19},"end":{"line":118,"column":null}},"loc":{"start":{"line":118,"column":19},"end":{"line":140,"column":1}}},"6":{"name":"(anonymous_14)","decl":{"start":{"line":142,"column":20},"end":{"line":142,"column":27}},"loc":{"start":{"line":142,"column":73},"end":{"line":169,"column":2}}},"7":{"name":"(anonymous_15)","decl":{"start":{"line":142,"column":73},"end":{"line":142,"column":null}},"loc":{"start":{"line":142,"column":73},"end":{"line":169,"column":1}}},"8":{"name":"(anonymous_16)","decl":{"start":{"line":171,"column":15},"end":{"line":171,"column":22}},"loc":{"start":{"line":171,"column":73},"end":{"line":216,"column":2}}},"9":{"name":"(anonymous_17)","decl":{"start":{"line":171,"column":73},"end":{"line":171,"column":null}},"loc":{"start":{"line":171,"column":73},"end":{"line":216,"column":1}}},"10":{"name":"(anonymous_18)","decl":{"start":{"line":218,"column":32},"end":{"line":218,"column":null}},"loc":{"start":{"line":222,"column":19},"end":{"line":254,"column":2}}},"11":{"name":"(anonymous_19)","decl":{"start":{"line":222,"column":19},"end":{"line":222,"column":null}},"loc":{"start":{"line":222,"column":19},"end":{"line":254,"column":1}}},"12":{"name":"(anonymous_20)","decl":{"start":{"line":256,"column":20},"end":{"line":256,"column":27}},"loc":{"start":{"line":256,"column":78},"end":{"line":283,"column":2}}},"13":{"name":"(anonymous_21)","decl":{"start":{"line":256,"column":78},"end":{"line":256,"column":null}},"loc":{"start":{"line":256,"column":78},"end":{"line":283,"column":1}}},"14":{"name":"(anonymous_22)","decl":{"start":{"line":285,"column":15},"end":{"line":285,"column":22}},"loc":{"start":{"line":285,"column":73},"end":{"line":300,"column":2}}},"15":{"name":"(anonymous_23)","decl":{"start":{"line":285,"column":73},"end":{"line":285,"column":null}},"loc":{"start":{"line":285,"column":73},"end":{"line":300,"column":1}}}},"branchMap":{"0":{"loc":{"start":{"line":25,"column":4},"end":{"line":27,"column":5}},"type":"if","locations":[{"start":{"line":25,"column":4},"end":{"line":27,"column":5}}]},"1":{"loc":{"start":{"line":36,"column":4},"end":{"line":38,"column":5}},"type":"if","locations":[{"start":{"line":36,"column":4},"end":{"line":38,"column":5}}]},"2":{"loc":{"start":{"line":40,"column":4},"end":{"line":42,"column":5}},"type":"if","locations":[{"start":{"line":40,"column":4},"end":{"line":42,"column":5}}]},"3":{"loc":{"start":{"line":77,"column":4},"end":{"line":80,"column":5}},"type":"if","locations":[{"start":{"line":77,"column":4},"end":{"line":80,"column":5}}]},"4":{"loc":{"start":{"line":84,"column":4},"end":{"line":87,"column":5}},"type":"if","locations":[{"start":{"line":84,"column":4},"end":{"line":87,"column":5}}]},"5":{"loc":{"start":{"line":125,"column":4},"end":{"line":127,"column":5}},"type":"if","locations":[{"start":{"line":125,"column":4},"end":{"line":127,"column":5}}]},"6":{"loc":{"start":{"line":147,"column":4},"end":{"line":150,"column":5}},"type":"if","locations":[{"start":{"line":147,"column":4},"end":{"line":150,"column":5}}]},"7":{"loc":{"start":{"line":157,"column":4},"end":{"line":160,"column":5}},"type":"if","locations":[{"start":{"line":157,"column":4},"end":{"line":160,"column":5}}]},"8":{"loc":{"start":{"line":176,"column":4},"end":{"line":178,"column":5}},"type":"if","locations":[{"start":{"line":176,"column":4},"end":{"line":178,"column":5}}]},"9":{"loc":{"start":{"line":181,"column":4},"end":{"line":183,"column":5}},"type":"if","locations":[{"start":{"line":181,"column":4},"end":{"line":183,"column":5}}]},"10":{"loc":{"start":{"line":185,"column":4},"end":{"line":187,"column":5}},"type":"if","locations":[{"start":{"line":185,"column":4},"end":{"line":187,"column":5}}]},"11":{"loc":{"start":{"line":227,"column":4},"end":{"line":229,"column":5}},"type":"if","locations":[{"start":{"line":227,"column":4},"end":{"line":229,"column":5}}]},"12":{"loc":{"start":{"line":231,"column":4},"end":{"line":233,"column":5}},"type":"if","locations":[{"start":{"line":231,"column":4},"end":{"line":233,"column":5}}]},"13":{"loc":{"start":{"line":235,"column":4},"end":{"line":237,"column":5}},"type":"if","locations":[{"start":{"line":235,"column":4},"end":{"line":237,"column":5}}]},"14":{"loc":{"start":{"line":262,"column":4},"end":{"line":264,"column":5}},"type":"if","locations":[{"start":{"line":262,"column":4},"end":{"line":264,"column":5}}]},"15":{"loc":{"start":{"line":290,"column":4},"end":{"line":295,"column":5}},"type":"if","locations":[{"start":{"line":290,"column":4},"end":{"line":295,"column":5}}]}},"s":{"0":6,"1":6,"2":6,"3":6,"4":6,"5":6,"6":6,"7":6,"8":6,"9":5,"10":5,"11":5,"12":5,"13":5,"14":1,"15":4,"16":4,"17":4,"18":1,"19":3,"20":1,"21":2,"22":2,"23":1,"24":1,"25":3,"26":6,"27":6,"28":4,"29":4,"30":4,"31":4,"32":1,"33":1,"34":3,"35":2,"36":1,"37":1,"38":1,"39":1,"40":1,"41":1,"42":6,"43":6,"44":4,"45":4,"46":4,"47":4,"48":4,"49":3,"50":1,"51":2,"52":2,"53":2,"54":6,"55":6,"56":4,"57":4,"58":4,"59":4,"60":3,"61":1,"62":1,"63":2,"64":2,"65":1,"66":1,"67":1,"68":1,"69":1,"70":6,"71":6,"72":4,"73":4,"74":4,"75":4,"76":4,"77":1,"78":3,"79":3,"80":1,"81":2,"82":1,"83":1,"84":1,"85":1,"86":1,"87":3,"88":6,"89":6,"90":4,"91":4,"92":4,"93":4,"94":4,"95":1,"96":3,"97":1,"98":2,"99":1,"100":1,"101":1,"102":1,"103":1,"104":3,"105":6,"106":6,"107":2,"108":2,"109":2,"110":2,"111":2,"112":1,"113":1,"114":1,"115":1,"116":6,"117":6,"118":2,"119":2,"120":2,"121":2,"122":2,"123":1,"124":1,"125":1,"126":6},"f":{"0":5,"1":5,"2":4,"3":4,"4":4,"5":4,"6":4,"7":4,"8":4,"9":4,"10":4,"11":4,"12":2,"13":2,"14":2,"15":2},"b":{"0":[1],"1":[1],"2":[1],"3":[1],"4":[1],"5":[1],"6":[1],"7":[1],"8":[1],"9":[1],"10":[1],"11":[1],"12":[1],"13":[1],"14":[1],"15":[1]}}
,"C:\\Users\\pasie\\OneDrive\\Dokumenty\\GO-IT\\TESTOWE PROJEKTY\\SO YUMMY\\SO-YUMMY-APP-BACKEND\\src\\controller\\cloudinary\\saveImages.ts": {"path":"C:\\Users\\pasie\\OneDrive\\Dokumenty\\GO-IT\\TESTOWE PROJEKTY\\SO YUMMY\\SO-YUMMY-APP-BACKEND\\src\\controller\\cloudinary\\saveImages.ts","statementMap":{"0":{"start":{"line":2,"column":0},"end":{"line":2,"column":54}},"1":{"start":{"line":4,"column":19},"end":{"line":19,"column":2}},"2":{"start":{"line":4,"column":72},"end":{"line":19,"column":2}},"3":{"start":{"line":5,"column":2},"end":{"line":8,"column":3}},"4":{"start":{"line":6,"column":4},"end":{"line":6,"column":62}},"5":{"start":{"line":7,"column":4},"end":{"line":7,"column":11}},"6":{"start":{"line":10,"column":2},"end":{"line":18,"column":3}},"7":{"start":{"line":11,"column":19},"end":{"line":11,"column":66}},"8":{"start":{"line":12,"column":4},"end":{"line":12,"column":21}},"9":{"start":{"line":14,"column":4},"end":{"line":14,"column":62}},"10":{"start":{"line":15,"column":4},"end":{"line":17,"column":68}},"11":{"start":{"line":21,"column":0},"end":{"line":21,"column":26}}},"fnMap":{"0":{"name":"(anonymous_8)","decl":{"start":{"line":4,"column":19},"end":{"line":4,"column":26}},"loc":{"start":{"line":4,"column":72},"end":{"line":19,"column":2}}},"1":{"name":"(anonymous_9)","decl":{"start":{"line":4,"column":72},"end":{"line":4,"column":null}},"loc":{"start":{"line":4,"column":72},"end":{"line":19,"column":1}}}},"branchMap":{"0":{"loc":{"start":{"line":5,"column":2},"end":{"line":8,"column":3}},"type":"if","locations":[{"start":{"line":5,"column":2},"end":{"line":8,"column":3}}]},"1":{"loc":{"start":{"line":5,"column":6},"end":{"line":5,"column":33}},"type":"binary-expr","locations":[{"start":{"line":5,"column":6},"end":{"line":5,"column":15}},{"start":{"line":5,"column":19},"end":{"line":5,"column":33}}]}},"s":{"0":6,"1":6,"2":0,"3":0,"4":0,"5":0,"6":0,"7":0,"8":0,"9":0,"10":0,"11":6},"f":{"0":0,"1":0},"b":{"0":[0],"1":[0,0]}}
,"C:\\Users\\pasie\\OneDrive\\Dokumenty\\GO-IT\\TESTOWE PROJEKTY\\SO YUMMY\\SO-YUMMY-APP-BACKEND\\src\\middlewares\\auth.ts": {"path":"C:\\Users\\pasie\\OneDrive\\Dokumenty\\GO-IT\\TESTOWE PROJEKTY\\SO YUMMY\\SO-YUMMY-APP-BACKEND\\src\\middlewares\\auth.ts","statementMap":{"0":{"start":{"line":2,"column":0},"end":{"line":2,"column":32}},"1":{"start":{"line":3,"column":0},"end":{"line":3,"column":48}},"2":{"start":{"line":6,"column":13},"end":{"line":20,"column":1}},"3":{"start":{"line":7,"column":24},"end":{"line":7,"column":49}},"4":{"start":{"line":8,"column":2},"end":{"line":19,"column":20}},"5":{"start":{"line":12,"column":6},"end":{"line":14,"column":7}},"6":{"start":{"line":13,"column":8},"end":{"line":13,"column":38}},"7":{"start":{"line":16,"column":6},"end":{"line":16,"column":22}},"8":{"start":{"line":17,"column":6},"end":{"line":17,"column":13}},"9":{"start":{"line":22,"column":0},"end":{"line":22,"column":20}}},"fnMap":{"0":{"name":"(anonymous_1)","decl":{"start":{"line":6,"column":13},"end":{"line":6,"column":14}},"loc":{"start":{"line":6,"column":65},"end":{"line":20,"column":1}}},"1":{"name":"(anonymous_2)","decl":{"start":{"line":11,"column":4},"end":{"line":11,"column":5}},"loc":{"start":{"line":11,"column":33},"end":{"line":18,"column":5}}}},"branchMap":{"0":{"loc":{"start":{"line":12,"column":6},"end":{"line":14,"column":7}},"type":"if","locations":[{"start":{"line":12,"column":6},"end":{"line":14,"column":7}}]},"1":{"loc":{"start":{"line":12,"column":10},"end":{"line":12,"column":71}},"type":"binary-expr","locations":[{"start":{"line":12,"column":10},"end":{"line":12,"column":13}},{"start":{"line":12,"column":17},"end":{"line":12,"column":22}},{"start":{"line":12,"column":26},"end":{"line":12,"column":71}}]},"2":{"loc":{"start":{"line":12,"column":41},"end":{"line":12,"column":69}},"type":"cond-expr","locations":[{"start":{"line":12,"column":54},"end":{"line":12,"column":56}},{"start":{"line":12,"column":41},"end":{"line":12,"column":69}}]},"3":{"loc":{"start":{"line":12,"column":41},"end":{"line":12,"column":56}},"type":"binary-expr","locations":[{"start":{"line":12,"column":41},"end":{"line":12,"column":56}},{"start":{"line":12,"column":41},"end":{"line":12,"column":56}}]}},"s":{"0":6,"1":6,"2":6,"3":65,"4":65,"5":65,"6":10,"7":55,"8":55,"9":6},"f":{"0":65,"1":65},"b":{"0":[10],"1":[65,65,55],"2":[0,55],"3":[55,55]}}
,"C:\\Users\\pasie\\OneDrive\\Dokumenty\\GO-IT\\TESTOWE PROJEKTY\\SO YUMMY\\SO-YUMMY-APP-BACKEND\\src\\middlewares\\cloudinary.ts": {"path":"C:\\Users\\pasie\\OneDrive\\Dokumenty\\GO-IT\\TESTOWE PROJEKTY\\SO YUMMY\\SO-YUMMY-APP-BACKEND\\src\\middlewares\\cloudinary.ts","statementMap":{"0":{"start":{"line":1,"column":0},"end":{"line":1,"column":46}},"1":{"start":{"line":2,"column":0},"end":{"line":2,"column":28}},"2":{"start":{"line":4,"column":0},"end":{"line":4,"column":16}},"3":{"start":{"line":6,"column":63},"end":{"line":6,"column":74}},"4":{"start":{"line":8,"column":0},"end":{"line":10,"column":1}},"5":{"start":{"line":9,"column":2},"end":{"line":9,"column":68}},"6":{"start":{"line":12,"column":0},"end":{"line":17,"column":3}},"7":{"start":{"line":19,"column":0},"end":{"line":19,"column":26}}},"fnMap":{},"branchMap":{"0":{"loc":{"start":{"line":8,"column":0},"end":{"line":10,"column":1}},"type":"if","locations":[{"start":{"line":8,"column":0},"end":{"line":10,"column":1}}]},"1":{"loc":{"start":{"line":8,"column":4},"end":{"line":8,"column":61}},"type":"binary-expr","locations":[{"start":{"line":8,"column":4},"end":{"line":8,"column":20}},{"start":{"line":8,"column":24},"end":{"line":8,"column":39}},{"start":{"line":8,"column":43},"end":{"line":8,"column":61}}]}},"s":{"0":6,"1":6,"2":6,"3":6,"4":6,"5":0,"6":6,"7":6},"f":{},"b":{"0":[0],"1":[6,6,6]}}
,"C:\\Users\\pasie\\OneDrive\\Dokumenty\\GO-IT\\TESTOWE PROJEKTY\\SO YUMMY\\SO-YUMMY-APP-BACKEND\\src\\middlewares\\multer.ts": {"path":"C:\\Users\\pasie\\OneDrive\\Dokumenty\\GO-IT\\TESTOWE PROJEKTY\\SO YUMMY\\SO-YUMMY-APP-BACKEND\\src\\middlewares\\multer.ts","statementMap":{"0":{"start":{"line":1,"column":0},"end":{"line":1,"column":28}},"1":{"start":{"line":2,"column":0},"end":{"line":2,"column":24}},"2":{"start":{"line":5,"column":16},"end":{"line":5,"column":38}},"3":{"start":{"line":7,"column":49},"end":{"line":21,"column":1}},"4":{"start":{"line":12,"column":14},"end":{"line":12,"column":59}},"5":{"start":{"line":14,"column":2},"end":{"line":18,"column":3}},"6":{"start":{"line":15,"column":4},"end":{"line":16,"column":64}},"7":{"start":{"line":17,"column":4},"end":{"line":17,"column":27}},"8":{"start":{"line":20,"column":2},"end":{"line":20,"column":17}},"9":{"start":{"line":23,"column":15},"end":{"line":29,"column":2}},"10":{"start":{"line":31,"column":34},"end":{"line":45,"column":1}},"11":{"start":{"line":37,"column":2},"end":{"line":43,"column":3}},"12":{"start":{"line":38,"column":4},"end":{"line":42,"column":5}},"13":{"start":{"line":39,"column":6},"end":{"line":41,"column":66}},"14":{"start":{"line":44,"column":2},"end":{"line":44,"column":12}},"15":{"start":{"line":31,"column":13},"end":{"line":31,"column":34}},"16":{"start":{"line":47,"column":0},"end":{"line":47,"column":22}}},"fnMap":{"0":{"name":"(anonymous_1)","decl":{"start":{"line":7,"column":49},"end":{"line":7,"column":null}},"loc":{"start":{"line":11,"column":4},"end":{"line":21,"column":1}}},"1":{"name":"(anonymous_2)","decl":{"start":{"line":31,"column":34},"end":{"line":31,"column":null}},"loc":{"start":{"line":36,"column":4},"end":{"line":45,"column":1}}}},"branchMap":{"0":{"loc":{"start":{"line":14,"column":2},"end":{"line":18,"column":3}},"type":"if","locations":[{"start":{"line":14,"column":2},"end":{"line":18,"column":3}}]},"1":{"loc":{"start":{"line":14,"column":6},"end":{"line":14,"column":57}},"type":"binary-expr","locations":[{"start":{"line":14,"column":6},"end":{"line":14,"column":21}},{"start":{"line":14,"column":25},"end":{"line":14,"column":39}},{"start":{"line":14,"column":43},"end":{"line":14,"column":57}}]},"2":{"loc":{"start":{"line":37,"column":2},"end":{"line":43,"column":3}},"type":"if","locations":[{"start":{"line":37,"column":2},"end":{"line":43,"column":3}}]},"3":{"loc":{"start":{"line":38,"column":4},"end":{"line":42,"column":5}},"type":"if","locations":[{"start":{"line":38,"column":4},"end":{"line":42,"column":5}}]}},"s":{"0":6,"1":6,"2":6,"3":6,"4":3,"5":3,"6":1,"7":1,"8":2,"9":6,"10":6,"11":61,"12":2,"13":2,"14":59,"15":6,"16":6},"f":{"0":3,"1":61},"b":{"0":[1],"1":[3,3,1],"2":[2],"3":[2]}}
,"C:\\Users\\pasie\\OneDrive\\Dokumenty\\GO-IT\\TESTOWE PROJEKTY\\SO YUMMY\\SO-YUMMY-APP-BACKEND\\src\\middlewares\\validateBody.ts": {"path":"C:\\Users\\pasie\\OneDrive\\Dokumenty\\GO-IT\\TESTOWE PROJEKTY\\SO YUMMY\\SO-YUMMY-APP-BACKEND\\src\\middlewares\\validateBody.ts","statementMap":{"0":{"start":{"line":3,"column":0},"end":{"line":3,"column":48}},"1":{"start":{"line":5,"column":21},"end":{"line":15,"column":1}},"2":{"start":{"line":6,"column":2},"end":{"line":14,"column":4}},"3":{"start":{"line":7,"column":22},"end":{"line":7,"column":47}},"4":{"start":{"line":8,"column":4},"end":{"line":8,"column":29}},"5":{"start":{"line":10,"column":4},"end":{"line":12,"column":5}},"6":{"start":{"line":11,"column":6},"end":{"line":11,"column":51}},"7":{"start":{"line":13,"column":4},"end":{"line":13,"column":11}},"8":{"start":{"line":17,"column":0},"end":{"line":17,"column":28}}},"fnMap":{"0":{"name":"(anonymous_1)","decl":{"start":{"line":5,"column":21},"end":{"line":5,"column":22}},"loc":{"start":{"line":5,"column":40},"end":{"line":15,"column":1}}},"1":{"name":"(anonymous_2)","decl":{"start":{"line":6,"column":9},"end":{"line":6,"column":10}},"loc":{"start":{"line":6,"column":61},"end":{"line":14,"column":3}}}},"branchMap":{"0":{"loc":{"start":{"line":10,"column":4},"end":{"line":12,"column":5}},"type":"if","locations":[{"start":{"line":10,"column":4},"end":{"line":12,"column":5}}]}},"s":{"0":6,"1":6,"2":36,"3":35,"4":35,"5":35,"6":10,"7":25,"8":6},"f":{"0":36,"1":35},"b":{"0":[10]}}
,"C:\\Users\\pasie\\OneDrive\\Dokumenty\\GO-IT\\TESTOWE PROJEKTY\\SO YUMMY\\SO-YUMMY-APP-BACKEND\\src\\models\\category.ts": {"path":"C:\\Users\\pasie\\OneDrive\\Dokumenty\\GO-IT\\TESTOWE PROJEKTY\\SO YUMMY\\SO-YUMMY-APP-BACKEND\\src\\models\\category.ts","statementMap":{"0":{"start":{"line":1,"column":0},"end":{"line":1,"column":58}},"1":{"start":{"line":9,"column":23},"end":{"line":15,"column":null}},"2":{"start":{"line":18,"column":35},"end":{"line":18,"column":68}},"3":{"start":{"line":20,"column":0},"end":{"line":20,"column":26}}},"fnMap":{},"branchMap":{},"s":{"0":6,"1":6,"2":6,"3":6},"f":{},"b":{}}
,"C:\\Users\\pasie\\OneDrive\\Dokumenty\\GO-IT\\TESTOWE PROJEKTY\\SO YUMMY\\SO-YUMMY-APP-BACKEND\\src\\models\\ingredient.ts": {"path":"C:\\Users\\pasie\\OneDrive\\Dokumenty\\GO-IT\\TESTOWE PROJEKTY\\SO YUMMY\\SO-YUMMY-APP-BACKEND\\src\\models\\ingredient.ts","statementMap":{"0":{"start":{"line":1,"column":0},"end":{"line":1,"column":58}},"1":{"start":{"line":10,"column":25},"end":{"line":17,"column":null}},"2":{"start":{"line":20,"column":39},"end":{"line":20,"column":76}},"3":{"start":{"line":22,"column":0},"end":{"line":22,"column":26}}},"fnMap":{},"branchMap":{},"s":{"0":6,"1":6,"2":6,"3":6},"f":{},"b":{}}
,"C:\\Users\\pasie\\OneDrive\\Dokumenty\\GO-IT\\TESTOWE PROJEKTY\\SO YUMMY\\SO-YUMMY-APP-BACKEND\\src\\models\\recipe.ts": {"path":"C:\\Users\\pasie\\OneDrive\\Dokumenty\\GO-IT\\TESTOWE PROJEKTY\\SO YUMMY\\SO-YUMMY-APP-BACKEND\\src\\models\\recipe.ts","statementMap":{"0":{"start":{"line":1,"column":0},"end":{"line":1,"column":65}},"1":{"start":{"line":24,"column":21},"end":{"line":96,"column":null}},"2":{"start":{"line":99,"column":31},"end":{"line":99,"column":60}},"3":{"start":{"line":101,"column":0},"end":{"line":101,"column":22}}},"fnMap":{},"branchMap":{},"s":{"0":6,"1":6,"2":6,"3":6},"f":{},"b":{}}
,"C:\\Users\\pasie\\OneDrive\\Dokumenty\\GO-IT\\TESTOWE PROJEKTY\\SO YUMMY\\SO-YUMMY-APP-BACKEND\\src\\models\\shoppingList.ts": {"path":"C:\\Users\\pasie\\OneDrive\\Dokumenty\\GO-IT\\TESTOWE PROJEKTY\\SO YUMMY\\SO-YUMMY-APP-BACKEND\\src\\models\\shoppingList.ts","statementMap":{"0":{"start":{"line":1,"column":0},"end":{"line":1,"column":65}},"1":{"start":{"line":16,"column":27},"end":{"line":33,"column":null}},"2":{"start":{"line":36,"column":43},"end":{"line":36,"column":84}},"3":{"start":{"line":38,"column":0},"end":{"line":38,"column":28}}},"fnMap":{},"branchMap":{},"s":{"0":6,"1":6,"2":6,"3":6},"f":{},"b":{}}
,"C:\\Users\\pasie\\OneDrive\\Dokumenty\\GO-IT\\TESTOWE PROJEKTY\\SO YUMMY\\SO-YUMMY-APP-BACKEND\\src\\models\\subscribe.ts": {"path":"C:\\Users\\pasie\\OneDrive\\Dokumenty\\GO-IT\\TESTOWE PROJEKTY\\SO YUMMY\\SO-YUMMY-APP-BACKEND\\src\\models\\subscribe.ts","statementMap":{"0":{"start":{"line":1,"column":0},"end":{"line":1,"column":65}},"1":{"start":{"line":3,"column":20},"end":{"line":3,"column":36}},"2":{"start":{"line":10,"column":24},"end":{"line":24,"column":null}},"3":{"start":{"line":27,"column":37},"end":{"line":27,"column":72}},"4":{"start":{"line":29,"column":0},"end":{"line":29,"column":25}}},"fnMap":{},"branchMap":{},"s":{"0":6,"1":6,"2":6,"3":6,"4":6},"f":{},"b":{}}
,"C:\\Users\\pasie\\OneDrive\\Dokumenty\\GO-IT\\TESTOWE PROJEKTY\\SO YUMMY\\SO-YUMMY-APP-BACKEND\\src\\models\\user.ts": {"path":"C:\\Users\\pasie\\OneDrive\\Dokumenty\\GO-IT\\TESTOWE PROJEKTY\\SO YUMMY\\SO-YUMMY-APP-BACKEND\\src\\models\\user.ts","statementMap":{"0":{"start":{"line":1,"column":0},"end":{"line":1,"column":65}},"1":{"start":{"line":15,"column":19},"end":{"line":53,"column":null}},"2":{"start":{"line":56,"column":27},"end":{"line":56,"column":52}},"3":{"start":{"line":58,"column":9},"end":{"line":58,"column":13}}},"fnMap":{},"branchMap":{},"s":{"0":6,"1":6,"2":6,"3":6},"f":{},"b":{}}
,"C:\\Users\\pasie\\OneDrive\\Dokumenty\\GO-IT\\TESTOWE PROJEKTY\\SO YUMMY\\SO-YUMMY-APP-BACKEND\\src\\routes\\api\\favoriteRecipes.ts": {"path":"C:\\Users\\pasie\\OneDrive\\Dokumenty\\GO-IT\\TESTOWE PROJEKTY\\SO YUMMY\\SO-YUMMY-APP-BACKEND\\src\\routes\\api\\favoriteRecipes.ts","statementMap":{"0":{"start":{"line":1,"column":0},"end":{"line":1,"column":30}},"1":{"start":{"line":2,"column":0},"end":{"line":2,"column":42}},"2":{"start":{"line":3,"column":0},"end":{"line":3,"column":null}},"3":{"start":{"line":9,"column":15},"end":{"line":9,"column":31}},"4":{"start":{"line":11,"column":0},"end":{"line":11,"column":36}},"5":{"start":{"line":12,"column":0},"end":{"line":12,"column":53}},"6":{"start":{"line":13,"column":0},"end":{"line":13,"column":61}},"7":{"start":{"line":15,"column":0},"end":{"line":15,"column":22}}},"fnMap":{},"branchMap":{},"s":{"0":6,"1":6,"2":6,"3":6,"4":6,"5":6,"6":6,"7":6},"f":{},"b":{}}
,"C:\\Users\\pasie\\OneDrive\\Dokumenty\\GO-IT\\TESTOWE PROJEKTY\\SO YUMMY\\SO-YUMMY-APP-BACKEND\\src\\routes\\api\\ingredients.ts": {"path":"C:\\Users\\pasie\\OneDrive\\Dokumenty\\GO-IT\\TESTOWE PROJEKTY\\SO YUMMY\\SO-YUMMY-APP-BACKEND\\src\\routes\\api\\ingredients.ts","statementMap":{"0":{"start":{"line":1,"column":0},"end":{"line":1,"column":30}},"1":{"start":{"line":2,"column":0},"end":{"line":2,"column":42}},"2":{"start":{"line":3,"column":0},"end":{"line":3,"column":84}},"3":{"start":{"line":5,"column":15},"end":{"line":5,"column":31}},"4":{"start":{"line":7,"column":0},"end":{"line":7,"column":41}},"5":{"start":{"line":8,"column":0},"end":{"line":8,"column":44}},"6":{"start":{"line":10,"column":0},"end":{"line":10,"column":22}}},"fnMap":{},"branchMap":{},"s":{"0":6,"1":6,"2":6,"3":6,"4":6,"5":6,"6":6},"f":{},"b":{}}
,"C:\\Users\\pasie\\OneDrive\\Dokumenty\\GO-IT\\TESTOWE PROJEKTY\\SO YUMMY\\SO-YUMMY-APP-BACKEND\\src\\routes\\api\\ownRecipes.ts": {"path":"C:\\Users\\pasie\\OneDrive\\Dokumenty\\GO-IT\\TESTOWE PROJEKTY\\SO YUMMY\\SO-YUMMY-APP-BACKEND\\src\\routes\\api\\ownRecipes.ts","statementMap":{"0":{"start":{"line":1,"column":0},"end":{"line":1,"column":30}},"1":{"start":{"line":2,"column":0},"end":{"line":2,"column":42}},"2":{"start":{"line":3,"column":0},"end":{"line":3,"column":58}},"3":{"start":{"line":4,"column":0},"end":{"line":4,"column":48}},"4":{"start":{"line":5,"column":0},"end":{"line":5,"column":90}},"5":{"start":{"line":6,"column":0},"end":{"line":6,"column":46}},"6":{"start":{"line":7,"column":0},"end":{"line":7,"column":64}},"7":{"start":{"line":9,"column":15},"end":{"line":9,"column":31}},"8":{"start":{"line":11,"column":0},"end":{"line":11,"column":37}},"9":{"start":{"line":12,"column":0},"end":{"line":12,"column":68}},"10":{"start":{"line":13,"column":0},"end":{"line":13,"column":58}},"11":{"start":{"line":14,"column":0},"end":{"line":14,"column":65}},"12":{"start":{"line":16,"column":0},"end":{"line":16,"column":22}}},"fnMap":{},"branchMap":{},"s":{"0":6,"1":6,"2":6,"3":6,"4":6,"5":6,"6":6,"7":6,"8":6,"9":6,"10":6,"11":6,"12":6},"f":{},"b":{}}
,"C:\\Users\\pasie\\OneDrive\\Dokumenty\\GO-IT\\TESTOWE PROJEKTY\\SO YUMMY\\SO-YUMMY-APP-BACKEND\\src\\routes\\api\\popularRecipe.ts": {"path":"C:\\Users\\pasie\\OneDrive\\Dokumenty\\GO-IT\\TESTOWE PROJEKTY\\SO YUMMY\\SO-YUMMY-APP-BACKEND\\src\\routes\\api\\popularRecipe.ts","statementMap":{"0":{"start":{"line":1,"column":0},"end":{"line":1,"column":30}},"1":{"start":{"line":2,"column":0},"end":{"line":2,"column":42}},"2":{"start":{"line":3,"column":0},"end":{"line":3,"column":67}},"3":{"start":{"line":5,"column":15},"end":{"line":5,"column":31}},"4":{"start":{"line":7,"column":0},"end":{"line":7,"column":41}},"5":{"start":{"line":9,"column":0},"end":{"line":9,"column":22}}},"fnMap":{},"branchMap":{},"s":{"0":6,"1":6,"2":6,"3":6,"4":6,"5":6},"f":{},"b":{}}
,"C:\\Users\\pasie\\OneDrive\\Dokumenty\\GO-IT\\TESTOWE PROJEKTY\\SO YUMMY\\SO-YUMMY-APP-BACKEND\\src\\routes\\api\\recipe.ts": {"path":"C:\\Users\\pasie\\OneDrive\\Dokumenty\\GO-IT\\TESTOWE PROJEKTY\\SO YUMMY\\SO-YUMMY-APP-BACKEND\\src\\routes\\api\\recipe.ts","statementMap":{"0":{"start":{"line":1,"column":0},"end":{"line":1,"column":30}},"1":{"start":{"line":2,"column":0},"end":{"line":2,"column":42}},"2":{"start":{"line":3,"column":0},"end":{"line":3,"column":null}},"3":{"start":{"line":11,"column":15},"end":{"line":11,"column":31}},"4":{"start":{"line":13,"column":0},"end":{"line":13,"column":34}},"5":{"start":{"line":14,"column":0},"end":{"line":14,"column":59}},"6":{"start":{"line":15,"column":0},"end":{"line":15,"column":54}},"7":{"start":{"line":16,"column":0},"end":{"line":16,"column":64}},"8":{"start":{"line":17,"column":0},"end":{"line":17,"column":40}},"9":{"start":{"line":19,"column":0},"end":{"line":19,"column":22}}},"fnMap":{},"branchMap":{},"s":{"0":6,"1":6,"2":6,"3":6,"4":6,"5":6,"6":6,"7":6,"8":6,"9":6},"f":{},"b":{}}
,"C:\\Users\\pasie\\OneDrive\\Dokumenty\\GO-IT\\TESTOWE PROJEKTY\\SO YUMMY\\SO-YUMMY-APP-BACKEND\\src\\routes\\api\\shoppingList.ts": {"path":"C:\\Users\\pasie\\OneDrive\\Dokumenty\\GO-IT\\TESTOWE PROJEKTY\\SO YUMMY\\SO-YUMMY-APP-BACKEND\\src\\routes\\api\\shoppingList.ts","statementMap":{"0":{"start":{"line":1,"column":0},"end":{"line":1,"column":30}},"1":{"start":{"line":2,"column":0},"end":{"line":2,"column":42}},"2":{"start":{"line":3,"column":0},"end":{"line":3,"column":null}},"3":{"start":{"line":9,"column":15},"end":{"line":9,"column":31}},"4":{"start":{"line":11,"column":0},"end":{"line":11,"column":39}},"5":{"start":{"line":12,"column":0},"end":{"line":12,"column":41}},"6":{"start":{"line":13,"column":0},"end":{"line":13,"column":49}},"7":{"start":{"line":15,"column":0},"end":{"line":15,"column":22}}},"fnMap":{},"branchMap":{},"s":{"0":6,"1":6,"2":6,"3":6,"4":6,"5":6,"6":6,"7":6},"f":{},"b":{}}
,"C:\\Users\\pasie\\OneDrive\\Dokumenty\\GO-IT\\TESTOWE PROJEKTY\\SO YUMMY\\SO-YUMMY-APP-BACKEND\\src\\routes\\api\\subscribe.ts": {"path":"C:\\Users\\pasie\\OneDrive\\Dokumenty\\GO-IT\\TESTOWE PROJEKTY\\SO YUMMY\\SO-YUMMY-APP-BACKEND\\src\\routes\\api\\subscribe.ts","statementMap":{"0":{"start":{"line":1,"column":0},"end":{"line":1,"column":30}},"1":{"start":{"line":2,"column":0},"end":{"line":2,"column":42}},"2":{"start":{"line":3,"column":0},"end":{"line":3,"column":58}},"3":{"start":{"line":4,"column":0},"end":{"line":4,"column":62}},"4":{"start":{"line":5,"column":0},"end":{"line":5,"column":54}},"5":{"start":{"line":7,"column":15},"end":{"line":7,"column":31}},"6":{"start":{"line":9,"column":0},"end":{"line":9,"column":72}},"7":{"start":{"line":11,"column":0},"end":{"line":11,"column":22}}},"fnMap":{},"branchMap":{},"s":{"0":6,"1":6,"2":6,"3":6,"4":6,"5":6,"6":6,"7":6},"f":{},"b":{}}
,"C:\\Users\\pasie\\OneDrive\\Dokumenty\\GO-IT\\TESTOWE PROJEKTY\\SO YUMMY\\SO-YUMMY-APP-BACKEND\\src\\routes\\api\\user.ts": {"path":"C:\\Users\\pasie\\OneDrive\\Dokumenty\\GO-IT\\TESTOWE PROJEKTY\\SO YUMMY\\SO-YUMMY-APP-BACKEND\\src\\routes\\api\\user.ts","statementMap":{"0":{"start":{"line":1,"column":0},"end":{"line":1,"column":67}},"1":{"start":{"line":2,"column":0},"end":{"line":2,"column":null}},"2":{"start":{"line":12,"column":0},"end":{"line":12,"column":42}},"3":{"start":{"line":13,"column":0},"end":{"line":13,"column":58}},"4":{"start":{"line":14,"column":0},"end":{"line":14,"column":null}},"5":{"start":{"line":20,"column":0},"end":{"line":20,"column":46}},"6":{"start":{"line":22,"column":15},"end":{"line":22,"column":31}},"7":{"start":{"line":24,"column":0},"end":{"line":24,"column":65}},"8":{"start":{"line":25,"column":0},"end":{"line":25,"column":54}},"9":{"start":{"line":26,"column":0},"end":{"line":26,"column":59}},"10":{"start":{"line":27,"column":0},"end":{"line":27,"column":67}},"11":{"start":{"line":28,"column":0},"end":{"line":28,"column":42}},"12":{"start":{"line":29,"column":0},"end":{"line":29,"column":38}},"13":{"start":{"line":30,"column":0},"end":{"line":36,"column":2}},"14":{"start":{"line":37,"column":0},"end":{"line":42,"column":2}},"15":{"start":{"line":44,"column":0},"end":{"line":44,"column":22}}},"fnMap":{},"branchMap":{},"s":{"0":6,"1":6,"2":6,"3":6,"4":6,"5":6,"6":6,"7":6,"8":6,"9":6,"10":6,"11":6,"12":6,"13":6,"14":6,"15":6},"f":{},"b":{}}
,"C:\\Users\\pasie\\OneDrive\\Dokumenty\\GO-IT\\TESTOWE PROJEKTY\\SO YUMMY\\SO-YUMMY-APP-BACKEND\\src\\schemas\\recipe.ts": {"path":"C:\\Users\\pasie\\OneDrive\\Dokumenty\\GO-IT\\TESTOWE PROJEKTY\\SO YUMMY\\SO-YUMMY-APP-BACKEND\\src\\schemas\\recipe.ts","statementMap":{"0":{"start":{"line":1,"column":0},"end":{"line":1,"column":22}},"1":{"start":{"line":3,"column":21},"end":{"line":14,"column":2}},"2":{"start":{"line":16,"column":0},"end":{"line":16,"column":28}}},"fnMap":{},"branchMap":{},"s":{"0":6,"1":6,"2":6},"f":{},"b":{}}
,"C:\\Users\\pasie\\OneDrive\\Dokumenty\\GO-IT\\TESTOWE PROJEKTY\\SO YUMMY\\SO-YUMMY-APP-BACKEND\\src\\schemas\\subscribeUser.ts": {"path":"C:\\Users\\pasie\\OneDrive\\Dokumenty\\GO-IT\\TESTOWE PROJEKTY\\SO YUMMY\\SO-YUMMY-APP-BACKEND\\src\\schemas\\subscribeUser.ts","statementMap":{"0":{"start":{"line":1,"column":0},"end":{"line":1,"column":22}},"1":{"start":{"line":3,"column":28},"end":{"line":8,"column":2}},"2":{"start":{"line":10,"column":0},"end":{"line":10,"column":35}}},"fnMap":{},"branchMap":{},"s":{"0":6,"1":6,"2":6},"f":{},"b":{}}
,"C:\\Users\\pasie\\OneDrive\\Dokumenty\\GO-IT\\TESTOWE PROJEKTY\\SO YUMMY\\SO-YUMMY-APP-BACKEND\\src\\schemas\\user.ts": {"path":"C:\\Users\\pasie\\OneDrive\\Dokumenty\\GO-IT\\TESTOWE PROJEKTY\\SO YUMMY\\SO-YUMMY-APP-BACKEND\\src\\schemas\\user.ts","statementMap":{"0":{"start":{"line":1,"column":0},"end":{"line":1,"column":22}},"1":{"start":{"line":3,"column":23},"end":{"line":19,"column":2}},"2":{"start":{"line":46,"column":9},"end":{"line":46,"column":23}},"3":{"start":{"line":21,"column":25},"end":{"line":27,"column":2}},"4":{"start":{"line":46,"column":39},"end":{"line":46,"column":55}},"5":{"start":{"line":29,"column":26},"end":{"line":31,"column":2}},"6":{"start":{"line":46,"column":57},"end":{"line":46,"column":74}},"7":{"start":{"line":33,"column":21},"end":{"line":44,"column":2}},"8":{"start":{"line":46,"column":25},"end":{"line":46,"column":37}}},"fnMap":{},"branchMap":{},"s":{"0":6,"1":6,"2":6,"3":6,"4":6,"5":6,"6":6,"7":6,"8":6},"f":{},"b":{}}
,"C:\\Users\\pasie\\OneDrive\\Dokumenty\\GO-IT\\TESTOWE PROJEKTY\\SO YUMMY\\SO-YUMMY-APP-BACKEND\\src\\services\\subscribeServices.ts": {"path":"C:\\Users\\pasie\\OneDrive\\Dokumenty\\GO-IT\\TESTOWE PROJEKTY\\SO YUMMY\\SO-YUMMY-APP-BACKEND\\src\\services\\subscribeServices.ts","statementMap":{"0":{"start":{"line":1,"column":0},"end":{"line":1,"column":60}},"1":{"start":{"line":9,"column":22},"end":{"line":17,"column":2}},"2":{"start":{"line":9,"column":83},"end":{"line":17,"column":2}},"3":{"start":{"line":10,"column":2},"end":{"line":16,"column":3}},"4":{"start":{"line":12,"column":4},"end":{"line":12,"column":42}},"5":{"start":{"line":14,"column":4},"end":{"line":14,"column":57}},"6":{"start":{"line":15,"column":4},"end":{"line":15,"column":16}},"7":{"start":{"line":34,"column":9},"end":{"line":34,"column":22}},"8":{"start":{"line":19,"column":24},"end":{"line":32,"column":2}},"9":{"start":{"line":22,"column":50},"end":{"line":32,"column":2}},"10":{"start":{"line":23,"column":2},"end":{"line":31,"column":3}},"11":{"start":{"line":24,"column":4},"end":{"line":27,"column":7}},"12":{"start":{"line":29,"column":4},"end":{"line":29,"column":57}},"13":{"start":{"line":30,"column":4},"end":{"line":30,"column":16}},"14":{"start":{"line":34,"column":24},"end":{"line":34,"column":39}}},"fnMap":{"0":{"name":"(anonymous_8)","decl":{"start":{"line":9,"column":22},"end":{"line":9,"column":29}},"loc":{"start":{"line":9,"column":83},"end":{"line":17,"column":2}}},"1":{"name":"(anonymous_9)","decl":{"start":{"line":9,"column":83},"end":{"line":9,"column":null}},"loc":{"start":{"line":9,"column":83},"end":{"line":17,"column":1}}},"2":{"name":"(anonymous_10)","decl":{"start":{"line":19,"column":24},"end":{"line":19,"column":31}},"loc":{"start":{"line":22,"column":50},"end":{"line":32,"column":2}}},"3":{"name":"(anonymous_11)","decl":{"start":{"line":22,"column":50},"end":{"line":22,"column":null}},"loc":{"start":{"line":22,"column":18},"end":{"line":32,"column":1}}}},"branchMap":{},"s":{"0":6,"1":6,"2":0,"3":0,"4":0,"5":0,"6":0,"7":6,"8":6,"9":0,"10":0,"11":0,"12":0,"13":0,"14":6},"f":{"0":0,"1":0,"2":0,"3":0},"b":{}}
,"C:\\Users\\pasie\\OneDrive\\Dokumenty\\GO-IT\\TESTOWE PROJEKTY\\SO YUMMY\\SO-YUMMY-APP-BACKEND\\src\\services\\user.ts": {"path":"C:\\Users\\pasie\\OneDrive\\Dokumenty\\GO-IT\\TESTOWE PROJEKTY\\SO YUMMY\\SO-YUMMY-APP-BACKEND\\src\\services\\user.ts","statementMap":{"0":{"start":{"line":1,"column":0},"end":{"line":1,"column":45}},"1":{"start":{"line":10,"column":20},"end":{"line":17,"column":2}},"2":{"start":{"line":10,"column":73},"end":{"line":17,"column":2}},"3":{"start":{"line":11,"column":2},"end":{"line":16,"column":3}},"4":{"start":{"line":12,"column":4},"end":{"line":12,"column":36}},"5":{"start":{"line":14,"column":4},"end":{"line":14,"column":25}},"6":{"start":{"line":15,"column":4},"end":{"line":15,"column":16}},"7":{"start":{"line":70,"column":28},"end":{"line":70,"column":39}},"8":{"start":{"line":19,"column":16},"end":{"line":44,"column":2}},"9":{"start":{"line":31,"column":28},"end":{"line":44,"column":2}},"10":{"start":{"line":32,"column":2},"end":{"line":43,"column":3}},"11":{"start":{"line":33,"column":4},"end":{"line":39,"column":7}},"12":{"start":{"line":41,"column":4},"end":{"line":41,"column":25}},"13":{"start":{"line":42,"column":4},"end":{"line":42,"column":16}},"14":{"start":{"line":70,"column":9},"end":{"line":70,"column":16}},"15":{"start":{"line":46,"column":17},"end":{"line":55,"column":2}},"16":{"start":{"line":46,"column":67},"end":{"line":55,"column":2}},"17":{"start":{"line":47,"column":2},"end":{"line":54,"column":3}},"18":{"start":{"line":48,"column":4},"end":{"line":48,"column":32}},"19":{"start":{"line":50,"column":4},"end":{"line":50,"column":37}},"20":{"start":{"line":52,"column":4},"end":{"line":52,"column":25}},"21":{"start":{"line":53,"column":4},"end":{"line":53,"column":16}},"22":{"start":{"line":70,"column":18},"end":{"line":70,"column":26}},"23":{"start":{"line":57,"column":19},"end":{"line":68,"column":2}},"24":{"start":{"line":60,"column":27},"end":{"line":68,"column":2}},"25":{"start":{"line":62,"column":2},"end":{"line":67,"column":3}},"26":{"start":{"line":63,"column":4},"end":{"line":63,"column":65}},"27":{"start":{"line":65,"column":4},"end":{"line":65,"column":23}},"28":{"start":{"line":66,"column":4},"end":{"line":66,"column":16}},"29":{"start":{"line":70,"column":41},"end":{"line":70,"column":51}}},"fnMap":{"0":{"name":"(anonymous_7)","decl":{"start":{"line":10,"column":20},"end":{"line":10,"column":27}},"loc":{"start":{"line":10,"column":73},"end":{"line":17,"column":2}}},"1":{"name":"(anonymous_8)","decl":{"start":{"line":10,"column":73},"end":{"line":10,"column":null}},"loc":{"start":{"line":10,"column":73},"end":{"line":17,"column":1}}},"2":{"name":"(anonymous_9)","decl":{"start":{"line":19,"column":16},"end":{"line":19,"column":23}},"loc":{"start":{"line":31,"column":28},"end":{"line":44,"column":2}}},"3":{"name":"(anonymous_10)","decl":{"start":{"line":31,"column":28},"end":{"line":31,"column":null}},"loc":{"start":{"line":31,"column":1},"end":{"line":44,"column":1}}},"4":{"name":"(anonymous_11)","decl":{"start":{"line":46,"column":17},"end":{"line":46,"column":24}},"loc":{"start":{"line":46,"column":67},"end":{"line":55,"column":2}}},"5":{"name":"(anonymous_12)","decl":{"start":{"line":46,"column":67},"end":{"line":46,"column":null}},"loc":{"start":{"line":46,"column":67},"end":{"line":55,"column":1}}},"6":{"name":"(anonymous_13)","decl":{"start":{"line":57,"column":19},"end":{"line":57,"column":null}},"loc":{"start":{"line":60,"column":27},"end":{"line":68,"column":2}}},"7":{"name":"(anonymous_14)","decl":{"start":{"line":60,"column":27},"end":{"line":60,"column":null}},"loc":{"start":{"line":60,"column":27},"end":{"line":68,"column":1}}}},"branchMap":{},"s":{"0":6,"1":6,"2":0,"3":0,"4":0,"5":0,"6":0,"7":6,"8":6,"9":0,"10":0,"11":0,"12":0,"13":0,"14":6,"15":6,"16":0,"17":0,"18":0,"19":0,"20":0,"21":0,"22":6,"23":6,"24":0,"25":0,"26":0,"27":0,"28":0,"29":6},"f":{"0":0,"1":0,"2":0,"3":0,"4":0,"5":0,"6":0,"7":0},"b":{}}
,"C:\\Users\\pasie\\OneDrive\\Dokumenty\\GO-IT\\TESTOWE PROJEKTY\\SO YUMMY\\SO-YUMMY-APP-BACKEND\\src\\utils\\emailService.ts": {"path":"C:\\Users\\pasie\\OneDrive\\Dokumenty\\GO-IT\\TESTOWE PROJEKTY\\SO YUMMY\\SO-YUMMY-APP-BACKEND\\src\\utils\\emailService.ts","statementMap":{"0":{"start":{"line":1,"column":0},"end":{"line":1,"column":36}},"1":{"start":{"line":2,"column":0},"end":{"line":2,"column":28}},"2":{"start":{"line":4,"column":0},"end":{"line":4,"column":16}},"3":{"start":{"line":18,"column":0},"end":{"line":18,"column":57}},"4":{"start":{"line":20,"column":30},"end":{"line":48,"column":2}},"5":{"start":{"line":23,"column":46},"end":{"line":48,"column":2}},"6":{"start":{"line":24,"column":2},"end":{"line":26,"column":3}},"7":{"start":{"line":25,"column":4},"end":{"line":25,"column":55}},"8":{"start":{"line":28,"column":14},"end":{"line":38,"column":4}},"9":{"start":{"line":40,"column":2},"end":{"line":47,"column":3}},"10":{"start":{"line":41,"column":4},"end":{"line":41,"column":27}},"11":{"start":{"line":43,"column":4},"end":{"line":46,"column":6}},"12":{"start":{"line":75,"column":9},"end":{"line":75,"column":30}},"13":{"start":{"line":50,"column":30},"end":{"line":73,"column":2}},"14":{"start":{"line":55,"column":41},"end":{"line":73,"column":2}},"15":{"start":{"line":56,"column":14},"end":{"line":62,"column":4}},"16":{"start":{"line":64,"column":2},"end":{"line":72,"column":3}},"17":{"start":{"line":65,"column":4},"end":{"line":65,"column":27}},"18":{"start":{"line":66,"column":4},"end":{"line":66,"column":43}},"19":{"start":{"line":68,"column":4},"end":{"line":71,"column":6}},"20":{"start":{"line":75,"column":32},"end":{"line":75,"column":53}}},"fnMap":{"0":{"name":"(anonymous_8)","decl":{"start":{"line":20,"column":30},"end":{"line":20,"column":37}},"loc":{"start":{"line":23,"column":46},"end":{"line":48,"column":2}}},"1":{"name":"(anonymous_9)","decl":{"start":{"line":23,"column":46},"end":{"line":23,"column":null}},"loc":{"start":{"line":23,"column":27},"end":{"line":48,"column":1}}},"2":{"name":"(anonymous_10)","decl":{"start":{"line":50,"column":30},"end":{"line":50,"column":37}},"loc":{"start":{"line":55,"column":41},"end":{"line":73,"column":2}}},"3":{"name":"(anonymous_11)","decl":{"start":{"line":55,"column":41},"end":{"line":55,"column":null}},"loc":{"start":{"line":55,"column":22},"end":{"line":73,"column":1}}}},"branchMap":{"0":{"loc":{"start":{"line":24,"column":2},"end":{"line":26,"column":3}},"type":"if","locations":[{"start":{"line":24,"column":2},"end":{"line":26,"column":3}}]},"1":{"loc":{"start":{"line":45,"column":6},"end":{"line":45,"column":50}},"type":"cond-expr","locations":[{"start":{"line":45,"column":23},"end":{"line":45,"column":42}},{"start":{"line":45,"column":45},"end":{"line":45,"column":50}}]},"2":{"loc":{"start":{"line":59,"column":13},"end":{"line":59,"column":44}},"type":"binary-expr","locations":[{"start":{"line":59,"column":13},"end":{"line":59,"column":20}},{"start":{"line":59,"column":24},"end":{"line":59,"column":44}}]},"3":{"loc":{"start":{"line":60,"column":10},"end":{"line":60,"column":20}},"type":"binary-expr","locations":[{"start":{"line":60,"column":10},"end":{"line":60,"column":14}},{"start":{"line":60,"column":18},"end":{"line":60,"column":20}}]},"4":{"loc":{"start":{"line":61,"column":10},"end":{"line":61,"column":20}},"type":"binary-expr","locations":[{"start":{"line":61,"column":10},"end":{"line":61,"column":14}},{"start":{"line":61,"column":18},"end":{"line":61,"column":20}}]},"5":{"loc":{"start":{"line":70,"column":6},"end":{"line":70,"column":50}},"type":"cond-expr","locations":[{"start":{"line":70,"column":23},"end":{"line":70,"column":42}},{"start":{"line":70,"column":45},"end":{"line":70,"column":50}}]}},"s":{"0":4,"1":4,"2":4,"3":4,"4":4,"5":0,"6":0,"7":0,"8":0,"9":0,"10":0,"11":0,"12":4,"13":4,"14":0,"15":0,"16":0,"17":0,"18":0,"19":0,"20":4},"f":{"0":0,"1":0,"2":0,"3":0},"b":{"0":[0],"1":[0,0],"2":[0,0],"3":[0,0],"4":[0,0],"5":[0,0]}}
,"C:\\Users\\pasie\\OneDrive\\Dokumenty\\GO-IT\\TESTOWE PROJEKTY\\SO YUMMY\\SO-YUMMY-APP-BACKEND\\src\\utils\\handleErrors.ts": {"path":"C:\\Users\\pasie\\OneDrive\\Dokumenty\\GO-IT\\TESTOWE PROJEKTY\\SO YUMMY\\SO-YUMMY-APP-BACKEND\\src\\utils\\handleErrors.ts","statementMap":{"0":{"start":{"line":1,"column":52},"end":{"line":7,"column":2}},"1":{"start":{"line":13,"column":20},"end":{"line":20,"column":1}},"2":{"start":{"line":17,"column":29},"end":{"line":17,"column":47}},"3":{"start":{"line":18,"column":2},"end":{"line":18,"column":24}},"4":{"start":{"line":19,"column":2},"end":{"line":19,"column":15}},"5":{"start":{"line":22,"column":0},"end":{"line":22,"column":27}}},"fnMap":{"0":{"name":"(anonymous_0)","decl":{"start":{"line":13,"column":20},"end":{"line":13,"column":null}},"loc":{"start":{"line":16,"column":17},"end":{"line":20,"column":1}}}},"branchMap":{"0":{"loc":{"start":{"line":15,"column":2},"end":{"line":15,"column":44}},"type":"default-arg","locations":[{"start":{"line":15,"column":20},"end":{"line":15,"column":44}}]}},"s":{"0":6,"1":6,"2":54,"3":54,"4":54,"5":6},"f":{"0":54},"b":{"0":[10]}}
}
