{"C:\\Users\\pasie\\OneDrive\\Dokumenty\\GO-IT\\TESTOWE PROJEKTY\\SO YUMMY\\SO-YUMMY-APP-BACKEND\\src\\app.ts": {"path":"C:\\Users\\pasie\\OneDrive\\Dokumenty\\GO-IT\\TESTOWE PROJEKTY\\SO YUMMY\\SO-YUMMY-APP-BACKEND\\src\\app.ts","statementMap":{"0":{"start":{"line":1,"column":0},"end":{"line":1,"column":67}},"1":{"start":{"line":2,"column":0},"end":{"line":2,"column":24}},"2":{"start":{"line":3,"column":0},"end":{"line":3,"column":28}},"3":{"start":{"line":4,"column":0},"end":{"line":4,"column":43}},"4":{"start":{"line":5,"column":0},"end":{"line":5,"column":28}},"5":{"start":{"line":6,"column":0},"end":{"line":6,"column":43}},"6":{"start":{"line":7,"column":0},"end":{"line":7,"column":53}},"7":{"start":{"line":8,"column":0},"end":{"line":8,"column":47}},"8":{"start":{"line":9,"column":0},"end":{"line":9,"column":57}},"9":{"start":{"line":10,"column":0},"end":{"line":10,"column":55}},"10":{"start":{"line":11,"column":0},"end":{"line":11,"column":58}},"11":{"start":{"line":12,"column":0},"end":{"line":12,"column":62}},"12":{"start":{"line":13,"column":0},"end":{"line":13,"column":59}},"13":{"start":{"line":15,"column":0},"end":{"line":15,"column":58}},"14":{"start":{"line":17,"column":0},"end":{"line":17,"column":16}},"15":{"start":{"line":18,"column":0},"end":{"line":18,"column":36}},"16":{"start":{"line":20,"column":12},"end":{"line":20,"column":21}},"17":{"start":{"line":21,"column":24},"end":{"line":21,"column":50}},"18":{"start":{"line":22,"column":22},"end":{"line":22,"column":72}},"19":{"start":{"line":24,"column":2},"end":{"line":24,"column":78}},"20":{"start":{"line":26,"column":21},"end":{"line":26,"column":45}},"21":{"start":{"line":28,"column":0},"end":{"line":28,"column":31}},"22":{"start":{"line":30,"column":0},"end":{"line":30,"column":41}},"23":{"start":{"line":31,"column":0},"end":{"line":31,"column":63}},"24":{"start":{"line":33,"column":0},"end":{"line":33,"column":34}},"25":{"start":{"line":34,"column":23},"end":{"line":37,"column":2}},"26":{"start":{"line":39,"column":0},"end":{"line":53,"column":2}},"27":{"start":{"line":42,"column":6},"end":{"line":46,"column":7}},"28":{"start":{"line":43,"column":8},"end":{"line":43,"column":29}},"29":{"start":{"line":45,"column":8},"end":{"line":45,"column":51}},"30":{"start":{"line":56,"column":0},"end":{"line":64,"column":3}},"31":{"start":{"line":57,"column":2},"end":{"line":57,"column":49}},"32":{"start":{"line":58,"column":2},"end":{"line":58,"column":79}},"33":{"start":{"line":59,"column":2},"end":{"line":62,"column":4}},"34":{"start":{"line":63,"column":2},"end":{"line":63,"column":22}},"35":{"start":{"line":66,"column":0},"end":{"line":70,"column":2}},"36":{"start":{"line":71,"column":0},"end":{"line":71,"column":34}},"37":{"start":{"line":72,"column":0},"end":{"line":72,"column":43}},"38":{"start":{"line":73,"column":0},"end":{"line":73,"column":38}},"39":{"start":{"line":74,"column":0},"end":{"line":74,"column":47}},"40":{"start":{"line":75,"column":0},"end":{"line":75,"column":45}},"41":{"start":{"line":76,"column":0},"end":{"line":76,"column":41}},"42":{"start":{"line":77,"column":0},"end":{"line":77,"column":53}},"43":{"start":{"line":78,"column":0},"end":{"line":78,"column":50}},"44":{"start":{"line":80,"column":0},"end":{"line":82,"column":3}},"45":{"start":{"line":81,"column":2},"end":{"line":81,"column":31}},"46":{"start":{"line":84,"column":0},"end":{"line":86,"column":3}},"47":{"start":{"line":85,"column":2},"end":{"line":85,"column":42}},"48":{"start":{"line":88,"column":0},"end":{"line":92,"column":3}},"49":{"start":{"line":89,"column":17},"end":{"line":89,"column":36}},"50":{"start":{"line":90,"column":18},"end":{"line":90,"column":58}},"51":{"start":{"line":91,"column":2},"end":{"line":91,"column":46}},"52":{"start":{"line":94,"column":0},"end":{"line":94,"column":19}}},"fnMap":{"0":{"name":"(anonymous_1)","decl":{"start":{"line":41,"column":12},"end":{"line":41,"column":13}},"loc":{"start":{"line":41,"column":33},"end":{"line":47,"column":5}}},"1":{"name":"(anonymous_2)","decl":{"start":{"line":56,"column":17},"end":{"line":56,"column":18}},"loc":{"start":{"line":56,"column":49},"end":{"line":64,"column":1}}},"2":{"name":"(anonymous_3)","decl":{"start":{"line":80,"column":13},"end":{"line":80,"column":14}},"loc":{"start":{"line":80,"column":45},"end":{"line":82,"column":1}}},"3":{"name":"(anonymous_4)","decl":{"start":{"line":84,"column":8},"end":{"line":84,"column":9}},"loc":{"start":{"line":84,"column":70},"end":{"line":86,"column":1}}},"4":{"name":"(anonymous_5)","decl":{"start":{"line":88,"column":8},"end":{"line":88,"column":9}},"loc":{"start":{"line":88,"column":72},"end":{"line":92,"column":1}}}},"branchMap":{"0":{"loc":{"start":{"line":22,"column":22},"end":{"line":22,"column":72}},"type":"cond-expr","locations":[{"start":{"line":22,"column":57},"end":{"line":22,"column":62}},{"start":{"line":22,"column":65},"end":{"line":22,"column":72}}]},"1":{"loc":{"start":{"line":42,"column":6},"end":{"line":46,"column":7}},"type":"if","locations":[{"start":{"line":42,"column":6},"end":{"line":46,"column":7}},{"start":{"line":44,"column":13},"end":{"line":46,"column":7}}]},"2":{"loc":{"start":{"line":42,"column":10},"end":{"line":42,"column":52}},"type":"binary-expr","locations":[{"start":{"line":42,"column":10},"end":{"line":42,"column":17}},{"start":{"line":42,"column":21},"end":{"line":42,"column":52}}]},"3":{"loc":{"start":{"line":89,"column":17},"end":{"line":89,"column":36}},"type":"binary-expr","locations":[{"start":{"line":89,"column":17},"end":{"line":89,"column":29}},{"start":{"line":89,"column":33},"end":{"line":89,"column":36}}]},"4":{"loc":{"start":{"line":90,"column":18},"end":{"line":90,"column":58}},"type":"binary-expr","locations":[{"start":{"line":90,"column":18},"end":{"line":90,"column":31}},{"start":{"line":90,"column":35},"end":{"line":90,"column":58}}]}},"s":{"0":3,"1":3,"2":3,"3":3,"4":3,"5":3,"6":3,"7":3,"8":3,"9":3,"10":3,"11":3,"12":3,"13":3,"14":3,"15":3,"16":3,"17":3,"18":3,"19":3,"20":3,"21":3,"22":3,"23":3,"24":3,"25":3,"26":3,"27":52,"28":51,"29":1,"30":3,"31":0,"32":0,"33":0,"34":0,"35":3,"36":3,"37":3,"38":3,"39":3,"40":3,"41":3,"42":3,"43":3,"44":3,"45":1,"46":3,"47":35,"48":3,"49":34,"50":34,"51":34,"52":3},"f":{"0":52,"1":0,"2":1,"3":35,"4":34},"b":{"0":[0,3],"1":[51,1],"2":[52,2],"3":[34,4],"4":[34,0]}}
,"C:\\Users\\pasie\\OneDrive\\Dokumenty\\GO-IT\\TESTOWE PROJEKTY\\SO YUMMY\\SO-YUMMY-APP-BACKEND\\src\\config\\passport-config.ts": {"path":"C:\\Users\\pasie\\OneDrive\\Dokumenty\\GO-IT\\TESTOWE PROJEKTY\\SO YUMMY\\SO-YUMMY-APP-BACKEND\\src\\config\\passport-config.ts","statementMap":{"0":{"start":{"line":1,"column":0},"end":{"line":1,"column":32}},"1":{"start":{"line":2,"column":0},"end":{"line":2,"column":39}},"2":{"start":{"line":4,"column":0},"end":{"line":4,"column":38}},"3":{"start":{"line":5,"column":0},"end":{"line":5,"column":28}},"4":{"start":{"line":7,"column":0},"end":{"line":7,"column":16}},"5":{"start":{"line":9,"column":15},"end":{"line":9,"column":33}},"6":{"start":{"line":11,"column":0},"end":{"line":13,"column":1}},"7":{"start":{"line":12,"column":2},"end":{"line":12,"column":64}},"8":{"start":{"line":15,"column":19},"end":{"line":15,"column":41}},"9":{"start":{"line":16,"column":17},"end":{"line":16,"column":37}},"10":{"start":{"line":17,"column":15},"end":{"line":20,"column":2}},"11":{"start":{"line":22,"column":0},"end":{"line":40,"column":2}},"12":{"start":{"line":28,"column":8},"end":{"line":38,"column":null}},"13":{"start":{"line":29,"column":6},"end":{"line":37,"column":7}},"14":{"start":{"line":30,"column":21},"end":{"line":30,"column":60}},"15":{"start":{"line":31,"column":8},"end":{"line":33,"column":9}},"16":{"start":{"line":32,"column":10},"end":{"line":32,"column":66}},"17":{"start":{"line":34,"column":8},"end":{"line":34,"column":32}},"18":{"start":{"line":36,"column":8},"end":{"line":36,"column":32}},"19":{"start":{"line":42,"column":0},"end":{"line":42,"column":24}}},"fnMap":{"0":{"name":"(anonymous_8)","decl":{"start":{"line":25,"column":4},"end":{"line":25,"column":null}},"loc":{"start":{"line":28,"column":8},"end":{"line":38,"column":null}}},"1":{"name":"(anonymous_9)","decl":{"start":{"line":28,"column":8},"end":{"line":28,"column":null}},"loc":{"start":{"line":28,"column":8},"end":{"line":38,"column":5}}}},"branchMap":{"0":{"loc":{"start":{"line":11,"column":0},"end":{"line":13,"column":1}},"type":"if","locations":[{"start":{"line":11,"column":0},"end":{"line":13,"column":1}}]},"1":{"loc":{"start":{"line":31,"column":8},"end":{"line":33,"column":9}},"type":"if","locations":[{"start":{"line":31,"column":8},"end":{"line":33,"column":9}}]}},"s":{"0":3,"1":3,"2":3,"3":3,"4":3,"5":3,"6":3,"7":0,"8":3,"9":3,"10":3,"11":3,"12":16,"13":16,"14":16,"15":16,"16":0,"17":16,"18":0,"19":3},"f":{"0":16,"1":16},"b":{"0":[0],"1":[0]}}
,"C:\\Users\\pasie\\OneDrive\\Dokumenty\\GO-IT\\TESTOWE PROJEKTY\\SO YUMMY\\SO-YUMMY-APP-BACKEND\\src\\controller\\favoriteRecipes.ts": {"path":"C:\\Users\\pasie\\OneDrive\\Dokumenty\\GO-IT\\TESTOWE PROJEKTY\\SO YUMMY\\SO-YUMMY-APP-BACKEND\\src\\controller\\favoriteRecipes.ts","statementMap":{"0":{"start":{"line":2,"column":0},"end":{"line":2,"column":38}},"1":{"start":{"line":3,"column":0},"end":{"line":3,"column":48}},"2":{"start":{"line":6,"column":21},"end":{"line":37,"column":2}},"3":{"start":{"line":6,"column":94},"end":{"line":37,"column":2}},"4":{"start":{"line":7,"column":2},"end":{"line":36,"column":3}},"5":{"start":{"line":8,"column":20},"end":{"line":8,"column":42}},"6":{"start":{"line":9,"column":4},"end":{"line":11,"column":5}},"7":{"start":{"line":10,"column":6},"end":{"line":10,"column":52}},"8":{"start":{"line":13,"column":34},"end":{"line":13,"column":43}},"9":{"start":{"line":14,"column":23},"end":{"line":14,"column":51}},"10":{"start":{"line":15,"column":24},"end":{"line":15,"column":53}},"11":{"start":{"line":16,"column":17},"end":{"line":16,"column":47}},"12":{"start":{"line":18,"column":28},"end":{"line":20,"column":25}},"13":{"start":{"line":22,"column":34},"end":{"line":24,"column":6}},"14":{"start":{"line":26,"column":4},"end":{"line":33,"column":7}},"15":{"start":{"line":35,"column":4},"end":{"line":35,"column":53}},"16":{"start":{"line":96,"column":2},"end":{"line":96,"column":14}},"17":{"start":{"line":39,"column":23},"end":{"line":67,"column":2}},"18":{"start":{"line":39,"column":96},"end":{"line":67,"column":2}},"19":{"start":{"line":40,"column":2},"end":{"line":66,"column":3}},"20":{"start":{"line":41,"column":25},"end":{"line":41,"column":35}},"21":{"start":{"line":42,"column":20},"end":{"line":42,"column":42}},"22":{"start":{"line":43,"column":4},"end":{"line":45,"column":5}},"23":{"start":{"line":44,"column":6},"end":{"line":44,"column":52}},"24":{"start":{"line":47,"column":19},"end":{"line":50,"column":null}},"25":{"start":{"line":53,"column":4},"end":{"line":55,"column":5}},"26":{"start":{"line":54,"column":6},"end":{"line":54,"column":56}},"27":{"start":{"line":57,"column":4},"end":{"line":63,"column":7}},"28":{"start":{"line":65,"column":4},"end":{"line":65,"column":53}},"29":{"start":{"line":94,"column":2},"end":{"line":94,"column":16}},"30":{"start":{"line":69,"column":27},"end":{"line":91,"column":2}},"31":{"start":{"line":69,"column":100},"end":{"line":91,"column":2}},"32":{"start":{"line":70,"column":2},"end":{"line":90,"column":3}},"33":{"start":{"line":71,"column":25},"end":{"line":71,"column":35}},"34":{"start":{"line":72,"column":20},"end":{"line":72,"column":42}},"35":{"start":{"line":73,"column":4},"end":{"line":75,"column":5}},"36":{"start":{"line":74,"column":6},"end":{"line":74,"column":52}},"37":{"start":{"line":77,"column":19},"end":{"line":80,"column":null}},"38":{"start":{"line":83,"column":4},"end":{"line":85,"column":5}},"39":{"start":{"line":84,"column":6},"end":{"line":84,"column":56}},"40":{"start":{"line":87,"column":4},"end":{"line":87,"column":77}},"41":{"start":{"line":89,"column":4},"end":{"line":89,"column":53}},"42":{"start":{"line":95,"column":2},"end":{"line":95,"column":20}}},"fnMap":{"0":{"name":"(anonymous_8)","decl":{"start":{"line":6,"column":21},"end":{"line":6,"column":28}},"loc":{"start":{"line":6,"column":94},"end":{"line":37,"column":2}}},"1":{"name":"(anonymous_9)","decl":{"start":{"line":6,"column":94},"end":{"line":6,"column":null}},"loc":{"start":{"line":6,"column":94},"end":{"line":37,"column":1}}},"2":{"name":"(anonymous_10)","decl":{"start":{"line":39,"column":23},"end":{"line":39,"column":30}},"loc":{"start":{"line":39,"column":96},"end":{"line":67,"column":2}}},"3":{"name":"(anonymous_11)","decl":{"start":{"line":39,"column":96},"end":{"line":39,"column":null}},"loc":{"start":{"line":39,"column":96},"end":{"line":67,"column":1}}},"4":{"name":"(anonymous_12)","decl":{"start":{"line":69,"column":27},"end":{"line":69,"column":34}},"loc":{"start":{"line":69,"column":100},"end":{"line":91,"column":2}}},"5":{"name":"(anonymous_13)","decl":{"start":{"line":69,"column":100},"end":{"line":69,"column":null}},"loc":{"start":{"line":69,"column":100},"end":{"line":91,"column":1}}}},"branchMap":{"0":{"loc":{"start":{"line":9,"column":4},"end":{"line":11,"column":5}},"type":"if","locations":[{"start":{"line":9,"column":4},"end":{"line":11,"column":5}}]},"1":{"loc":{"start":{"line":13,"column":10},"end":{"line":13,"column":18}},"type":"default-arg","locations":[{"start":{"line":13,"column":17},"end":{"line":13,"column":18}}]},"2":{"loc":{"start":{"line":13,"column":20},"end":{"line":13,"column":29}},"type":"default-arg","locations":[{"start":{"line":13,"column":28},"end":{"line":13,"column":29}}]},"3":{"loc":{"start":{"line":43,"column":4},"end":{"line":45,"column":5}},"type":"if","locations":[{"start":{"line":43,"column":4},"end":{"line":45,"column":5}}]},"4":{"loc":{"start":{"line":53,"column":4},"end":{"line":55,"column":5}},"type":"if","locations":[{"start":{"line":53,"column":4},"end":{"line":55,"column":5}}]},"5":{"loc":{"start":{"line":73,"column":4},"end":{"line":75,"column":5}},"type":"if","locations":[{"start":{"line":73,"column":4},"end":{"line":75,"column":5}}]},"6":{"loc":{"start":{"line":83,"column":4},"end":{"line":85,"column":5}},"type":"if","locations":[{"start":{"line":83,"column":4},"end":{"line":85,"column":5}}]}},"s":{"0":3,"1":3,"2":3,"3":0,"4":0,"5":0,"6":0,"7":0,"8":0,"9":0,"10":0,"11":0,"12":0,"13":0,"14":0,"15":0,"16":3,"17":3,"18":0,"19":0,"20":0,"21":0,"22":0,"23":0,"24":0,"25":0,"26":0,"27":0,"28":0,"29":3,"30":3,"31":0,"32":0,"33":0,"34":0,"35":0,"36":0,"37":0,"38":0,"39":0,"40":0,"41":0,"42":3},"f":{"0":0,"1":0,"2":0,"3":0,"4":0,"5":0},"b":{"0":[0],"1":[0],"2":[0],"3":[0],"4":[0],"5":[0],"6":[0]}}
,"C:\\Users\\pasie\\OneDrive\\Dokumenty\\GO-IT\\TESTOWE PROJEKTY\\SO YUMMY\\SO-YUMMY-APP-BACKEND\\src\\controller\\ingredients.ts": {"path":"C:\\Users\\pasie\\OneDrive\\Dokumenty\\GO-IT\\TESTOWE PROJEKTY\\SO YUMMY\\SO-YUMMY-APP-BACKEND\\src\\controller\\ingredients.ts","statementMap":{"0":{"start":{"line":2,"column":0},"end":{"line":2,"column":46}},"1":{"start":{"line":3,"column":0},"end":{"line":3,"column":48}},"2":{"start":{"line":5,"column":26},"end":{"line":19,"column":2}},"3":{"start":{"line":5,"column":99},"end":{"line":19,"column":2}},"4":{"start":{"line":6,"column":2},"end":{"line":18,"column":3}},"5":{"start":{"line":7,"column":24},"end":{"line":7,"column":47}},"6":{"start":{"line":9,"column":4},"end":{"line":15,"column":7}},"7":{"start":{"line":17,"column":4},"end":{"line":17,"column":53}},"8":{"start":{"line":44,"column":2},"end":{"line":44,"column":19}},"9":{"start":{"line":21,"column":26},"end":{"line":41,"column":2}},"10":{"start":{"line":21,"column":99},"end":{"line":41,"column":2}},"11":{"start":{"line":22,"column":2},"end":{"line":40,"column":3}},"12":{"start":{"line":23,"column":19},"end":{"line":23,"column":29}},"13":{"start":{"line":25,"column":23},"end":{"line":25,"column":52}},"14":{"start":{"line":27,"column":4},"end":{"line":29,"column":5}},"15":{"start":{"line":28,"column":6},"end":{"line":28,"column":60}},"16":{"start":{"line":31,"column":4},"end":{"line":37,"column":7}},"17":{"start":{"line":39,"column":4},"end":{"line":39,"column":53}},"18":{"start":{"line":45,"column":2},"end":{"line":45,"column":19}}},"fnMap":{"0":{"name":"(anonymous_8)","decl":{"start":{"line":5,"column":26},"end":{"line":5,"column":33}},"loc":{"start":{"line":5,"column":99},"end":{"line":19,"column":2}}},"1":{"name":"(anonymous_9)","decl":{"start":{"line":5,"column":99},"end":{"line":5,"column":null}},"loc":{"start":{"line":5,"column":99},"end":{"line":19,"column":1}}},"2":{"name":"(anonymous_10)","decl":{"start":{"line":21,"column":26},"end":{"line":21,"column":33}},"loc":{"start":{"line":21,"column":99},"end":{"line":41,"column":2}}},"3":{"name":"(anonymous_11)","decl":{"start":{"line":21,"column":99},"end":{"line":21,"column":null}},"loc":{"start":{"line":21,"column":99},"end":{"line":41,"column":1}}}},"branchMap":{"0":{"loc":{"start":{"line":27,"column":4},"end":{"line":29,"column":5}},"type":"if","locations":[{"start":{"line":27,"column":4},"end":{"line":29,"column":5}}]}},"s":{"0":3,"1":3,"2":3,"3":0,"4":0,"5":0,"6":0,"7":0,"8":3,"9":3,"10":0,"11":0,"12":0,"13":0,"14":0,"15":0,"16":0,"17":0,"18":3},"f":{"0":0,"1":0,"2":0,"3":0},"b":{"0":[0]}}
,"C:\\Users\\pasie\\OneDrive\\Dokumenty\\GO-IT\\TESTOWE PROJEKTY\\SO YUMMY\\SO-YUMMY-APP-BACKEND\\src\\controller\\ownRecipe.ts": {"path":"C:\\Users\\pasie\\OneDrive\\Dokumenty\\GO-IT\\TESTOWE PROJEKTY\\SO YUMMY\\SO-YUMMY-APP-BACKEND\\src\\controller\\ownRecipe.ts","statementMap":{"0":{"start":{"line":2,"column":0},"end":{"line":2,"column":38}},"1":{"start":{"line":3,"column":0},"end":{"line":3,"column":48}},"2":{"start":{"line":6,"column":22},"end":{"line":58,"column":2}},"3":{"start":{"line":10,"column":19},"end":{"line":58,"column":2}},"4":{"start":{"line":11,"column":2},"end":{"line":57,"column":3}},"5":{"start":{"line":12,"column":20},"end":{"line":12,"column":42}},"6":{"start":{"line":14,"column":4},"end":{"line":16,"column":5}},"7":{"start":{"line":15,"column":6},"end":{"line":15,"column":52}},"8":{"start":{"line":18,"column":34},"end":{"line":18,"column":43}},"9":{"start":{"line":19,"column":23},"end":{"line":19,"column":51}},"10":{"start":{"line":20,"column":24},"end":{"line":20,"column":53}},"11":{"start":{"line":21,"column":17},"end":{"line":21,"column":47}},"12":{"start":{"line":23,"column":28},"end":{"line":23,"column":74}},"13":{"start":{"line":24,"column":23},"end":{"line":24,"column":63}},"14":{"start":{"line":26,"column":4},"end":{"line":37,"column":5}},"15":{"start":{"line":27,"column":6},"end":{"line":35,"column":9}},"16":{"start":{"line":36,"column":6},"end":{"line":36,"column":13}},"17":{"start":{"line":39,"column":23},"end":{"line":41,"column":25}},"18":{"start":{"line":43,"column":4},"end":{"line":45,"column":5}},"19":{"start":{"line":44,"column":6},"end":{"line":44,"column":61}},"20":{"start":{"line":47,"column":4},"end":{"line":54,"column":7}},"21":{"start":{"line":56,"column":4},"end":{"line":56,"column":53}},"22":{"start":{"line":109,"column":9},"end":{"line":109,"column":22}},"23":{"start":{"line":60,"column":21},"end":{"line":86,"column":2}},"24":{"start":{"line":64,"column":19},"end":{"line":86,"column":2}},"25":{"start":{"line":65,"column":2},"end":{"line":85,"column":3}},"26":{"start":{"line":66,"column":20},"end":{"line":66,"column":42}},"27":{"start":{"line":67,"column":4},"end":{"line":69,"column":5}},"28":{"start":{"line":68,"column":6},"end":{"line":68,"column":52}},"29":{"start":{"line":71,"column":22},"end":{"line":73,"column":null}},"30":{"start":{"line":76,"column":4},"end":{"line":82,"column":7}},"31":{"start":{"line":84,"column":4},"end":{"line":84,"column":53}},"32":{"start":{"line":109,"column":24},"end":{"line":109,"column":36}},"33":{"start":{"line":88,"column":24},"end":{"line":107,"column":2}},"34":{"start":{"line":92,"column":19},"end":{"line":107,"column":2}},"35":{"start":{"line":93,"column":2},"end":{"line":106,"column":3}},"36":{"start":{"line":94,"column":25},"end":{"line":94,"column":35}},"37":{"start":{"line":95,"column":19},"end":{"line":95,"column":59}},"38":{"start":{"line":96,"column":4},"end":{"line":98,"column":5}},"39":{"start":{"line":97,"column":6},"end":{"line":97,"column":59}},"40":{"start":{"line":99,"column":4},"end":{"line":103,"column":7}},"41":{"start":{"line":105,"column":4},"end":{"line":105,"column":53}},"42":{"start":{"line":109,"column":38},"end":{"line":109,"column":53}}},"fnMap":{"0":{"name":"(anonymous_8)","decl":{"start":{"line":6,"column":22},"end":{"line":6,"column":null}},"loc":{"start":{"line":10,"column":19},"end":{"line":58,"column":2}}},"1":{"name":"(anonymous_9)","decl":{"start":{"line":10,"column":19},"end":{"line":10,"column":null}},"loc":{"start":{"line":10,"column":19},"end":{"line":58,"column":1}}},"2":{"name":"(anonymous_10)","decl":{"start":{"line":60,"column":21},"end":{"line":60,"column":null}},"loc":{"start":{"line":64,"column":19},"end":{"line":86,"column":2}}},"3":{"name":"(anonymous_11)","decl":{"start":{"line":64,"column":19},"end":{"line":64,"column":null}},"loc":{"start":{"line":64,"column":19},"end":{"line":86,"column":1}}},"4":{"name":"(anonymous_12)","decl":{"start":{"line":88,"column":24},"end":{"line":88,"column":null}},"loc":{"start":{"line":92,"column":19},"end":{"line":107,"column":2}}},"5":{"name":"(anonymous_13)","decl":{"start":{"line":92,"column":19},"end":{"line":92,"column":null}},"loc":{"start":{"line":92,"column":19},"end":{"line":107,"column":1}}}},"branchMap":{"0":{"loc":{"start":{"line":14,"column":4},"end":{"line":16,"column":5}},"type":"if","locations":[{"start":{"line":14,"column":4},"end":{"line":16,"column":5}}]},"1":{"loc":{"start":{"line":18,"column":10},"end":{"line":18,"column":18}},"type":"default-arg","locations":[{"start":{"line":18,"column":17},"end":{"line":18,"column":18}}]},"2":{"loc":{"start":{"line":18,"column":20},"end":{"line":18,"column":29}},"type":"default-arg","locations":[{"start":{"line":18,"column":28},"end":{"line":18,"column":29}}]},"3":{"loc":{"start":{"line":26,"column":4},"end":{"line":37,"column":5}},"type":"if","locations":[{"start":{"line":26,"column":4},"end":{"line":37,"column":5}}]},"4":{"loc":{"start":{"line":43,"column":4},"end":{"line":45,"column":5}},"type":"if","locations":[{"start":{"line":43,"column":4},"end":{"line":45,"column":5}}]},"5":{"loc":{"start":{"line":67,"column":4},"end":{"line":69,"column":5}},"type":"if","locations":[{"start":{"line":67,"column":4},"end":{"line":69,"column":5}}]},"6":{"loc":{"start":{"line":96,"column":4},"end":{"line":98,"column":5}},"type":"if","locations":[{"start":{"line":96,"column":4},"end":{"line":98,"column":5}}]}},"s":{"0":3,"1":3,"2":3,"3":0,"4":0,"5":0,"6":0,"7":0,"8":0,"9":0,"10":0,"11":0,"12":0,"13":0,"14":0,"15":0,"16":0,"17":0,"18":0,"19":0,"20":0,"21":0,"22":3,"23":3,"24":0,"25":0,"26":0,"27":0,"28":0,"29":0,"30":0,"31":0,"32":3,"33":3,"34":0,"35":0,"36":0,"37":0,"38":0,"39":0,"40":0,"41":0,"42":3},"f":{"0":0,"1":0,"2":0,"3":0,"4":0,"5":0},"b":{"0":[0],"1":[0],"2":[0],"3":[0],"4":[0],"5":[0],"6":[0]}}
,"C:\\Users\\pasie\\OneDrive\\Dokumenty\\GO-IT\\TESTOWE PROJEKTY\\SO YUMMY\\SO-YUMMY-APP-BACKEND\\src\\controller\\popularRecipe.ts": {"path":"C:\\Users\\pasie\\OneDrive\\Dokumenty\\GO-IT\\TESTOWE PROJEKTY\\SO YUMMY\\SO-YUMMY-APP-BACKEND\\src\\controller\\popularRecipe.ts","statementMap":{"0":{"start":{"line":2,"column":0},"end":{"line":2,"column":38}},"1":{"start":{"line":4,"column":26},"end":{"line":22,"column":2}},"2":{"start":{"line":4,"column":99},"end":{"line":22,"column":2}},"3":{"start":{"line":5,"column":2},"end":{"line":21,"column":3}},"4":{"start":{"line":6,"column":18},"end":{"line":6,"column":46}},"5":{"start":{"line":7,"column":27},"end":{"line":11,"column":6}},"6":{"start":{"line":13,"column":4},"end":{"line":15,"column":7}},"7":{"start":{"line":17,"column":4},"end":{"line":20,"column":7}},"8":{"start":{"line":25,"column":2},"end":{"line":25,"column":19}}},"fnMap":{"0":{"name":"(anonymous_8)","decl":{"start":{"line":4,"column":26},"end":{"line":4,"column":33}},"loc":{"start":{"line":4,"column":99},"end":{"line":22,"column":2}}},"1":{"name":"(anonymous_9)","decl":{"start":{"line":4,"column":99},"end":{"line":4,"column":null}},"loc":{"start":{"line":4,"column":99},"end":{"line":22,"column":1}}}},"branchMap":{"0":{"loc":{"start":{"line":6,"column":18},"end":{"line":6,"column":46}},"type":"binary-expr","locations":[{"start":{"line":6,"column":18},"end":{"line":6,"column":41}},{"start":{"line":6,"column":45},"end":{"line":6,"column":46}}]}},"s":{"0":3,"1":3,"2":0,"3":0,"4":0,"5":0,"6":0,"7":0,"8":3},"f":{"0":0,"1":0},"b":{"0":[0,0]}}
,"C:\\Users\\pasie\\OneDrive\\Dokumenty\\GO-IT\\TESTOWE PROJEKTY\\SO YUMMY\\SO-YUMMY-APP-BACKEND\\src\\controller\\recipe.ts": {"path":"C:\\Users\\pasie\\OneDrive\\Dokumenty\\GO-IT\\TESTOWE PROJEKTY\\SO YUMMY\\SO-YUMMY-APP-BACKEND\\src\\controller\\recipe.ts","statementMap":{"0":{"start":{"line":2,"column":0},"end":{"line":2,"column":42}},"1":{"start":{"line":3,"column":0},"end":{"line":3,"column":46}},"2":{"start":{"line":4,"column":0},"end":{"line":4,"column":38}},"3":{"start":{"line":5,"column":0},"end":{"line":5,"column":48}},"4":{"start":{"line":7,"column":19},"end":{"line":46,"column":2}},"5":{"start":{"line":11,"column":19},"end":{"line":46,"column":2}},"6":{"start":{"line":12,"column":2},"end":{"line":45,"column":3}},"7":{"start":{"line":13,"column":25},"end":{"line":13,"column":27}},"8":{"start":{"line":14,"column":55},"end":{"line":14,"column":64}},"9":{"start":{"line":15,"column":17},"end":{"line":15,"column":51}},"10":{"start":{"line":17,"column":4},"end":{"line":30,"column":5}},"11":{"start":{"line":18,"column":6},"end":{"line":18,"column":55}},"12":{"start":{"line":19,"column":11},"end":{"line":30,"column":5}},"13":{"start":{"line":20,"column":18},"end":{"line":22,"column":8}},"14":{"start":{"line":23,"column":6},"end":{"line":25,"column":7}},"15":{"start":{"line":24,"column":8},"end":{"line":24,"column":62}},"16":{"start":{"line":26,"column":20},"end":{"line":26,"column":27}},"17":{"start":{"line":27,"column":6},"end":{"line":29,"column":8}},"18":{"start":{"line":32,"column":19},"end":{"line":32,"column":77}},"19":{"start":{"line":33,"column":25},"end":{"line":33,"column":61}},"20":{"start":{"line":35,"column":4},"end":{"line":42,"column":7}},"21":{"start":{"line":44,"column":4},"end":{"line":44,"column":53}},"22":{"start":{"line":177,"column":2},"end":{"line":177,"column":12}},"23":{"start":{"line":48,"column":35},"end":{"line":92,"column":2}},"24":{"start":{"line":52,"column":19},"end":{"line":92,"column":2}},"25":{"start":{"line":53,"column":2},"end":{"line":91,"column":3}},"26":{"start":{"line":54,"column":26},"end":{"line":54,"column":35}},"27":{"start":{"line":55,"column":20},"end":{"line":66,"column":6}},"28":{"start":{"line":68,"column":19},"end":{"line":80,"column":6}},"29":{"start":{"line":82,"column":4},"end":{"line":88,"column":7}},"30":{"start":{"line":90,"column":4},"end":{"line":90,"column":53}},"31":{"start":{"line":178,"column":2},"end":{"line":178,"column":28}},"32":{"start":{"line":94,"column":26},"end":{"line":115,"column":2}},"33":{"start":{"line":98,"column":19},"end":{"line":115,"column":2}},"34":{"start":{"line":99,"column":2},"end":{"line":114,"column":3}},"35":{"start":{"line":100,"column":23},"end":{"line":100,"column":44}},"36":{"start":{"line":101,"column":19},"end":{"line":103,"column":41}},"37":{"start":{"line":102,"column":20},"end":{"line":102,"column":29}},"38":{"start":{"line":103,"column":22},"end":{"line":103,"column":40}},"39":{"start":{"line":105,"column":4},"end":{"line":111,"column":7}},"40":{"start":{"line":113,"column":4},"end":{"line":113,"column":53}},"41":{"start":{"line":179,"column":2},"end":{"line":179,"column":19}},"42":{"start":{"line":117,"column":29},"end":{"line":149,"column":2}},"43":{"start":{"line":121,"column":19},"end":{"line":149,"column":2}},"44":{"start":{"line":122,"column":2},"end":{"line":148,"column":3}},"45":{"start":{"line":123,"column":25},"end":{"line":123,"column":35}},"46":{"start":{"line":124,"column":34},"end":{"line":124,"column":43}},"47":{"start":{"line":125,"column":23},"end":{"line":125,"column":51}},"48":{"start":{"line":126,"column":24},"end":{"line":126,"column":53}},"49":{"start":{"line":127,"column":17},"end":{"line":127,"column":47}},"50":{"start":{"line":129,"column":19},"end":{"line":131,"column":25}},"51":{"start":{"line":132,"column":18},"end":{"line":132,"column":59}},"52":{"start":{"line":134,"column":4},"end":{"line":136,"column":5}},"53":{"start":{"line":135,"column":6},"end":{"line":135,"column":74}},"54":{"start":{"line":138,"column":4},"end":{"line":145,"column":7}},"55":{"start":{"line":147,"column":4},"end":{"line":147,"column":53}},"56":{"start":{"line":180,"column":2},"end":{"line":180,"column":22}},"57":{"start":{"line":151,"column":22},"end":{"line":174,"column":2}},"58":{"start":{"line":155,"column":19},"end":{"line":174,"column":2}},"59":{"start":{"line":156,"column":2},"end":{"line":173,"column":3}},"60":{"start":{"line":157,"column":19},"end":{"line":157,"column":29}},"61":{"start":{"line":158,"column":19},"end":{"line":158,"column":44}},"62":{"start":{"line":160,"column":4},"end":{"line":162,"column":5}},"63":{"start":{"line":161,"column":6},"end":{"line":161,"column":56}},"64":{"start":{"line":164,"column":4},"end":{"line":170,"column":7}},"65":{"start":{"line":172,"column":4},"end":{"line":172,"column":53}},"66":{"start":{"line":181,"column":2},"end":{"line":181,"column":15}}},"fnMap":{"0":{"name":"(anonymous_8)","decl":{"start":{"line":7,"column":19},"end":{"line":7,"column":null}},"loc":{"start":{"line":11,"column":19},"end":{"line":46,"column":2}}},"1":{"name":"(anonymous_9)","decl":{"start":{"line":11,"column":19},"end":{"line":11,"column":null}},"loc":{"start":{"line":11,"column":19},"end":{"line":46,"column":1}}},"2":{"name":"(anonymous_10)","decl":{"start":{"line":48,"column":35},"end":{"line":48,"column":null}},"loc":{"start":{"line":52,"column":19},"end":{"line":92,"column":2}}},"3":{"name":"(anonymous_11)","decl":{"start":{"line":52,"column":19},"end":{"line":52,"column":null}},"loc":{"start":{"line":52,"column":19},"end":{"line":92,"column":1}}},"4":{"name":"(anonymous_12)","decl":{"start":{"line":94,"column":26},"end":{"line":94,"column":null}},"loc":{"start":{"line":98,"column":19},"end":{"line":115,"column":2}}},"5":{"name":"(anonymous_13)","decl":{"start":{"line":98,"column":19},"end":{"line":98,"column":null}},"loc":{"start":{"line":98,"column":19},"end":{"line":115,"column":1}}},"6":{"name":"(anonymous_14)","decl":{"start":{"line":102,"column":11},"end":{"line":102,"column":12}},"loc":{"start":{"line":102,"column":20},"end":{"line":102,"column":29}}},"7":{"name":"(anonymous_15)","decl":{"start":{"line":103,"column":12},"end":{"line":103,"column":13}},"loc":{"start":{"line":103,"column":22},"end":{"line":103,"column":40}}},"8":{"name":"(anonymous_16)","decl":{"start":{"line":117,"column":29},"end":{"line":117,"column":null}},"loc":{"start":{"line":121,"column":19},"end":{"line":149,"column":2}}},"9":{"name":"(anonymous_17)","decl":{"start":{"line":121,"column":19},"end":{"line":121,"column":null}},"loc":{"start":{"line":121,"column":19},"end":{"line":149,"column":1}}},"10":{"name":"(anonymous_18)","decl":{"start":{"line":151,"column":22},"end":{"line":151,"column":null}},"loc":{"start":{"line":155,"column":19},"end":{"line":174,"column":2}}},"11":{"name":"(anonymous_19)","decl":{"start":{"line":155,"column":19},"end":{"line":155,"column":null}},"loc":{"start":{"line":155,"column":19},"end":{"line":174,"column":1}}}},"branchMap":{"0":{"loc":{"start":{"line":14,"column":31},"end":{"line":14,"column":39}},"type":"default-arg","locations":[{"start":{"line":14,"column":38},"end":{"line":14,"column":39}}]},"1":{"loc":{"start":{"line":14,"column":41},"end":{"line":14,"column":50}},"type":"default-arg","locations":[{"start":{"line":14,"column":49},"end":{"line":14,"column":50}}]},"2":{"loc":{"start":{"line":17,"column":4},"end":{"line":30,"column":5}},"type":"if","locations":[{"start":{"line":17,"column":4},"end":{"line":30,"column":5}},{"start":{"line":19,"column":11},"end":{"line":30,"column":5}}]},"3":{"loc":{"start":{"line":19,"column":11},"end":{"line":30,"column":5}},"type":"if","locations":[{"start":{"line":19,"column":11},"end":{"line":30,"column":5}}]},"4":{"loc":{"start":{"line":23,"column":6},"end":{"line":25,"column":7}},"type":"if","locations":[{"start":{"line":23,"column":6},"end":{"line":25,"column":7}}]},"5":{"loc":{"start":{"line":54,"column":12},"end":{"line":54,"column":21}},"type":"default-arg","locations":[{"start":{"line":54,"column":20},"end":{"line":54,"column":21}}]},"6":{"loc":{"start":{"line":124,"column":10},"end":{"line":124,"column":18}},"type":"default-arg","locations":[{"start":{"line":124,"column":17},"end":{"line":124,"column":18}}]},"7":{"loc":{"start":{"line":124,"column":20},"end":{"line":124,"column":29}},"type":"default-arg","locations":[{"start":{"line":124,"column":28},"end":{"line":124,"column":29}}]},"8":{"loc":{"start":{"line":134,"column":4},"end":{"line":136,"column":5}},"type":"if","locations":[{"start":{"line":134,"column":4},"end":{"line":136,"column":5}}]},"9":{"loc":{"start":{"line":160,"column":4},"end":{"line":162,"column":5}},"type":"if","locations":[{"start":{"line":160,"column":4},"end":{"line":162,"column":5}}]}},"s":{"0":3,"1":3,"2":3,"3":3,"4":3,"5":0,"6":0,"7":0,"8":0,"9":0,"10":0,"11":0,"12":0,"13":0,"14":0,"15":0,"16":0,"17":0,"18":0,"19":0,"20":0,"21":0,"22":3,"23":3,"24":0,"25":0,"26":0,"27":0,"28":0,"29":0,"30":0,"31":3,"32":3,"33":0,"34":0,"35":0,"36":0,"37":0,"38":0,"39":0,"40":0,"41":3,"42":3,"43":0,"44":0,"45":0,"46":0,"47":0,"48":0,"49":0,"50":0,"51":0,"52":0,"53":0,"54":0,"55":0,"56":3,"57":3,"58":0,"59":0,"60":0,"61":0,"62":0,"63":0,"64":0,"65":0,"66":3},"f":{"0":0,"1":0,"2":0,"3":0,"4":0,"5":0,"6":0,"7":0,"8":0,"9":0,"10":0,"11":0},"b":{"0":[0],"1":[0],"2":[0,0],"3":[0],"4":[0],"5":[0],"6":[0],"7":[0],"8":[0],"9":[0]}}
,"C:\\Users\\pasie\\OneDrive\\Dokumenty\\GO-IT\\TESTOWE PROJEKTY\\SO YUMMY\\SO-YUMMY-APP-BACKEND\\src\\controller\\shoppingList.ts": {"path":"C:\\Users\\pasie\\OneDrive\\Dokumenty\\GO-IT\\TESTOWE PROJEKTY\\SO YUMMY\\SO-YUMMY-APP-BACKEND\\src\\controller\\shoppingList.ts","statementMap":{"0":{"start":{"line":2,"column":0},"end":{"line":2,"column":50}},"1":{"start":{"line":3,"column":0},"end":{"line":3,"column":48}},"2":{"start":{"line":6,"column":24},"end":{"line":27,"column":2}},"3":{"start":{"line":10,"column":4},"end":{"line":27,"column":2}},"4":{"start":{"line":11,"column":2},"end":{"line":26,"column":3}},"5":{"start":{"line":12,"column":4},"end":{"line":14,"column":5}},"6":{"start":{"line":13,"column":6},"end":{"line":13,"column":52}},"7":{"start":{"line":15,"column":20},"end":{"line":15,"column":42}},"8":{"start":{"line":16,"column":25},"end":{"line":16,"column":63}},"9":{"start":{"line":18,"column":4},"end":{"line":20,"column":5}},"10":{"start":{"line":19,"column":6},"end":{"line":19,"column":36}},"11":{"start":{"line":22,"column":4},"end":{"line":22,"column":39}},"12":{"start":{"line":24,"column":16},"end":{"line":24,"column":30}},"13":{"start":{"line":25,"column":4},"end":{"line":25,"column":68}},"14":{"start":{"line":97,"column":9},"end":{"line":97,"column":24}},"15":{"start":{"line":29,"column":22},"end":{"line":64,"column":2}},"16":{"start":{"line":33,"column":4},"end":{"line":64,"column":2}},"17":{"start":{"line":34,"column":2},"end":{"line":63,"column":3}},"18":{"start":{"line":35,"column":4},"end":{"line":37,"column":5}},"19":{"start":{"line":36,"column":6},"end":{"line":36,"column":52}},"20":{"start":{"line":38,"column":59},"end":{"line":38,"column":67}},"21":{"start":{"line":39,"column":20},"end":{"line":39,"column":42}},"22":{"start":{"line":40,"column":23},"end":{"line":40,"column":61}},"23":{"start":{"line":42,"column":4},"end":{"line":44,"column":5}},"24":{"start":{"line":43,"column":6},"end":{"line":43,"column":61}},"25":{"start":{"line":46,"column":4},"end":{"line":49,"column":6}},"26":{"start":{"line":51,"column":4},"end":{"line":54,"column":7}},"27":{"start":{"line":56,"column":16},"end":{"line":56,"column":30}},"28":{"start":{"line":57,"column":4},"end":{"line":62,"column":6}},"29":{"start":{"line":97,"column":26},"end":{"line":97,"column":39}},"30":{"start":{"line":66,"column":25},"end":{"line":95,"column":2}},"31":{"start":{"line":70,"column":4},"end":{"line":95,"column":2}},"32":{"start":{"line":71,"column":2},"end":{"line":94,"column":3}},"33":{"start":{"line":72,"column":4},"end":{"line":74,"column":5}},"34":{"start":{"line":73,"column":6},"end":{"line":73,"column":52}},"35":{"start":{"line":75,"column":39},"end":{"line":75,"column":47}},"36":{"start":{"line":76,"column":20},"end":{"line":76,"column":42}},"37":{"start":{"line":78,"column":4},"end":{"line":81,"column":6}},"38":{"start":{"line":83,"column":4},"end":{"line":85,"column":7}},"39":{"start":{"line":87,"column":16},"end":{"line":87,"column":30}},"40":{"start":{"line":88,"column":4},"end":{"line":93,"column":6}},"41":{"start":{"line":97,"column":41},"end":{"line":97,"column":57}}},"fnMap":{"0":{"name":"(anonymous_8)","decl":{"start":{"line":6,"column":24},"end":{"line":6,"column":null}},"loc":{"start":{"line":10,"column":4},"end":{"line":27,"column":2}}},"1":{"name":"(anonymous_9)","decl":{"start":{"line":10,"column":4},"end":{"line":10,"column":null}},"loc":{"start":{"line":10,"column":4},"end":{"line":27,"column":1}}},"2":{"name":"(anonymous_10)","decl":{"start":{"line":29,"column":22},"end":{"line":29,"column":null}},"loc":{"start":{"line":33,"column":4},"end":{"line":64,"column":2}}},"3":{"name":"(anonymous_11)","decl":{"start":{"line":33,"column":4},"end":{"line":33,"column":null}},"loc":{"start":{"line":33,"column":4},"end":{"line":64,"column":1}}},"4":{"name":"(anonymous_12)","decl":{"start":{"line":66,"column":25},"end":{"line":66,"column":null}},"loc":{"start":{"line":70,"column":4},"end":{"line":95,"column":2}}},"5":{"name":"(anonymous_13)","decl":{"start":{"line":70,"column":4},"end":{"line":70,"column":null}},"loc":{"start":{"line":70,"column":4},"end":{"line":95,"column":1}}}},"branchMap":{"0":{"loc":{"start":{"line":12,"column":4},"end":{"line":14,"column":5}},"type":"if","locations":[{"start":{"line":12,"column":4},"end":{"line":14,"column":5}}]},"1":{"loc":{"start":{"line":18,"column":4},"end":{"line":20,"column":5}},"type":"if","locations":[{"start":{"line":18,"column":4},"end":{"line":20,"column":5}}]},"2":{"loc":{"start":{"line":35,"column":4},"end":{"line":37,"column":5}},"type":"if","locations":[{"start":{"line":35,"column":4},"end":{"line":37,"column":5}}]},"3":{"loc":{"start":{"line":42,"column":4},"end":{"line":44,"column":5}},"type":"if","locations":[{"start":{"line":42,"column":4},"end":{"line":44,"column":5}}]},"4":{"loc":{"start":{"line":72,"column":4},"end":{"line":74,"column":5}},"type":"if","locations":[{"start":{"line":72,"column":4},"end":{"line":74,"column":5}}]}},"s":{"0":3,"1":3,"2":3,"3":0,"4":0,"5":0,"6":0,"7":0,"8":0,"9":0,"10":0,"11":0,"12":0,"13":0,"14":3,"15":3,"16":0,"17":0,"18":0,"19":0,"20":0,"21":0,"22":0,"23":0,"24":0,"25":0,"26":0,"27":0,"28":0,"29":3,"30":3,"31":0,"32":0,"33":0,"34":0,"35":0,"36":0,"37":0,"38":0,"39":0,"40":0,"41":3},"f":{"0":0,"1":0,"2":0,"3":0,"4":0,"5":0},"b":{"0":[0],"1":[0],"2":[0],"3":[0],"4":[0]}}
,"C:\\Users\\pasie\\OneDrive\\Dokumenty\\GO-IT\\TESTOWE PROJEKTY\\SO YUMMY\\SO-YUMMY-APP-BACKEND\\src\\controller\\subscribe.ts": {"path":"C:\\Users\\pasie\\OneDrive\\Dokumenty\\GO-IT\\TESTOWE PROJEKTY\\SO YUMMY\\SO-YUMMY-APP-BACKEND\\src\\controller\\subscribe.ts","statementMap":{"0":{"start":{"line":2,"column":0},"end":{"line":2,"column":79}},"1":{"start":{"line":3,"column":0},"end":{"line":3,"column":48}},"2":{"start":{"line":5,"column":0},"end":{"line":5,"column":62}},"3":{"start":{"line":7,"column":21},"end":{"line":50,"column":2}},"4":{"start":{"line":11,"column":4},"end":{"line":50,"column":2}},"5":{"start":{"line":12,"column":2},"end":{"line":49,"column":3}},"6":{"start":{"line":13,"column":20},"end":{"line":13,"column":37}},"7":{"start":{"line":14,"column":18},"end":{"line":14,"column":32}},"8":{"start":{"line":15,"column":22},"end":{"line":15,"column":30}},"9":{"start":{"line":17,"column":20},"end":{"line":17,"column":50}},"10":{"start":{"line":19,"column":4},"end":{"line":21,"column":5}},"11":{"start":{"line":20,"column":6},"end":{"line":20,"column":66}},"12":{"start":{"line":23,"column":21},"end":{"line":23,"column":51}},"13":{"start":{"line":24,"column":4},"end":{"line":26,"column":5}},"14":{"start":{"line":25,"column":6},"end":{"line":25,"column":73}},"15":{"start":{"line":28,"column":19},"end":{"line":28,"column":67}},"16":{"start":{"line":30,"column":24},"end":{"line":39,"column":6}},"17":{"start":{"line":41,"column":4},"end":{"line":41,"column":45}},"18":{"start":{"line":43,"column":4},"end":{"line":46,"column":7}},"19":{"start":{"line":48,"column":4},"end":{"line":48,"column":16}},"20":{"start":{"line":52,"column":0},"end":{"line":52,"column":28}}},"fnMap":{"0":{"name":"(anonymous_8)","decl":{"start":{"line":7,"column":21},"end":{"line":7,"column":null}},"loc":{"start":{"line":11,"column":4},"end":{"line":50,"column":2}}},"1":{"name":"(anonymous_9)","decl":{"start":{"line":11,"column":4},"end":{"line":11,"column":null}},"loc":{"start":{"line":11,"column":4},"end":{"line":50,"column":1}}}},"branchMap":{"0":{"loc":{"start":{"line":19,"column":4},"end":{"line":21,"column":5}},"type":"if","locations":[{"start":{"line":19,"column":4},"end":{"line":21,"column":5}}]},"1":{"loc":{"start":{"line":24,"column":4},"end":{"line":26,"column":5}},"type":"if","locations":[{"start":{"line":24,"column":4},"end":{"line":26,"column":5}}]}},"s":{"0":3,"1":3,"2":3,"3":3,"4":4,"5":4,"6":4,"7":4,"8":4,"9":4,"10":4,"11":1,"12":3,"13":3,"14":1,"15":2,"16":1,"17":1,"18":1,"19":1,"20":3},"f":{"0":4,"1":4},"b":{"0":[1],"1":[1]}}
,"C:\\Users\\pasie\\OneDrive\\Dokumenty\\GO-IT\\TESTOWE PROJEKTY\\SO YUMMY\\SO-YUMMY-APP-BACKEND\\src\\controller\\user.ts": {"path":"C:\\Users\\pasie\\OneDrive\\Dokumenty\\GO-IT\\TESTOWE PROJEKTY\\SO YUMMY\\SO-YUMMY-APP-BACKEND\\src\\controller\\user.ts","statementMap":{"0":{"start":{"line":1,"column":0},"end":{"line":1,"column":28}},"1":{"start":{"line":2,"column":0},"end":{"line":2,"column":28}},"2":{"start":{"line":3,"column":0},"end":{"line":3,"column":32}},"3":{"start":{"line":4,"column":0},"end":{"line":4,"column":31}},"4":{"start":{"line":7,"column":0},"end":{"line":7,"column":78}},"5":{"start":{"line":9,"column":0},"end":{"line":9,"column":48}},"6":{"start":{"line":11,"column":0},"end":{"line":11,"column":62}},"7":{"start":{"line":12,"column":0},"end":{"line":12,"column":28}},"8":{"start":{"line":14,"column":0},"end":{"line":14,"column":16}},"9":{"start":{"line":16,"column":17},"end":{"line":67,"column":2}},"10":{"start":{"line":20,"column":19},"end":{"line":67,"column":2}},"11":{"start":{"line":21,"column":2},"end":{"line":66,"column":3}},"12":{"start":{"line":22,"column":38},"end":{"line":22,"column":46}},"13":{"start":{"line":24,"column":23},"end":{"line":24,"column":48}},"14":{"start":{"line":25,"column":4},"end":{"line":27,"column":5}},"15":{"start":{"line":26,"column":6},"end":{"line":26,"column":63}},"16":{"start":{"line":28,"column":25},"end":{"line":28,"column":56}},"17":{"start":{"line":29,"column":20},"end":{"line":35,"column":6}},"18":{"start":{"line":36,"column":4},"end":{"line":38,"column":5}},"19":{"start":{"line":37,"column":6},"end":{"line":37,"column":54}},"20":{"start":{"line":40,"column":4},"end":{"line":42,"column":5}},"21":{"start":{"line":41,"column":6},"end":{"line":41,"column":69}},"22":{"start":{"line":44,"column":24},"end":{"line":47,"column":6}},"23":{"start":{"line":49,"column":4},"end":{"line":49,"column":39}},"24":{"start":{"line":51,"column":4},"end":{"line":62,"column":7}},"25":{"start":{"line":63,"column":4},"end":{"line":63,"column":11}},"26":{"start":{"line":65,"column":4},"end":{"line":65,"column":16}},"27":{"start":{"line":305,"column":2},"end":{"line":305,"column":10}},"28":{"start":{"line":69,"column":15},"end":{"line":112,"column":2}},"29":{"start":{"line":73,"column":19},"end":{"line":112,"column":2}},"30":{"start":{"line":74,"column":2},"end":{"line":111,"column":3}},"31":{"start":{"line":75,"column":20},"end":{"line":75,"column":42}},"32":{"start":{"line":77,"column":4},"end":{"line":80,"column":5}},"33":{"start":{"line":78,"column":6},"end":{"line":78,"column":63}},"34":{"start":{"line":79,"column":6},"end":{"line":79,"column":13}},"35":{"start":{"line":82,"column":24},"end":{"line":82,"column":58}},"36":{"start":{"line":84,"column":4},"end":{"line":87,"column":5}},"37":{"start":{"line":85,"column":6},"end":{"line":85,"column":65}},"38":{"start":{"line":86,"column":6},"end":{"line":86,"column":13}},"39":{"start":{"line":89,"column":29},"end":{"line":89,"column":40}},"40":{"start":{"line":91,"column":4},"end":{"line":100,"column":7}},"41":{"start":{"line":101,"column":4},"end":{"line":101,"column":11}},"42":{"start":{"line":103,"column":4},"end":{"line":109,"column":5}},"43":{"start":{"line":107,"column":6},"end":{"line":107,"column":79}},"44":{"start":{"line":108,"column":6},"end":{"line":108,"column":13}},"45":{"start":{"line":110,"column":4},"end":{"line":110,"column":16}},"46":{"start":{"line":310,"column":2},"end":{"line":310,"column":8}},"47":{"start":{"line":114,"column":20},"end":{"line":142,"column":2}},"48":{"start":{"line":118,"column":19},"end":{"line":142,"column":2}},"49":{"start":{"line":119,"column":2},"end":{"line":141,"column":3}},"50":{"start":{"line":120,"column":20},"end":{"line":120,"column":37}},"51":{"start":{"line":121,"column":28},"end":{"line":121,"column":36}},"52":{"start":{"line":123,"column":24},"end":{"line":123,"column":62}},"53":{"start":{"line":125,"column":4},"end":{"line":127,"column":5}},"54":{"start":{"line":126,"column":6},"end":{"line":126,"column":47}},"55":{"start":{"line":129,"column":4},"end":{"line":135,"column":7}},"56":{"start":{"line":136,"column":4},"end":{"line":136,"column":11}},"57":{"start":{"line":138,"column":4},"end":{"line":138,"column":29}},"58":{"start":{"line":140,"column":4},"end":{"line":140,"column":16}},"59":{"start":{"line":312,"column":2},"end":{"line":312,"column":13}},"60":{"start":{"line":144,"column":20},"end":{"line":171,"column":2}},"61":{"start":{"line":144,"column":73},"end":{"line":171,"column":2}},"62":{"start":{"line":145,"column":2},"end":{"line":170,"column":3}},"63":{"start":{"line":146,"column":34},"end":{"line":146,"column":44}},"64":{"start":{"line":147,"column":17},"end":{"line":147,"column":54}},"65":{"start":{"line":149,"column":4},"end":{"line":152,"column":5}},"66":{"start":{"line":150,"column":6},"end":{"line":150,"column":58}},"67":{"start":{"line":151,"column":6},"end":{"line":151,"column":13}},"68":{"start":{"line":154,"column":19},"end":{"line":157,"column":6}},"69":{"start":{"line":159,"column":4},"end":{"line":162,"column":5}},"70":{"start":{"line":160,"column":6},"end":{"line":160,"column":65}},"71":{"start":{"line":161,"column":6},"end":{"line":161,"column":13}},"72":{"start":{"line":164,"column":4},"end":{"line":166,"column":7}},"73":{"start":{"line":167,"column":4},"end":{"line":167,"column":11}},"74":{"start":{"line":169,"column":4},"end":{"line":169,"column":63}},"75":{"start":{"line":306,"column":2},"end":{"line":306,"column":13}},"76":{"start":{"line":173,"column":15},"end":{"line":218,"column":2}},"77":{"start":{"line":173,"column":73},"end":{"line":218,"column":2}},"78":{"start":{"line":174,"column":2},"end":{"line":217,"column":3}},"79":{"start":{"line":175,"column":32},"end":{"line":175,"column":40}},"80":{"start":{"line":177,"column":17},"end":{"line":177,"column":42}},"81":{"start":{"line":178,"column":4},"end":{"line":180,"column":5}},"82":{"start":{"line":179,"column":6},"end":{"line":179,"column":58}},"83":{"start":{"line":182,"column":26},"end":{"line":182,"column":71}},"84":{"start":{"line":183,"column":4},"end":{"line":185,"column":5}},"85":{"start":{"line":184,"column":6},"end":{"line":184,"column":58}},"86":{"start":{"line":187,"column":4},"end":{"line":189,"column":5}},"87":{"start":{"line":188,"column":6},"end":{"line":188,"column":53}},"88":{"start":{"line":191,"column":20},"end":{"line":194,"column":6}},"89":{"start":{"line":195,"column":18},"end":{"line":197,"column":6}},"90":{"start":{"line":199,"column":4},"end":{"line":199,"column":42}},"91":{"start":{"line":201,"column":4},"end":{"line":214,"column":7}},"92":{"start":{"line":216,"column":4},"end":{"line":216,"column":16}},"93":{"start":{"line":307,"column":2},"end":{"line":307,"column":8}},"94":{"start":{"line":220,"column":32},"end":{"line":256,"column":2}},"95":{"start":{"line":224,"column":19},"end":{"line":256,"column":2}},"96":{"start":{"line":225,"column":2},"end":{"line":255,"column":3}},"97":{"start":{"line":226,"column":22},"end":{"line":226,"column":30}},"98":{"start":{"line":227,"column":17},"end":{"line":227,"column":42}},"99":{"start":{"line":229,"column":4},"end":{"line":231,"column":5}},"100":{"start":{"line":230,"column":6},"end":{"line":230,"column":47}},"101":{"start":{"line":233,"column":4},"end":{"line":235,"column":5}},"102":{"start":{"line":234,"column":6},"end":{"line":234,"column":58}},"103":{"start":{"line":237,"column":4},"end":{"line":239,"column":5}},"104":{"start":{"line":238,"column":6},"end":{"line":238,"column":69}},"105":{"start":{"line":241,"column":24},"end":{"line":244,"column":6}},"106":{"start":{"line":246,"column":4},"end":{"line":246,"column":45}},"107":{"start":{"line":248,"column":4},"end":{"line":251,"column":7}},"108":{"start":{"line":252,"column":4},"end":{"line":252,"column":11}},"109":{"start":{"line":254,"column":4},"end":{"line":254,"column":16}},"110":{"start":{"line":311,"column":2},"end":{"line":311,"column":25}},"111":{"start":{"line":258,"column":20},"end":{"line":285,"column":2}},"112":{"start":{"line":258,"column":78},"end":{"line":285,"column":2}},"113":{"start":{"line":259,"column":2},"end":{"line":284,"column":3}},"114":{"start":{"line":260,"column":20},"end":{"line":260,"column":42}},"115":{"start":{"line":262,"column":17},"end":{"line":262,"column":42}},"116":{"start":{"line":264,"column":4},"end":{"line":266,"column":5}},"117":{"start":{"line":265,"column":6},"end":{"line":265,"column":47}},"118":{"start":{"line":268,"column":60},"end":{"line":268,"column":64}},"119":{"start":{"line":270,"column":4},"end":{"line":281,"column":7}},"120":{"start":{"line":283,"column":4},"end":{"line":283,"column":16}},"121":{"start":{"line":308,"column":2},"end":{"line":308,"column":13}},"122":{"start":{"line":287,"column":15},"end":{"line":302,"column":2}},"123":{"start":{"line":287,"column":73},"end":{"line":302,"column":2}},"124":{"start":{"line":288,"column":2},"end":{"line":301,"column":3}},"125":{"start":{"line":289,"column":20},"end":{"line":289,"column":37}},"126":{"start":{"line":290,"column":23},"end":{"line":290,"column":61}},"127":{"start":{"line":292,"column":4},"end":{"line":297,"column":5}},"128":{"start":{"line":293,"column":6},"end":{"line":296,"column":8}},"129":{"start":{"line":298,"column":4},"end":{"line":298,"column":27}},"130":{"start":{"line":300,"column":4},"end":{"line":300,"column":16}},"131":{"start":{"line":309,"column":2},"end":{"line":309,"column":8}}},"fnMap":{"0":{"name":"(anonymous_8)","decl":{"start":{"line":16,"column":17},"end":{"line":16,"column":null}},"loc":{"start":{"line":20,"column":19},"end":{"line":67,"column":2}}},"1":{"name":"(anonymous_9)","decl":{"start":{"line":20,"column":19},"end":{"line":20,"column":null}},"loc":{"start":{"line":20,"column":19},"end":{"line":67,"column":1}}},"2":{"name":"(anonymous_10)","decl":{"start":{"line":69,"column":15},"end":{"line":69,"column":null}},"loc":{"start":{"line":73,"column":19},"end":{"line":112,"column":2}}},"3":{"name":"(anonymous_11)","decl":{"start":{"line":73,"column":19},"end":{"line":73,"column":null}},"loc":{"start":{"line":73,"column":19},"end":{"line":112,"column":1}}},"4":{"name":"(anonymous_12)","decl":{"start":{"line":114,"column":20},"end":{"line":114,"column":null}},"loc":{"start":{"line":118,"column":19},"end":{"line":142,"column":2}}},"5":{"name":"(anonymous_13)","decl":{"start":{"line":118,"column":19},"end":{"line":118,"column":null}},"loc":{"start":{"line":118,"column":19},"end":{"line":142,"column":1}}},"6":{"name":"(anonymous_14)","decl":{"start":{"line":144,"column":20},"end":{"line":144,"column":27}},"loc":{"start":{"line":144,"column":73},"end":{"line":171,"column":2}}},"7":{"name":"(anonymous_15)","decl":{"start":{"line":144,"column":73},"end":{"line":144,"column":null}},"loc":{"start":{"line":144,"column":73},"end":{"line":171,"column":1}}},"8":{"name":"(anonymous_16)","decl":{"start":{"line":173,"column":15},"end":{"line":173,"column":22}},"loc":{"start":{"line":173,"column":73},"end":{"line":218,"column":2}}},"9":{"name":"(anonymous_17)","decl":{"start":{"line":173,"column":73},"end":{"line":173,"column":null}},"loc":{"start":{"line":173,"column":73},"end":{"line":218,"column":1}}},"10":{"name":"(anonymous_18)","decl":{"start":{"line":220,"column":32},"end":{"line":220,"column":null}},"loc":{"start":{"line":224,"column":19},"end":{"line":256,"column":2}}},"11":{"name":"(anonymous_19)","decl":{"start":{"line":224,"column":19},"end":{"line":224,"column":null}},"loc":{"start":{"line":224,"column":19},"end":{"line":256,"column":1}}},"12":{"name":"(anonymous_20)","decl":{"start":{"line":258,"column":20},"end":{"line":258,"column":27}},"loc":{"start":{"line":258,"column":78},"end":{"line":285,"column":2}}},"13":{"name":"(anonymous_21)","decl":{"start":{"line":258,"column":78},"end":{"line":258,"column":null}},"loc":{"start":{"line":258,"column":78},"end":{"line":285,"column":1}}},"14":{"name":"(anonymous_22)","decl":{"start":{"line":287,"column":15},"end":{"line":287,"column":22}},"loc":{"start":{"line":287,"column":73},"end":{"line":302,"column":2}}},"15":{"name":"(anonymous_23)","decl":{"start":{"line":287,"column":73},"end":{"line":287,"column":null}},"loc":{"start":{"line":287,"column":73},"end":{"line":302,"column":1}}}},"branchMap":{"0":{"loc":{"start":{"line":25,"column":4},"end":{"line":27,"column":5}},"type":"if","locations":[{"start":{"line":25,"column":4},"end":{"line":27,"column":5}}]},"1":{"loc":{"start":{"line":36,"column":4},"end":{"line":38,"column":5}},"type":"if","locations":[{"start":{"line":36,"column":4},"end":{"line":38,"column":5}}]},"2":{"loc":{"start":{"line":40,"column":4},"end":{"line":42,"column":5}},"type":"if","locations":[{"start":{"line":40,"column":4},"end":{"line":42,"column":5}}]},"3":{"loc":{"start":{"line":77,"column":4},"end":{"line":80,"column":5}},"type":"if","locations":[{"start":{"line":77,"column":4},"end":{"line":80,"column":5}}]},"4":{"loc":{"start":{"line":84,"column":4},"end":{"line":87,"column":5}},"type":"if","locations":[{"start":{"line":84,"column":4},"end":{"line":87,"column":5}}]},"5":{"loc":{"start":{"line":103,"column":4},"end":{"line":109,"column":5}},"type":"if","locations":[{"start":{"line":103,"column":4},"end":{"line":109,"column":5}}]},"6":{"loc":{"start":{"line":104,"column":6},"end":{"line":105,"column":38}},"type":"binary-expr","locations":[{"start":{"line":104,"column":6},"end":{"line":104,"column":41}},{"start":{"line":105,"column":6},"end":{"line":105,"column":38}}]},"7":{"loc":{"start":{"line":125,"column":4},"end":{"line":127,"column":5}},"type":"if","locations":[{"start":{"line":125,"column":4},"end":{"line":127,"column":5}}]},"8":{"loc":{"start":{"line":149,"column":4},"end":{"line":152,"column":5}},"type":"if","locations":[{"start":{"line":149,"column":4},"end":{"line":152,"column":5}}]},"9":{"loc":{"start":{"line":159,"column":4},"end":{"line":162,"column":5}},"type":"if","locations":[{"start":{"line":159,"column":4},"end":{"line":162,"column":5}}]},"10":{"loc":{"start":{"line":178,"column":4},"end":{"line":180,"column":5}},"type":"if","locations":[{"start":{"line":178,"column":4},"end":{"line":180,"column":5}}]},"11":{"loc":{"start":{"line":183,"column":4},"end":{"line":185,"column":5}},"type":"if","locations":[{"start":{"line":183,"column":4},"end":{"line":185,"column":5}}]},"12":{"loc":{"start":{"line":187,"column":4},"end":{"line":189,"column":5}},"type":"if","locations":[{"start":{"line":187,"column":4},"end":{"line":189,"column":5}}]},"13":{"loc":{"start":{"line":229,"column":4},"end":{"line":231,"column":5}},"type":"if","locations":[{"start":{"line":229,"column":4},"end":{"line":231,"column":5}}]},"14":{"loc":{"start":{"line":233,"column":4},"end":{"line":235,"column":5}},"type":"if","locations":[{"start":{"line":233,"column":4},"end":{"line":235,"column":5}}]},"15":{"loc":{"start":{"line":237,"column":4},"end":{"line":239,"column":5}},"type":"if","locations":[{"start":{"line":237,"column":4},"end":{"line":239,"column":5}}]},"16":{"loc":{"start":{"line":264,"column":4},"end":{"line":266,"column":5}},"type":"if","locations":[{"start":{"line":264,"column":4},"end":{"line":266,"column":5}}]},"17":{"loc":{"start":{"line":292,"column":4},"end":{"line":297,"column":5}},"type":"if","locations":[{"start":{"line":292,"column":4},"end":{"line":297,"column":5}}]}},"s":{"0":3,"1":3,"2":3,"3":3,"4":3,"5":3,"6":3,"7":3,"8":3,"9":3,"10":5,"11":5,"12":5,"13":5,"14":5,"15":1,"16":4,"17":4,"18":4,"19":1,"20":3,"21":1,"22":2,"23":2,"24":1,"25":1,"26":3,"27":3,"28":3,"29":3,"30":3,"31":3,"32":3,"33":1,"34":1,"35":2,"36":2,"37":1,"38":1,"39":1,"40":1,"41":1,"42":0,"43":0,"44":0,"45":0,"46":3,"47":3,"48":3,"49":3,"50":3,"51":3,"52":3,"53":2,"54":0,"55":2,"56":2,"57":1,"58":1,"59":3,"60":3,"61":3,"62":3,"63":3,"64":3,"65":3,"66":1,"67":1,"68":2,"69":2,"70":1,"71":1,"72":1,"73":1,"74":0,"75":3,"76":3,"77":4,"78":4,"79":4,"80":4,"81":4,"82":1,"83":3,"84":3,"85":1,"86":2,"87":1,"88":1,"89":1,"90":1,"91":1,"92":3,"93":3,"94":3,"95":4,"96":4,"97":4,"98":4,"99":4,"100":1,"101":3,"102":1,"103":2,"104":1,"105":1,"106":1,"107":1,"108":1,"109":3,"110":3,"111":3,"112":1,"113":1,"114":1,"115":1,"116":1,"117":0,"118":1,"119":1,"120":0,"121":3,"122":3,"123":2,"124":2,"125":2,"126":2,"127":2,"128":1,"129":1,"130":1,"131":3},"f":{"0":5,"1":5,"2":3,"3":3,"4":3,"5":3,"6":3,"7":3,"8":4,"9":4,"10":4,"11":4,"12":1,"13":1,"14":2,"15":2},"b":{"0":[1],"1":[1],"2":[1],"3":[1],"4":[1],"5":[0],"6":[0,0],"7":[0],"8":[1],"9":[1],"10":[1],"11":[1],"12":[1],"13":[1],"14":[1],"15":[1],"16":[0],"17":[1]}}
,"C:\\Users\\pasie\\OneDrive\\Dokumenty\\GO-IT\\TESTOWE PROJEKTY\\SO YUMMY\\SO-YUMMY-APP-BACKEND\\src\\controller\\cloudinary\\saveImages.ts": {"path":"C:\\Users\\pasie\\OneDrive\\Dokumenty\\GO-IT\\TESTOWE PROJEKTY\\SO YUMMY\\SO-YUMMY-APP-BACKEND\\src\\controller\\cloudinary\\saveImages.ts","statementMap":{"0":{"start":{"line":2,"column":0},"end":{"line":2,"column":54}},"1":{"start":{"line":4,"column":19},"end":{"line":19,"column":2}},"2":{"start":{"line":4,"column":72},"end":{"line":19,"column":2}},"3":{"start":{"line":5,"column":2},"end":{"line":8,"column":3}},"4":{"start":{"line":6,"column":4},"end":{"line":6,"column":62}},"5":{"start":{"line":7,"column":4},"end":{"line":7,"column":11}},"6":{"start":{"line":10,"column":2},"end":{"line":18,"column":3}},"7":{"start":{"line":11,"column":19},"end":{"line":11,"column":66}},"8":{"start":{"line":12,"column":4},"end":{"line":12,"column":21}},"9":{"start":{"line":14,"column":4},"end":{"line":14,"column":62}},"10":{"start":{"line":15,"column":4},"end":{"line":17,"column":68}},"11":{"start":{"line":21,"column":0},"end":{"line":21,"column":26}}},"fnMap":{"0":{"name":"(anonymous_8)","decl":{"start":{"line":4,"column":19},"end":{"line":4,"column":26}},"loc":{"start":{"line":4,"column":72},"end":{"line":19,"column":2}}},"1":{"name":"(anonymous_9)","decl":{"start":{"line":4,"column":72},"end":{"line":4,"column":null}},"loc":{"start":{"line":4,"column":72},"end":{"line":19,"column":1}}}},"branchMap":{"0":{"loc":{"start":{"line":5,"column":2},"end":{"line":8,"column":3}},"type":"if","locations":[{"start":{"line":5,"column":2},"end":{"line":8,"column":3}}]},"1":{"loc":{"start":{"line":5,"column":6},"end":{"line":5,"column":33}},"type":"binary-expr","locations":[{"start":{"line":5,"column":6},"end":{"line":5,"column":15}},{"start":{"line":5,"column":19},"end":{"line":5,"column":33}}]}},"s":{"0":3,"1":3,"2":0,"3":0,"4":0,"5":0,"6":0,"7":0,"8":0,"9":0,"10":0,"11":3},"f":{"0":0,"1":0},"b":{"0":[0],"1":[0,0]}}
,"C:\\Users\\pasie\\OneDrive\\Dokumenty\\GO-IT\\TESTOWE PROJEKTY\\SO YUMMY\\SO-YUMMY-APP-BACKEND\\src\\middlewares\\auth.ts": {"path":"C:\\Users\\pasie\\OneDrive\\Dokumenty\\GO-IT\\TESTOWE PROJEKTY\\SO YUMMY\\SO-YUMMY-APP-BACKEND\\src\\middlewares\\auth.ts","statementMap":{"0":{"start":{"line":2,"column":0},"end":{"line":2,"column":32}},"1":{"start":{"line":3,"column":0},"end":{"line":3,"column":48}},"2":{"start":{"line":6,"column":13},"end":{"line":20,"column":1}},"3":{"start":{"line":7,"column":24},"end":{"line":7,"column":49}},"4":{"start":{"line":8,"column":2},"end":{"line":19,"column":20}},"5":{"start":{"line":12,"column":6},"end":{"line":14,"column":7}},"6":{"start":{"line":13,"column":8},"end":{"line":13,"column":38}},"7":{"start":{"line":16,"column":6},"end":{"line":16,"column":22}},"8":{"start":{"line":17,"column":6},"end":{"line":17,"column":13}},"9":{"start":{"line":22,"column":0},"end":{"line":22,"column":20}}},"fnMap":{"0":{"name":"(anonymous_1)","decl":{"start":{"line":6,"column":13},"end":{"line":6,"column":14}},"loc":{"start":{"line":6,"column":65},"end":{"line":20,"column":1}}},"1":{"name":"(anonymous_2)","decl":{"start":{"line":11,"column":4},"end":{"line":11,"column":5}},"loc":{"start":{"line":11,"column":33},"end":{"line":18,"column":5}}}},"branchMap":{"0":{"loc":{"start":{"line":12,"column":6},"end":{"line":14,"column":7}},"type":"if","locations":[{"start":{"line":12,"column":6},"end":{"line":14,"column":7}}]},"1":{"loc":{"start":{"line":12,"column":10},"end":{"line":12,"column":71}},"type":"binary-expr","locations":[{"start":{"line":12,"column":10},"end":{"line":12,"column":13}},{"start":{"line":12,"column":17},"end":{"line":12,"column":22}},{"start":{"line":12,"column":26},"end":{"line":12,"column":71}}]},"2":{"loc":{"start":{"line":12,"column":41},"end":{"line":12,"column":69}},"type":"cond-expr","locations":[{"start":{"line":12,"column":54},"end":{"line":12,"column":56}},{"start":{"line":12,"column":41},"end":{"line":12,"column":69}}]},"3":{"loc":{"start":{"line":12,"column":41},"end":{"line":12,"column":56}},"type":"binary-expr","locations":[{"start":{"line":12,"column":41},"end":{"line":12,"column":56}},{"start":{"line":12,"column":41},"end":{"line":12,"column":56}}]}},"s":{"0":3,"1":3,"2":3,"3":24,"4":24,"5":24,"6":8,"7":16,"8":16,"9":3},"f":{"0":24,"1":24},"b":{"0":[8],"1":[24,24,16],"2":[0,16],"3":[16,16]}}
,"C:\\Users\\pasie\\OneDrive\\Dokumenty\\GO-IT\\TESTOWE PROJEKTY\\SO YUMMY\\SO-YUMMY-APP-BACKEND\\src\\middlewares\\cloudinary.ts": {"path":"C:\\Users\\pasie\\OneDrive\\Dokumenty\\GO-IT\\TESTOWE PROJEKTY\\SO YUMMY\\SO-YUMMY-APP-BACKEND\\src\\middlewares\\cloudinary.ts","statementMap":{"0":{"start":{"line":1,"column":0},"end":{"line":1,"column":46}},"1":{"start":{"line":2,"column":0},"end":{"line":2,"column":28}},"2":{"start":{"line":4,"column":0},"end":{"line":4,"column":16}},"3":{"start":{"line":6,"column":63},"end":{"line":6,"column":74}},"4":{"start":{"line":8,"column":0},"end":{"line":10,"column":1}},"5":{"start":{"line":9,"column":2},"end":{"line":9,"column":68}},"6":{"start":{"line":12,"column":0},"end":{"line":17,"column":3}},"7":{"start":{"line":19,"column":0},"end":{"line":19,"column":26}}},"fnMap":{},"branchMap":{"0":{"loc":{"start":{"line":8,"column":0},"end":{"line":10,"column":1}},"type":"if","locations":[{"start":{"line":8,"column":0},"end":{"line":10,"column":1}}]},"1":{"loc":{"start":{"line":8,"column":4},"end":{"line":8,"column":61}},"type":"binary-expr","locations":[{"start":{"line":8,"column":4},"end":{"line":8,"column":20}},{"start":{"line":8,"column":24},"end":{"line":8,"column":39}},{"start":{"line":8,"column":43},"end":{"line":8,"column":61}}]}},"s":{"0":3,"1":3,"2":3,"3":3,"4":3,"5":0,"6":3,"7":3},"f":{},"b":{"0":[0],"1":[3,3,3]}}
,"C:\\Users\\pasie\\OneDrive\\Dokumenty\\GO-IT\\TESTOWE PROJEKTY\\SO YUMMY\\SO-YUMMY-APP-BACKEND\\src\\middlewares\\multer.ts": {"path":"C:\\Users\\pasie\\OneDrive\\Dokumenty\\GO-IT\\TESTOWE PROJEKTY\\SO YUMMY\\SO-YUMMY-APP-BACKEND\\src\\middlewares\\multer.ts","statementMap":{"0":{"start":{"line":1,"column":0},"end":{"line":1,"column":28}},"1":{"start":{"line":2,"column":0},"end":{"line":2,"column":24}},"2":{"start":{"line":5,"column":16},"end":{"line":5,"column":38}},"3":{"start":{"line":7,"column":49},"end":{"line":21,"column":1}},"4":{"start":{"line":12,"column":14},"end":{"line":12,"column":59}},"5":{"start":{"line":14,"column":2},"end":{"line":18,"column":3}},"6":{"start":{"line":15,"column":4},"end":{"line":16,"column":64}},"7":{"start":{"line":17,"column":4},"end":{"line":17,"column":27}},"8":{"start":{"line":20,"column":2},"end":{"line":20,"column":17}},"9":{"start":{"line":23,"column":15},"end":{"line":29,"column":2}},"10":{"start":{"line":31,"column":34},"end":{"line":45,"column":1}},"11":{"start":{"line":37,"column":2},"end":{"line":43,"column":3}},"12":{"start":{"line":38,"column":4},"end":{"line":42,"column":5}},"13":{"start":{"line":39,"column":6},"end":{"line":41,"column":66}},"14":{"start":{"line":44,"column":2},"end":{"line":44,"column":12}},"15":{"start":{"line":31,"column":13},"end":{"line":31,"column":34}},"16":{"start":{"line":47,"column":0},"end":{"line":47,"column":22}}},"fnMap":{"0":{"name":"(anonymous_1)","decl":{"start":{"line":7,"column":49},"end":{"line":7,"column":null}},"loc":{"start":{"line":11,"column":4},"end":{"line":21,"column":1}}},"1":{"name":"(anonymous_2)","decl":{"start":{"line":31,"column":34},"end":{"line":31,"column":null}},"loc":{"start":{"line":36,"column":4},"end":{"line":45,"column":1}}}},"branchMap":{"0":{"loc":{"start":{"line":14,"column":2},"end":{"line":18,"column":3}},"type":"if","locations":[{"start":{"line":14,"column":2},"end":{"line":18,"column":3}}]},"1":{"loc":{"start":{"line":14,"column":6},"end":{"line":14,"column":57}},"type":"binary-expr","locations":[{"start":{"line":14,"column":6},"end":{"line":14,"column":21}},{"start":{"line":14,"column":25},"end":{"line":14,"column":39}},{"start":{"line":14,"column":43},"end":{"line":14,"column":57}}]},"2":{"loc":{"start":{"line":37,"column":2},"end":{"line":43,"column":3}},"type":"if","locations":[{"start":{"line":37,"column":2},"end":{"line":43,"column":3}}]},"3":{"loc":{"start":{"line":38,"column":4},"end":{"line":42,"column":5}},"type":"if","locations":[{"start":{"line":38,"column":4},"end":{"line":42,"column":5}}]}},"s":{"0":3,"1":3,"2":3,"3":3,"4":2,"5":2,"6":1,"7":1,"8":1,"9":3,"10":3,"11":35,"12":1,"13":1,"14":34,"15":3,"16":3},"f":{"0":2,"1":35},"b":{"0":[1],"1":[2,2,1],"2":[1],"3":[1]}}
,"C:\\Users\\pasie\\OneDrive\\Dokumenty\\GO-IT\\TESTOWE PROJEKTY\\SO YUMMY\\SO-YUMMY-APP-BACKEND\\src\\middlewares\\validateBody.ts": {"path":"C:\\Users\\pasie\\OneDrive\\Dokumenty\\GO-IT\\TESTOWE PROJEKTY\\SO YUMMY\\SO-YUMMY-APP-BACKEND\\src\\middlewares\\validateBody.ts","statementMap":{"0":{"start":{"line":3,"column":0},"end":{"line":3,"column":48}},"1":{"start":{"line":5,"column":21},"end":{"line":14,"column":1}},"2":{"start":{"line":6,"column":2},"end":{"line":13,"column":4}},"3":{"start":{"line":7,"column":22},"end":{"line":7,"column":47}},"4":{"start":{"line":9,"column":4},"end":{"line":11,"column":5}},"5":{"start":{"line":10,"column":6},"end":{"line":10,"column":51}},"6":{"start":{"line":12,"column":4},"end":{"line":12,"column":11}},"7":{"start":{"line":16,"column":0},"end":{"line":16,"column":28}}},"fnMap":{"0":{"name":"(anonymous_1)","decl":{"start":{"line":5,"column":21},"end":{"line":5,"column":22}},"loc":{"start":{"line":5,"column":40},"end":{"line":14,"column":1}}},"1":{"name":"(anonymous_2)","decl":{"start":{"line":6,"column":9},"end":{"line":6,"column":10}},"loc":{"start":{"line":6,"column":61},"end":{"line":13,"column":3}}}},"branchMap":{"0":{"loc":{"start":{"line":9,"column":4},"end":{"line":11,"column":5}},"type":"if","locations":[{"start":{"line":9,"column":4},"end":{"line":11,"column":5}}]}},"s":{"0":3,"1":3,"2":18,"3":30,"4":30,"5":10,"6":20,"7":3},"f":{"0":18,"1":30},"b":{"0":[10]}}
,"C:\\Users\\pasie\\OneDrive\\Dokumenty\\GO-IT\\TESTOWE PROJEKTY\\SO YUMMY\\SO-YUMMY-APP-BACKEND\\src\\models\\category.ts": {"path":"C:\\Users\\pasie\\OneDrive\\Dokumenty\\GO-IT\\TESTOWE PROJEKTY\\SO YUMMY\\SO-YUMMY-APP-BACKEND\\src\\models\\category.ts","statementMap":{"0":{"start":{"line":1,"column":0},"end":{"line":1,"column":58}},"1":{"start":{"line":9,"column":23},"end":{"line":15,"column":null}},"2":{"start":{"line":18,"column":35},"end":{"line":18,"column":68}},"3":{"start":{"line":20,"column":0},"end":{"line":20,"column":26}}},"fnMap":{},"branchMap":{},"s":{"0":3,"1":3,"2":3,"3":3},"f":{},"b":{}}
,"C:\\Users\\pasie\\OneDrive\\Dokumenty\\GO-IT\\TESTOWE PROJEKTY\\SO YUMMY\\SO-YUMMY-APP-BACKEND\\src\\models\\ingredient.ts": {"path":"C:\\Users\\pasie\\OneDrive\\Dokumenty\\GO-IT\\TESTOWE PROJEKTY\\SO YUMMY\\SO-YUMMY-APP-BACKEND\\src\\models\\ingredient.ts","statementMap":{"0":{"start":{"line":1,"column":0},"end":{"line":1,"column":58}},"1":{"start":{"line":10,"column":25},"end":{"line":17,"column":null}},"2":{"start":{"line":20,"column":39},"end":{"line":20,"column":76}},"3":{"start":{"line":22,"column":0},"end":{"line":22,"column":26}}},"fnMap":{},"branchMap":{},"s":{"0":3,"1":3,"2":3,"3":3},"f":{},"b":{}}
,"C:\\Users\\pasie\\OneDrive\\Dokumenty\\GO-IT\\TESTOWE PROJEKTY\\SO YUMMY\\SO-YUMMY-APP-BACKEND\\src\\models\\recipe.ts": {"path":"C:\\Users\\pasie\\OneDrive\\Dokumenty\\GO-IT\\TESTOWE PROJEKTY\\SO YUMMY\\SO-YUMMY-APP-BACKEND\\src\\models\\recipe.ts","statementMap":{"0":{"start":{"line":1,"column":0},"end":{"line":1,"column":65}},"1":{"start":{"line":24,"column":21},"end":{"line":96,"column":null}},"2":{"start":{"line":99,"column":31},"end":{"line":99,"column":60}},"3":{"start":{"line":101,"column":0},"end":{"line":101,"column":22}}},"fnMap":{},"branchMap":{},"s":{"0":3,"1":3,"2":3,"3":3},"f":{},"b":{}}
,"C:\\Users\\pasie\\OneDrive\\Dokumenty\\GO-IT\\TESTOWE PROJEKTY\\SO YUMMY\\SO-YUMMY-APP-BACKEND\\src\\models\\shoppingList.ts": {"path":"C:\\Users\\pasie\\OneDrive\\Dokumenty\\GO-IT\\TESTOWE PROJEKTY\\SO YUMMY\\SO-YUMMY-APP-BACKEND\\src\\models\\shoppingList.ts","statementMap":{"0":{"start":{"line":1,"column":0},"end":{"line":1,"column":65}},"1":{"start":{"line":16,"column":27},"end":{"line":33,"column":null}},"2":{"start":{"line":36,"column":43},"end":{"line":36,"column":84}},"3":{"start":{"line":38,"column":0},"end":{"line":38,"column":28}}},"fnMap":{},"branchMap":{},"s":{"0":3,"1":3,"2":3,"3":3},"f":{},"b":{}}
,"C:\\Users\\pasie\\OneDrive\\Dokumenty\\GO-IT\\TESTOWE PROJEKTY\\SO YUMMY\\SO-YUMMY-APP-BACKEND\\src\\models\\subscribe.ts": {"path":"C:\\Users\\pasie\\OneDrive\\Dokumenty\\GO-IT\\TESTOWE PROJEKTY\\SO YUMMY\\SO-YUMMY-APP-BACKEND\\src\\models\\subscribe.ts","statementMap":{"0":{"start":{"line":1,"column":0},"end":{"line":1,"column":65}},"1":{"start":{"line":3,"column":20},"end":{"line":3,"column":36}},"2":{"start":{"line":10,"column":24},"end":{"line":24,"column":null}},"3":{"start":{"line":27,"column":37},"end":{"line":27,"column":72}},"4":{"start":{"line":29,"column":0},"end":{"line":29,"column":25}}},"fnMap":{},"branchMap":{},"s":{"0":3,"1":3,"2":3,"3":3,"4":3},"f":{},"b":{}}
,"C:\\Users\\pasie\\OneDrive\\Dokumenty\\GO-IT\\TESTOWE PROJEKTY\\SO YUMMY\\SO-YUMMY-APP-BACKEND\\src\\models\\user.ts": {"path":"C:\\Users\\pasie\\OneDrive\\Dokumenty\\GO-IT\\TESTOWE PROJEKTY\\SO YUMMY\\SO-YUMMY-APP-BACKEND\\src\\models\\user.ts","statementMap":{"0":{"start":{"line":1,"column":0},"end":{"line":1,"column":65}},"1":{"start":{"line":15,"column":19},"end":{"line":53,"column":null}},"2":{"start":{"line":56,"column":27},"end":{"line":56,"column":52}},"3":{"start":{"line":58,"column":9},"end":{"line":58,"column":13}}},"fnMap":{},"branchMap":{},"s":{"0":3,"1":3,"2":3,"3":3},"f":{},"b":{}}
,"C:\\Users\\pasie\\OneDrive\\Dokumenty\\GO-IT\\TESTOWE PROJEKTY\\SO YUMMY\\SO-YUMMY-APP-BACKEND\\src\\routes\\api\\favoriteRecipes.ts": {"path":"C:\\Users\\pasie\\OneDrive\\Dokumenty\\GO-IT\\TESTOWE PROJEKTY\\SO YUMMY\\SO-YUMMY-APP-BACKEND\\src\\routes\\api\\favoriteRecipes.ts","statementMap":{"0":{"start":{"line":1,"column":0},"end":{"line":1,"column":30}},"1":{"start":{"line":2,"column":0},"end":{"line":2,"column":42}},"2":{"start":{"line":3,"column":0},"end":{"line":3,"column":null}},"3":{"start":{"line":9,"column":15},"end":{"line":9,"column":31}},"4":{"start":{"line":11,"column":0},"end":{"line":11,"column":36}},"5":{"start":{"line":12,"column":0},"end":{"line":12,"column":53}},"6":{"start":{"line":13,"column":0},"end":{"line":13,"column":61}},"7":{"start":{"line":15,"column":0},"end":{"line":15,"column":22}}},"fnMap":{},"branchMap":{},"s":{"0":3,"1":3,"2":3,"3":3,"4":3,"5":3,"6":3,"7":3},"f":{},"b":{}}
,"C:\\Users\\pasie\\OneDrive\\Dokumenty\\GO-IT\\TESTOWE PROJEKTY\\SO YUMMY\\SO-YUMMY-APP-BACKEND\\src\\routes\\api\\ingredients.ts": {"path":"C:\\Users\\pasie\\OneDrive\\Dokumenty\\GO-IT\\TESTOWE PROJEKTY\\SO YUMMY\\SO-YUMMY-APP-BACKEND\\src\\routes\\api\\ingredients.ts","statementMap":{"0":{"start":{"line":1,"column":0},"end":{"line":1,"column":30}},"1":{"start":{"line":2,"column":0},"end":{"line":2,"column":42}},"2":{"start":{"line":3,"column":0},"end":{"line":3,"column":84}},"3":{"start":{"line":5,"column":15},"end":{"line":5,"column":31}},"4":{"start":{"line":7,"column":0},"end":{"line":7,"column":41}},"5":{"start":{"line":8,"column":0},"end":{"line":8,"column":44}},"6":{"start":{"line":10,"column":0},"end":{"line":10,"column":22}}},"fnMap":{},"branchMap":{},"s":{"0":3,"1":3,"2":3,"3":3,"4":3,"5":3,"6":3},"f":{},"b":{}}
,"C:\\Users\\pasie\\OneDrive\\Dokumenty\\GO-IT\\TESTOWE PROJEKTY\\SO YUMMY\\SO-YUMMY-APP-BACKEND\\src\\routes\\api\\ownRecipes.ts": {"path":"C:\\Users\\pasie\\OneDrive\\Dokumenty\\GO-IT\\TESTOWE PROJEKTY\\SO YUMMY\\SO-YUMMY-APP-BACKEND\\src\\routes\\api\\ownRecipes.ts","statementMap":{"0":{"start":{"line":1,"column":0},"end":{"line":1,"column":30}},"1":{"start":{"line":2,"column":0},"end":{"line":2,"column":42}},"2":{"start":{"line":3,"column":0},"end":{"line":3,"column":58}},"3":{"start":{"line":4,"column":0},"end":{"line":4,"column":48}},"4":{"start":{"line":5,"column":0},"end":{"line":5,"column":90}},"5":{"start":{"line":6,"column":0},"end":{"line":6,"column":46}},"6":{"start":{"line":7,"column":0},"end":{"line":7,"column":64}},"7":{"start":{"line":9,"column":15},"end":{"line":9,"column":31}},"8":{"start":{"line":11,"column":0},"end":{"line":11,"column":44}},"9":{"start":{"line":12,"column":0},"end":{"line":12,"column":68}},"10":{"start":{"line":13,"column":0},"end":{"line":13,"column":58}},"11":{"start":{"line":14,"column":0},"end":{"line":14,"column":65}},"12":{"start":{"line":16,"column":0},"end":{"line":16,"column":22}}},"fnMap":{},"branchMap":{},"s":{"0":3,"1":3,"2":3,"3":3,"4":3,"5":3,"6":3,"7":3,"8":3,"9":3,"10":3,"11":3,"12":3},"f":{},"b":{}}
,"C:\\Users\\pasie\\OneDrive\\Dokumenty\\GO-IT\\TESTOWE PROJEKTY\\SO YUMMY\\SO-YUMMY-APP-BACKEND\\src\\routes\\api\\popularRecipe.ts": {"path":"C:\\Users\\pasie\\OneDrive\\Dokumenty\\GO-IT\\TESTOWE PROJEKTY\\SO YUMMY\\SO-YUMMY-APP-BACKEND\\src\\routes\\api\\popularRecipe.ts","statementMap":{"0":{"start":{"line":1,"column":0},"end":{"line":1,"column":30}},"1":{"start":{"line":2,"column":0},"end":{"line":2,"column":42}},"2":{"start":{"line":3,"column":0},"end":{"line":3,"column":67}},"3":{"start":{"line":5,"column":15},"end":{"line":5,"column":31}},"4":{"start":{"line":7,"column":0},"end":{"line":7,"column":41}},"5":{"start":{"line":9,"column":0},"end":{"line":9,"column":22}}},"fnMap":{},"branchMap":{},"s":{"0":3,"1":3,"2":3,"3":3,"4":3,"5":3},"f":{},"b":{}}
,"C:\\Users\\pasie\\OneDrive\\Dokumenty\\GO-IT\\TESTOWE PROJEKTY\\SO YUMMY\\SO-YUMMY-APP-BACKEND\\src\\routes\\api\\recipe.ts": {"path":"C:\\Users\\pasie\\OneDrive\\Dokumenty\\GO-IT\\TESTOWE PROJEKTY\\SO YUMMY\\SO-YUMMY-APP-BACKEND\\src\\routes\\api\\recipe.ts","statementMap":{"0":{"start":{"line":1,"column":0},"end":{"line":1,"column":30}},"1":{"start":{"line":2,"column":0},"end":{"line":2,"column":42}},"2":{"start":{"line":3,"column":0},"end":{"line":3,"column":null}},"3":{"start":{"line":11,"column":15},"end":{"line":11,"column":31}},"4":{"start":{"line":13,"column":0},"end":{"line":13,"column":34}},"5":{"start":{"line":14,"column":0},"end":{"line":14,"column":59}},"6":{"start":{"line":15,"column":0},"end":{"line":15,"column":54}},"7":{"start":{"line":16,"column":0},"end":{"line":16,"column":64}},"8":{"start":{"line":17,"column":0},"end":{"line":17,"column":40}},"9":{"start":{"line":19,"column":0},"end":{"line":19,"column":22}}},"fnMap":{},"branchMap":{},"s":{"0":3,"1":3,"2":3,"3":3,"4":3,"5":3,"6":3,"7":3,"8":3,"9":3},"f":{},"b":{}}
,"C:\\Users\\pasie\\OneDrive\\Dokumenty\\GO-IT\\TESTOWE PROJEKTY\\SO YUMMY\\SO-YUMMY-APP-BACKEND\\src\\routes\\api\\shoppingList.ts": {"path":"C:\\Users\\pasie\\OneDrive\\Dokumenty\\GO-IT\\TESTOWE PROJEKTY\\SO YUMMY\\SO-YUMMY-APP-BACKEND\\src\\routes\\api\\shoppingList.ts","statementMap":{"0":{"start":{"line":1,"column":0},"end":{"line":1,"column":30}},"1":{"start":{"line":2,"column":0},"end":{"line":2,"column":42}},"2":{"start":{"line":3,"column":0},"end":{"line":3,"column":null}},"3":{"start":{"line":9,"column":15},"end":{"line":9,"column":31}},"4":{"start":{"line":11,"column":0},"end":{"line":11,"column":39}},"5":{"start":{"line":12,"column":0},"end":{"line":12,"column":41}},"6":{"start":{"line":13,"column":0},"end":{"line":13,"column":49}},"7":{"start":{"line":15,"column":0},"end":{"line":15,"column":22}}},"fnMap":{},"branchMap":{},"s":{"0":3,"1":3,"2":3,"3":3,"4":3,"5":3,"6":3,"7":3},"f":{},"b":{}}
,"C:\\Users\\pasie\\OneDrive\\Dokumenty\\GO-IT\\TESTOWE PROJEKTY\\SO YUMMY\\SO-YUMMY-APP-BACKEND\\src\\routes\\api\\subscribe.ts": {"path":"C:\\Users\\pasie\\OneDrive\\Dokumenty\\GO-IT\\TESTOWE PROJEKTY\\SO YUMMY\\SO-YUMMY-APP-BACKEND\\src\\routes\\api\\subscribe.ts","statementMap":{"0":{"start":{"line":1,"column":0},"end":{"line":1,"column":30}},"1":{"start":{"line":2,"column":0},"end":{"line":2,"column":42}},"2":{"start":{"line":3,"column":0},"end":{"line":3,"column":58}},"3":{"start":{"line":4,"column":0},"end":{"line":4,"column":62}},"4":{"start":{"line":5,"column":0},"end":{"line":5,"column":54}},"5":{"start":{"line":7,"column":15},"end":{"line":7,"column":31}},"6":{"start":{"line":9,"column":0},"end":{"line":9,"column":72}},"7":{"start":{"line":11,"column":0},"end":{"line":11,"column":22}}},"fnMap":{},"branchMap":{},"s":{"0":3,"1":3,"2":3,"3":3,"4":3,"5":3,"6":3,"7":3},"f":{},"b":{}}
,"C:\\Users\\pasie\\OneDrive\\Dokumenty\\GO-IT\\TESTOWE PROJEKTY\\SO YUMMY\\SO-YUMMY-APP-BACKEND\\src\\routes\\api\\user.ts": {"path":"C:\\Users\\pasie\\OneDrive\\Dokumenty\\GO-IT\\TESTOWE PROJEKTY\\SO YUMMY\\SO-YUMMY-APP-BACKEND\\src\\routes\\api\\user.ts","statementMap":{"0":{"start":{"line":1,"column":0},"end":{"line":1,"column":67}},"1":{"start":{"line":2,"column":0},"end":{"line":2,"column":null}},"2":{"start":{"line":12,"column":0},"end":{"line":12,"column":42}},"3":{"start":{"line":13,"column":0},"end":{"line":13,"column":58}},"4":{"start":{"line":14,"column":0},"end":{"line":14,"column":null}},"5":{"start":{"line":20,"column":0},"end":{"line":20,"column":46}},"6":{"start":{"line":22,"column":15},"end":{"line":22,"column":31}},"7":{"start":{"line":24,"column":0},"end":{"line":24,"column":65}},"8":{"start":{"line":25,"column":0},"end":{"line":25,"column":54}},"9":{"start":{"line":26,"column":0},"end":{"line":26,"column":59}},"10":{"start":{"line":27,"column":0},"end":{"line":27,"column":67}},"11":{"start":{"line":28,"column":0},"end":{"line":28,"column":42}},"12":{"start":{"line":29,"column":0},"end":{"line":29,"column":38}},"13":{"start":{"line":30,"column":0},"end":{"line":36,"column":2}},"14":{"start":{"line":37,"column":0},"end":{"line":42,"column":2}},"15":{"start":{"line":44,"column":0},"end":{"line":44,"column":22}}},"fnMap":{},"branchMap":{},"s":{"0":3,"1":3,"2":3,"3":3,"4":3,"5":3,"6":3,"7":3,"8":3,"9":3,"10":3,"11":3,"12":3,"13":3,"14":3,"15":3},"f":{},"b":{}}
,"C:\\Users\\pasie\\OneDrive\\Dokumenty\\GO-IT\\TESTOWE PROJEKTY\\SO YUMMY\\SO-YUMMY-APP-BACKEND\\src\\schemas\\recipe.ts": {"path":"C:\\Users\\pasie\\OneDrive\\Dokumenty\\GO-IT\\TESTOWE PROJEKTY\\SO YUMMY\\SO-YUMMY-APP-BACKEND\\src\\schemas\\recipe.ts","statementMap":{"0":{"start":{"line":1,"column":0},"end":{"line":1,"column":22}},"1":{"start":{"line":3,"column":21},"end":{"line":14,"column":2}},"2":{"start":{"line":16,"column":0},"end":{"line":16,"column":28}}},"fnMap":{},"branchMap":{},"s":{"0":3,"1":3,"2":3},"f":{},"b":{}}
,"C:\\Users\\pasie\\OneDrive\\Dokumenty\\GO-IT\\TESTOWE PROJEKTY\\SO YUMMY\\SO-YUMMY-APP-BACKEND\\src\\schemas\\subscribeUser.ts": {"path":"C:\\Users\\pasie\\OneDrive\\Dokumenty\\GO-IT\\TESTOWE PROJEKTY\\SO YUMMY\\SO-YUMMY-APP-BACKEND\\src\\schemas\\subscribeUser.ts","statementMap":{"0":{"start":{"line":1,"column":0},"end":{"line":1,"column":22}},"1":{"start":{"line":3,"column":28},"end":{"line":8,"column":2}},"2":{"start":{"line":10,"column":0},"end":{"line":10,"column":35}}},"fnMap":{},"branchMap":{},"s":{"0":3,"1":3,"2":3},"f":{},"b":{}}
,"C:\\Users\\pasie\\OneDrive\\Dokumenty\\GO-IT\\TESTOWE PROJEKTY\\SO YUMMY\\SO-YUMMY-APP-BACKEND\\src\\schemas\\user.ts": {"path":"C:\\Users\\pasie\\OneDrive\\Dokumenty\\GO-IT\\TESTOWE PROJEKTY\\SO YUMMY\\SO-YUMMY-APP-BACKEND\\src\\schemas\\user.ts","statementMap":{"0":{"start":{"line":1,"column":0},"end":{"line":1,"column":22}},"1":{"start":{"line":3,"column":23},"end":{"line":19,"column":2}},"2":{"start":{"line":46,"column":9},"end":{"line":46,"column":23}},"3":{"start":{"line":21,"column":25},"end":{"line":27,"column":2}},"4":{"start":{"line":46,"column":39},"end":{"line":46,"column":55}},"5":{"start":{"line":29,"column":26},"end":{"line":31,"column":2}},"6":{"start":{"line":46,"column":57},"end":{"line":46,"column":74}},"7":{"start":{"line":33,"column":21},"end":{"line":44,"column":2}},"8":{"start":{"line":46,"column":25},"end":{"line":46,"column":37}}},"fnMap":{},"branchMap":{},"s":{"0":3,"1":3,"2":3,"3":3,"4":3,"5":3,"6":3,"7":3,"8":3},"f":{},"b":{}}
,"C:\\Users\\pasie\\OneDrive\\Dokumenty\\GO-IT\\TESTOWE PROJEKTY\\SO YUMMY\\SO-YUMMY-APP-BACKEND\\src\\services\\subscribeServices.ts": {"path":"C:\\Users\\pasie\\OneDrive\\Dokumenty\\GO-IT\\TESTOWE PROJEKTY\\SO YUMMY\\SO-YUMMY-APP-BACKEND\\src\\services\\subscribeServices.ts","statementMap":{"0":{"start":{"line":1,"column":0},"end":{"line":1,"column":60}},"1":{"start":{"line":9,"column":22},"end":{"line":17,"column":2}},"2":{"start":{"line":9,"column":83},"end":{"line":17,"column":2}},"3":{"start":{"line":10,"column":2},"end":{"line":16,"column":3}},"4":{"start":{"line":12,"column":4},"end":{"line":12,"column":42}},"5":{"start":{"line":14,"column":4},"end":{"line":14,"column":57}},"6":{"start":{"line":15,"column":4},"end":{"line":15,"column":16}},"7":{"start":{"line":34,"column":9},"end":{"line":34,"column":22}},"8":{"start":{"line":19,"column":24},"end":{"line":32,"column":2}},"9":{"start":{"line":22,"column":50},"end":{"line":32,"column":2}},"10":{"start":{"line":23,"column":2},"end":{"line":31,"column":3}},"11":{"start":{"line":24,"column":4},"end":{"line":27,"column":7}},"12":{"start":{"line":29,"column":4},"end":{"line":29,"column":57}},"13":{"start":{"line":30,"column":4},"end":{"line":30,"column":16}},"14":{"start":{"line":34,"column":24},"end":{"line":34,"column":39}}},"fnMap":{"0":{"name":"(anonymous_8)","decl":{"start":{"line":9,"column":22},"end":{"line":9,"column":29}},"loc":{"start":{"line":9,"column":83},"end":{"line":17,"column":2}}},"1":{"name":"(anonymous_9)","decl":{"start":{"line":9,"column":83},"end":{"line":9,"column":null}},"loc":{"start":{"line":9,"column":83},"end":{"line":17,"column":1}}},"2":{"name":"(anonymous_10)","decl":{"start":{"line":19,"column":24},"end":{"line":19,"column":31}},"loc":{"start":{"line":22,"column":50},"end":{"line":32,"column":2}}},"3":{"name":"(anonymous_11)","decl":{"start":{"line":22,"column":50},"end":{"line":22,"column":null}},"loc":{"start":{"line":22,"column":18},"end":{"line":32,"column":1}}}},"branchMap":{},"s":{"0":3,"1":3,"2":0,"3":0,"4":0,"5":0,"6":0,"7":3,"8":3,"9":0,"10":0,"11":0,"12":0,"13":0,"14":3},"f":{"0":0,"1":0,"2":0,"3":0},"b":{}}
,"C:\\Users\\pasie\\OneDrive\\Dokumenty\\GO-IT\\TESTOWE PROJEKTY\\SO YUMMY\\SO-YUMMY-APP-BACKEND\\src\\services\\user.ts": {"path":"C:\\Users\\pasie\\OneDrive\\Dokumenty\\GO-IT\\TESTOWE PROJEKTY\\SO YUMMY\\SO-YUMMY-APP-BACKEND\\src\\services\\user.ts","statementMap":{"0":{"start":{"line":1,"column":0},"end":{"line":1,"column":45}},"1":{"start":{"line":10,"column":20},"end":{"line":17,"column":2}},"2":{"start":{"line":10,"column":73},"end":{"line":17,"column":2}},"3":{"start":{"line":11,"column":2},"end":{"line":16,"column":3}},"4":{"start":{"line":12,"column":4},"end":{"line":12,"column":36}},"5":{"start":{"line":14,"column":4},"end":{"line":14,"column":25}},"6":{"start":{"line":15,"column":4},"end":{"line":15,"column":16}},"7":{"start":{"line":70,"column":28},"end":{"line":70,"column":39}},"8":{"start":{"line":19,"column":16},"end":{"line":44,"column":2}},"9":{"start":{"line":31,"column":28},"end":{"line":44,"column":2}},"10":{"start":{"line":32,"column":2},"end":{"line":43,"column":3}},"11":{"start":{"line":33,"column":4},"end":{"line":39,"column":7}},"12":{"start":{"line":41,"column":4},"end":{"line":41,"column":25}},"13":{"start":{"line":42,"column":4},"end":{"line":42,"column":16}},"14":{"start":{"line":70,"column":9},"end":{"line":70,"column":16}},"15":{"start":{"line":46,"column":17},"end":{"line":55,"column":2}},"16":{"start":{"line":46,"column":67},"end":{"line":55,"column":2}},"17":{"start":{"line":47,"column":2},"end":{"line":54,"column":3}},"18":{"start":{"line":48,"column":4},"end":{"line":48,"column":32}},"19":{"start":{"line":50,"column":4},"end":{"line":50,"column":37}},"20":{"start":{"line":52,"column":4},"end":{"line":52,"column":25}},"21":{"start":{"line":53,"column":4},"end":{"line":53,"column":16}},"22":{"start":{"line":70,"column":18},"end":{"line":70,"column":26}},"23":{"start":{"line":57,"column":19},"end":{"line":68,"column":2}},"24":{"start":{"line":60,"column":27},"end":{"line":68,"column":2}},"25":{"start":{"line":62,"column":2},"end":{"line":67,"column":3}},"26":{"start":{"line":63,"column":4},"end":{"line":63,"column":65}},"27":{"start":{"line":65,"column":4},"end":{"line":65,"column":23}},"28":{"start":{"line":66,"column":4},"end":{"line":66,"column":16}},"29":{"start":{"line":70,"column":41},"end":{"line":70,"column":51}}},"fnMap":{"0":{"name":"(anonymous_7)","decl":{"start":{"line":10,"column":20},"end":{"line":10,"column":27}},"loc":{"start":{"line":10,"column":73},"end":{"line":17,"column":2}}},"1":{"name":"(anonymous_8)","decl":{"start":{"line":10,"column":73},"end":{"line":10,"column":null}},"loc":{"start":{"line":10,"column":73},"end":{"line":17,"column":1}}},"2":{"name":"(anonymous_9)","decl":{"start":{"line":19,"column":16},"end":{"line":19,"column":23}},"loc":{"start":{"line":31,"column":28},"end":{"line":44,"column":2}}},"3":{"name":"(anonymous_10)","decl":{"start":{"line":31,"column":28},"end":{"line":31,"column":null}},"loc":{"start":{"line":31,"column":1},"end":{"line":44,"column":1}}},"4":{"name":"(anonymous_11)","decl":{"start":{"line":46,"column":17},"end":{"line":46,"column":24}},"loc":{"start":{"line":46,"column":67},"end":{"line":55,"column":2}}},"5":{"name":"(anonymous_12)","decl":{"start":{"line":46,"column":67},"end":{"line":46,"column":null}},"loc":{"start":{"line":46,"column":67},"end":{"line":55,"column":1}}},"6":{"name":"(anonymous_13)","decl":{"start":{"line":57,"column":19},"end":{"line":57,"column":null}},"loc":{"start":{"line":60,"column":27},"end":{"line":68,"column":2}}},"7":{"name":"(anonymous_14)","decl":{"start":{"line":60,"column":27},"end":{"line":60,"column":null}},"loc":{"start":{"line":60,"column":27},"end":{"line":68,"column":1}}}},"branchMap":{},"s":{"0":3,"1":3,"2":1,"3":1,"4":1,"5":0,"6":0,"7":3,"8":3,"9":0,"10":0,"11":0,"12":0,"13":0,"14":3,"15":3,"16":0,"17":0,"18":0,"19":0,"20":0,"21":0,"22":3,"23":3,"24":0,"25":0,"26":0,"27":0,"28":0,"29":3},"f":{"0":1,"1":1,"2":0,"3":0,"4":0,"5":0,"6":0,"7":0},"b":{}}
,"C:\\Users\\pasie\\OneDrive\\Dokumenty\\GO-IT\\TESTOWE PROJEKTY\\SO YUMMY\\SO-YUMMY-APP-BACKEND\\src\\utils\\emailService.ts": {"path":"C:\\Users\\pasie\\OneDrive\\Dokumenty\\GO-IT\\TESTOWE PROJEKTY\\SO YUMMY\\SO-YUMMY-APP-BACKEND\\src\\utils\\emailService.ts","statementMap":{"0":{"start":{"line":1,"column":0},"end":{"line":1,"column":36}},"1":{"start":{"line":2,"column":0},"end":{"line":2,"column":28}},"2":{"start":{"line":4,"column":0},"end":{"line":4,"column":16}},"3":{"start":{"line":18,"column":0},"end":{"line":18,"column":57}},"4":{"start":{"line":20,"column":30},"end":{"line":48,"column":2}},"5":{"start":{"line":23,"column":46},"end":{"line":48,"column":2}},"6":{"start":{"line":24,"column":2},"end":{"line":26,"column":3}},"7":{"start":{"line":25,"column":4},"end":{"line":25,"column":55}},"8":{"start":{"line":28,"column":14},"end":{"line":38,"column":4}},"9":{"start":{"line":40,"column":2},"end":{"line":47,"column":3}},"10":{"start":{"line":41,"column":4},"end":{"line":41,"column":27}},"11":{"start":{"line":43,"column":4},"end":{"line":46,"column":6}},"12":{"start":{"line":75,"column":9},"end":{"line":75,"column":30}},"13":{"start":{"line":50,"column":30},"end":{"line":73,"column":2}},"14":{"start":{"line":55,"column":41},"end":{"line":73,"column":2}},"15":{"start":{"line":56,"column":14},"end":{"line":62,"column":4}},"16":{"start":{"line":64,"column":2},"end":{"line":72,"column":3}},"17":{"start":{"line":65,"column":4},"end":{"line":65,"column":27}},"18":{"start":{"line":66,"column":4},"end":{"line":66,"column":43}},"19":{"start":{"line":68,"column":4},"end":{"line":71,"column":6}},"20":{"start":{"line":75,"column":32},"end":{"line":75,"column":53}}},"fnMap":{"0":{"name":"(anonymous_8)","decl":{"start":{"line":20,"column":30},"end":{"line":20,"column":37}},"loc":{"start":{"line":23,"column":46},"end":{"line":48,"column":2}}},"1":{"name":"(anonymous_9)","decl":{"start":{"line":23,"column":46},"end":{"line":23,"column":null}},"loc":{"start":{"line":23,"column":27},"end":{"line":48,"column":1}}},"2":{"name":"(anonymous_10)","decl":{"start":{"line":50,"column":30},"end":{"line":50,"column":37}},"loc":{"start":{"line":55,"column":41},"end":{"line":73,"column":2}}},"3":{"name":"(anonymous_11)","decl":{"start":{"line":55,"column":41},"end":{"line":55,"column":null}},"loc":{"start":{"line":55,"column":22},"end":{"line":73,"column":1}}}},"branchMap":{"0":{"loc":{"start":{"line":24,"column":2},"end":{"line":26,"column":3}},"type":"if","locations":[{"start":{"line":24,"column":2},"end":{"line":26,"column":3}}]},"1":{"loc":{"start":{"line":45,"column":6},"end":{"line":45,"column":50}},"type":"cond-expr","locations":[{"start":{"line":45,"column":23},"end":{"line":45,"column":42}},{"start":{"line":45,"column":45},"end":{"line":45,"column":50}}]},"2":{"loc":{"start":{"line":59,"column":13},"end":{"line":59,"column":44}},"type":"binary-expr","locations":[{"start":{"line":59,"column":13},"end":{"line":59,"column":20}},{"start":{"line":59,"column":24},"end":{"line":59,"column":44}}]},"3":{"loc":{"start":{"line":60,"column":10},"end":{"line":60,"column":20}},"type":"binary-expr","locations":[{"start":{"line":60,"column":10},"end":{"line":60,"column":14}},{"start":{"line":60,"column":18},"end":{"line":60,"column":20}}]},"4":{"loc":{"start":{"line":61,"column":10},"end":{"line":61,"column":20}},"type":"binary-expr","locations":[{"start":{"line":61,"column":10},"end":{"line":61,"column":14}},{"start":{"line":61,"column":18},"end":{"line":61,"column":20}}]},"5":{"loc":{"start":{"line":70,"column":6},"end":{"line":70,"column":50}},"type":"cond-expr","locations":[{"start":{"line":70,"column":23},"end":{"line":70,"column":42}},{"start":{"line":70,"column":45},"end":{"line":70,"column":50}}]}},"s":{"0":1,"1":1,"2":1,"3":1,"4":1,"5":0,"6":0,"7":0,"8":0,"9":0,"10":0,"11":0,"12":1,"13":1,"14":0,"15":0,"16":0,"17":0,"18":0,"19":0,"20":1},"f":{"0":0,"1":0,"2":0,"3":0},"b":{"0":[0],"1":[0,0],"2":[0,0],"3":[0,0],"4":[0,0],"5":[0,0]}}
,"C:\\Users\\pasie\\OneDrive\\Dokumenty\\GO-IT\\TESTOWE PROJEKTY\\SO YUMMY\\SO-YUMMY-APP-BACKEND\\src\\utils\\handleErrors.ts": {"path":"C:\\Users\\pasie\\OneDrive\\Dokumenty\\GO-IT\\TESTOWE PROJEKTY\\SO YUMMY\\SO-YUMMY-APP-BACKEND\\src\\utils\\handleErrors.ts","statementMap":{"0":{"start":{"line":1,"column":52},"end":{"line":7,"column":2}},"1":{"start":{"line":13,"column":20},"end":{"line":20,"column":1}},"2":{"start":{"line":17,"column":29},"end":{"line":17,"column":47}},"3":{"start":{"line":18,"column":2},"end":{"line":18,"column":24}},"4":{"start":{"line":19,"column":2},"end":{"line":19,"column":15}},"5":{"start":{"line":22,"column":0},"end":{"line":22,"column":27}}},"fnMap":{"0":{"name":"(anonymous_0)","decl":{"start":{"line":13,"column":20},"end":{"line":13,"column":null}},"loc":{"start":{"line":16,"column":17},"end":{"line":20,"column":1}}}},"branchMap":{"0":{"loc":{"start":{"line":15,"column":2},"end":{"line":15,"column":44}},"type":"default-arg","locations":[{"start":{"line":15,"column":20},"end":{"line":15,"column":44}}]}},"s":{"0":3,"1":3,"2":30,"3":30,"4":30,"5":3},"f":{"0":30},"b":{"0":[8]}}
}
