TN:
SF:src\app.ts
FN:41,(anonymous_1)
FN:56,(anonymous_2)
FN:80,(anonymous_3)
FN:84,(anonymous_4)
FN:88,(anonymous_5)
FNF:5
FNH:4
FNDA:42,(anonymous_1)
FNDA:0,(anonymous_2)
FNDA:1,(anonymous_3)
FNDA:26,(anonymous_4)
FNDA:25,(anonymous_5)
DA:1,3
DA:2,3
DA:3,3
DA:4,3
DA:5,3
DA:6,3
DA:7,3
DA:8,3
DA:9,3
DA:10,3
DA:11,3
DA:12,3
DA:13,3
DA:15,3
DA:17,3
DA:18,3
DA:20,3
DA:21,3
DA:22,3
DA:24,3
DA:26,3
DA:28,3
DA:30,3
DA:31,3
DA:33,3
DA:34,3
DA:39,3
DA:42,42
DA:43,41
DA:45,1
DA:56,3
DA:57,0
DA:58,0
DA:59,0
DA:63,0
DA:66,3
DA:71,3
DA:72,3
DA:73,3
DA:74,3
DA:75,3
DA:76,3
DA:77,3
DA:78,3
DA:80,3
DA:81,1
DA:84,3
DA:85,26
DA:88,3
DA:89,25
DA:90,25
DA:91,25
DA:94,3
LF:53
LH:49
BRDA:22,0,0,0
BRDA:22,0,1,3
BRDA:42,1,0,41
BRDA:42,1,1,1
BRDA:42,2,0,42
BRDA:42,2,1,2
BRDA:89,3,0,25
BRDA:89,3,1,2
BRDA:90,4,0,25
BRDA:90,4,1,0
BRF:10
BRH:8
end_of_record
TN:
SF:src\config\passport-config.ts
FN:25,(anonymous_8)
FN:28,(anonymous_9)
FNF:2
FNH:2
FNDA:13,(anonymous_8)
FNDA:13,(anonymous_9)
DA:1,3
DA:2,3
DA:4,3
DA:5,3
DA:7,3
DA:9,3
DA:11,3
DA:12,0
DA:15,3
DA:16,3
DA:17,3
DA:22,3
DA:28,13
DA:29,13
DA:30,13
DA:31,13
DA:32,0
DA:34,13
DA:36,0
DA:42,3
LF:20
LH:17
BRDA:11,0,0,0
BRDA:31,1,0,0
BRF:2
BRH:0
end_of_record
TN:
SF:src\controller\favoriteRecipes.ts
FN:6,(anonymous_8)
FN:6,(anonymous_9)
FN:39,(anonymous_10)
FN:39,(anonymous_11)
FN:69,(anonymous_12)
FN:69,(anonymous_13)
FNF:6
FNH:0
FNDA:0,(anonymous_8)
FNDA:0,(anonymous_9)
FNDA:0,(anonymous_10)
FNDA:0,(anonymous_11)
FNDA:0,(anonymous_12)
FNDA:0,(anonymous_13)
DA:2,3
DA:3,3
DA:6,3
DA:7,0
DA:8,0
DA:9,0
DA:10,0
DA:13,0
DA:14,0
DA:15,0
DA:16,0
DA:18,0
DA:22,0
DA:26,0
DA:35,0
DA:39,3
DA:40,0
DA:41,0
DA:42,0
DA:43,0
DA:44,0
DA:47,0
DA:53,0
DA:54,0
DA:57,0
DA:65,0
DA:69,3
DA:70,0
DA:71,0
DA:72,0
DA:73,0
DA:74,0
DA:77,0
DA:83,0
DA:84,0
DA:87,0
DA:89,0
DA:94,3
DA:95,3
DA:96,3
LF:40
LH:8
BRDA:9,0,0,0
BRDA:13,1,0,0
BRDA:13,2,0,0
BRDA:43,3,0,0
BRDA:53,4,0,0
BRDA:73,5,0,0
BRDA:83,6,0,0
BRF:7
BRH:0
end_of_record
TN:
SF:src\controller\ingredients.ts
FN:5,(anonymous_8)
FN:5,(anonymous_9)
FN:21,(anonymous_10)
FN:21,(anonymous_11)
FNF:4
FNH:0
FNDA:0,(anonymous_8)
FNDA:0,(anonymous_9)
FNDA:0,(anonymous_10)
FNDA:0,(anonymous_11)
DA:2,3
DA:3,3
DA:5,3
DA:6,0
DA:7,0
DA:9,0
DA:17,0
DA:21,3
DA:22,0
DA:23,0
DA:25,0
DA:27,0
DA:28,0
DA:31,0
DA:39,0
DA:44,3
DA:45,3
LF:17
LH:6
BRDA:27,0,0,0
BRF:1
BRH:0
end_of_record
TN:
SF:src\controller\ownRecipe.ts
FN:6,(anonymous_8)
FN:10,(anonymous_9)
FN:60,(anonymous_10)
FN:64,(anonymous_11)
FN:88,(anonymous_12)
FN:92,(anonymous_13)
FNF:6
FNH:0
FNDA:0,(anonymous_8)
FNDA:0,(anonymous_9)
FNDA:0,(anonymous_10)
FNDA:0,(anonymous_11)
FNDA:0,(anonymous_12)
FNDA:0,(anonymous_13)
DA:2,3
DA:3,3
DA:6,3
DA:10,0
DA:11,0
DA:12,0
DA:14,0
DA:15,0
DA:18,0
DA:19,0
DA:20,0
DA:21,0
DA:23,0
DA:24,0
DA:26,0
DA:27,0
DA:36,0
DA:39,0
DA:43,0
DA:44,0
DA:47,0
DA:56,0
DA:60,3
DA:64,0
DA:65,0
DA:66,0
DA:67,0
DA:68,0
DA:71,0
DA:76,0
DA:84,0
DA:88,3
DA:92,0
DA:93,0
DA:94,0
DA:95,0
DA:96,0
DA:97,0
DA:99,0
DA:105,0
DA:109,3
LF:41
LH:6
BRDA:14,0,0,0
BRDA:18,1,0,0
BRDA:18,2,0,0
BRDA:26,3,0,0
BRDA:43,4,0,0
BRDA:67,5,0,0
BRDA:96,6,0,0
BRF:7
BRH:0
end_of_record
TN:
SF:src\controller\popularRecipe.ts
FN:4,(anonymous_8)
FN:4,(anonymous_9)
FNF:2
FNH:0
FNDA:0,(anonymous_8)
FNDA:0,(anonymous_9)
DA:2,3
DA:4,3
DA:5,0
DA:6,0
DA:7,0
DA:13,0
DA:17,0
DA:25,3
LF:8
LH:3
BRDA:6,0,0,0
BRDA:6,0,1,0
BRF:2
BRH:0
end_of_record
TN:
SF:src\controller\recipe.ts
FN:7,(anonymous_8)
FN:11,(anonymous_9)
FN:48,(anonymous_10)
FN:52,(anonymous_11)
FN:94,(anonymous_12)
FN:98,(anonymous_13)
FN:102,(anonymous_14)
FN:103,(anonymous_15)
FN:117,(anonymous_16)
FN:121,(anonymous_17)
FN:151,(anonymous_18)
FN:155,(anonymous_19)
FNF:12
FNH:0
FNDA:0,(anonymous_8)
FNDA:0,(anonymous_9)
FNDA:0,(anonymous_10)
FNDA:0,(anonymous_11)
FNDA:0,(anonymous_12)
FNDA:0,(anonymous_13)
FNDA:0,(anonymous_14)
FNDA:0,(anonymous_15)
FNDA:0,(anonymous_16)
FNDA:0,(anonymous_17)
FNDA:0,(anonymous_18)
FNDA:0,(anonymous_19)
DA:2,3
DA:3,3
DA:4,3
DA:5,3
DA:7,3
DA:11,0
DA:12,0
DA:13,0
DA:14,0
DA:15,0
DA:17,0
DA:18,0
DA:19,0
DA:20,0
DA:23,0
DA:24,0
DA:26,0
DA:27,0
DA:32,0
DA:33,0
DA:35,0
DA:44,0
DA:48,3
DA:52,0
DA:53,0
DA:54,0
DA:55,0
DA:68,0
DA:82,0
DA:90,0
DA:94,3
DA:98,0
DA:99,0
DA:100,0
DA:101,0
DA:102,0
DA:103,0
DA:105,0
DA:113,0
DA:117,3
DA:121,0
DA:122,0
DA:123,0
DA:124,0
DA:125,0
DA:126,0
DA:127,0
DA:129,0
DA:132,0
DA:134,0
DA:135,0
DA:138,0
DA:147,0
DA:151,3
DA:155,0
DA:156,0
DA:157,0
DA:158,0
DA:160,0
DA:161,0
DA:164,0
DA:172,0
DA:177,3
DA:178,3
DA:179,3
DA:180,3
DA:181,3
LF:67
LH:14
BRDA:14,0,0,0
BRDA:14,1,0,0
BRDA:17,2,0,0
BRDA:17,2,1,0
BRDA:19,3,0,0
BRDA:23,4,0,0
BRDA:54,5,0,0
BRDA:124,6,0,0
BRDA:124,7,0,0
BRDA:134,8,0,0
BRDA:160,9,0,0
BRF:11
BRH:0
end_of_record
TN:
SF:src\controller\shoppingList.ts
FN:6,(anonymous_8)
FN:10,(anonymous_9)
FN:29,(anonymous_10)
FN:33,(anonymous_11)
FN:66,(anonymous_12)
FN:70,(anonymous_13)
FNF:6
FNH:0
FNDA:0,(anonymous_8)
FNDA:0,(anonymous_9)
FNDA:0,(anonymous_10)
FNDA:0,(anonymous_11)
FNDA:0,(anonymous_12)
FNDA:0,(anonymous_13)
DA:2,3
DA:3,3
DA:6,3
DA:10,0
DA:11,0
DA:12,0
DA:13,0
DA:15,0
DA:16,0
DA:18,0
DA:19,0
DA:22,0
DA:24,0
DA:25,0
DA:29,3
DA:33,0
DA:34,0
DA:35,0
DA:36,0
DA:38,0
DA:39,0
DA:40,0
DA:42,0
DA:43,0
DA:46,0
DA:51,0
DA:56,0
DA:57,0
DA:66,3
DA:70,0
DA:71,0
DA:72,0
DA:73,0
DA:75,0
DA:76,0
DA:78,0
DA:83,0
DA:87,0
DA:88,0
DA:97,3
LF:40
LH:6
BRDA:12,0,0,0
BRDA:18,1,0,0
BRDA:35,2,0,0
BRDA:42,3,0,0
BRDA:72,4,0,0
BRF:5
BRH:0
end_of_record
TN:
SF:src\controller\subscribe.ts
FN:11,(anonymous_8)
FN:15,(anonymous_9)
FNF:2
FNH:2
FNDA:4,(anonymous_8)
FNDA:4,(anonymous_9)
DA:2,3
DA:7,3
DA:9,3
DA:11,3
DA:15,4
DA:16,4
DA:19,4
DA:20,4
DA:21,4
DA:23,4
DA:24,4
DA:26,4
DA:27,1
DA:30,3
DA:31,1
DA:34,2
DA:36,1
DA:47,1
DA:49,1
DA:54,1
DA:58,3
LF:21
LH:21
BRDA:26,0,0,1
BRDA:30,1,0,1
BRF:2
BRH:2
end_of_record
TN:
SF:src\controller\user.ts
FN:22,(anonymous_8)
FN:26,(anonymous_9)
FN:75,(anonymous_10)
FN:79,(anonymous_11)
FN:123,(anonymous_12)
FN:127,(anonymous_13)
FN:151,(anonymous_14)
FN:151,(anonymous_15)
FN:176,(anonymous_16)
FN:176,(anonymous_17)
FN:224,(anonymous_18)
FN:228,(anonymous_19)
FN:262,(anonymous_20)
FN:262,(anonymous_21)
FN:291,(anonymous_22)
FN:291,(anonymous_23)
FNF:16
FNH:16
FNDA:3,(anonymous_8)
FNDA:3,(anonymous_9)
FNDA:2,(anonymous_10)
FNDA:2,(anonymous_11)
FNDA:2,(anonymous_12)
FNDA:2,(anonymous_13)
FNDA:2,(anonymous_14)
FNDA:2,(anonymous_15)
FNDA:4,(anonymous_16)
FNDA:4,(anonymous_17)
FNDA:3,(anonymous_18)
FNDA:3,(anonymous_19)
FNDA:1,(anonymous_20)
FNDA:1,(anonymous_21)
FNDA:1,(anonymous_22)
FNDA:1,(anonymous_23)
DA:1,3
DA:2,3
DA:3,3
DA:4,3
DA:7,3
DA:15,3
DA:16,3
DA:17,3
DA:18,3
DA:20,3
DA:22,3
DA:26,3
DA:27,3
DA:28,3
DA:30,3
DA:31,3
DA:32,1
DA:34,2
DA:35,2
DA:42,2
DA:43,0
DA:46,2
DA:47,0
DA:50,2
DA:55,2
DA:57,2
DA:69,2
DA:71,0
DA:75,3
DA:79,2
DA:80,2
DA:81,2
DA:82,0
DA:84,2
DA:86,2
DA:87,1
DA:88,1
DA:91,1
DA:93,1
DA:94,0
DA:97,1
DA:99,1
DA:109,1
DA:112,0
DA:116,0
DA:117,0
DA:119,0
DA:123,3
DA:127,2
DA:128,2
DA:129,2
DA:130,2
DA:132,2
DA:134,2
DA:135,0
DA:138,2
DA:145,2
DA:147,0
DA:151,3
DA:152,2
DA:153,2
DA:155,2
DA:157,2
DA:158,1
DA:159,1
DA:161,1
DA:162,1
DA:164,1
DA:166,1
DA:169,1
DA:171,0
DA:172,0
DA:176,4
DA:177,4
DA:178,4
DA:180,4
DA:181,4
DA:182,1
DA:184,3
DA:186,3
DA:187,1
DA:190,2
DA:191,1
DA:194,1
DA:199,1
DA:202,1
DA:203,1
DA:205,1
DA:220,3
DA:224,3
DA:228,3
DA:229,3
DA:230,3
DA:231,3
DA:233,3
DA:234,1
DA:237,2
DA:238,1
DA:241,1
DA:242,0
DA:245,1
DA:250,1
DA:252,1
DA:256,1
DA:258,2
DA:262,3
DA:263,1
DA:264,1
DA:266,1
DA:268,1
DA:269,0
DA:272,1
DA:274,1
DA:287,0
DA:291,3
DA:292,1
DA:293,1
DA:294,1
DA:295,1
DA:297,0
DA:302,3
DA:303,3
DA:304,3
DA:305,3
DA:306,3
DA:307,3
DA:308,3
DA:309,3
LF:128
LH:111
BRDA:31,0,0,1
BRDA:42,1,0,0
BRDA:46,2,0,0
BRDA:81,3,0,0
BRDA:86,4,0,1
BRDA:93,5,0,0
BRDA:112,6,0,0
BRDA:113,7,0,0
BRDA:113,7,1,0
BRDA:134,8,0,0
BRDA:157,9,0,1
BRDA:181,10,0,1
BRDA:186,11,0,1
BRDA:190,12,0,1
BRDA:233,13,0,1
BRDA:237,14,0,1
BRDA:241,15,0,0
BRDA:268,16,0,0
BRF:18
BRH:8
end_of_record
TN:
SF:src\controller\cloudinary\saveImages.ts
FN:4,(anonymous_8)
FN:4,(anonymous_9)
FNF:2
FNH:0
FNDA:0,(anonymous_8)
FNDA:0,(anonymous_9)
DA:2,3
DA:4,3
DA:5,0
DA:6,0
DA:7,0
DA:10,0
DA:11,0
DA:12,0
DA:14,0
DA:15,0
DA:21,3
LF:11
LH:3
BRDA:5,0,0,0
BRDA:5,1,0,0
BRDA:5,1,1,0
BRF:3
BRH:0
end_of_record
TN:
SF:src\middlewares\auth.ts
FN:6,(anonymous_1)
FN:11,(anonymous_2)
FNF:2
FNH:2
FNDA:21,(anonymous_1)
FNDA:21,(anonymous_2)
DA:2,3
DA:3,3
DA:6,3
DA:7,21
DA:8,21
DA:12,21
DA:13,8
DA:16,13
DA:17,13
DA:22,3
LF:10
LH:10
BRDA:12,0,0,8
BRDA:12,1,0,21
BRDA:12,1,1,21
BRDA:12,1,2,13
BRDA:12,2,0,0
BRDA:12,2,1,13
BRDA:12,3,0,13
BRDA:12,3,1,13
BRF:8
BRH:7
end_of_record
TN:
SF:src\middlewares\cloudinary.ts
FNF:0
FNH:0
DA:1,3
DA:2,3
DA:4,3
DA:6,3
DA:8,3
DA:9,0
DA:12,3
DA:19,3
LF:8
LH:7
BRDA:8,0,0,0
BRDA:8,1,0,3
BRDA:8,1,1,3
BRDA:8,1,2,3
BRF:4
BRH:3
end_of_record
TN:
SF:src\middlewares\multer.ts
FN:7,(anonymous_1)
FN:31,(anonymous_2)
FNF:2
FNH:2
FNDA:2,(anonymous_1)
FNDA:26,(anonymous_2)
DA:1,3
DA:2,3
DA:5,3
DA:7,3
DA:12,2
DA:14,2
DA:15,1
DA:17,1
DA:20,1
DA:23,3
DA:31,3
DA:37,26
DA:38,1
DA:39,1
DA:44,25
DA:47,3
LF:16
LH:16
BRDA:14,0,0,1
BRDA:14,1,0,2
BRDA:14,1,1,2
BRDA:14,1,2,1
BRDA:37,2,0,1
BRDA:38,3,0,1
BRF:6
BRH:6
end_of_record
TN:
SF:src\middlewares\validateBody.ts
FN:5,(anonymous_1)
FN:6,(anonymous_2)
FNF:2
FNH:2
FNDA:18,(anonymous_1)
FNDA:23,(anonymous_2)
DA:3,3
DA:5,3
DA:6,18
DA:7,23
DA:8,23
DA:9,7
DA:11,16
DA:15,3
LF:8
LH:8
BRDA:8,0,0,7
BRF:1
BRH:1
end_of_record
TN:
SF:src\models\category.ts
FNF:0
FNH:0
DA:1,3
DA:9,3
DA:18,3
DA:20,3
LF:4
LH:4
BRF:0
BRH:0
end_of_record
TN:
SF:src\models\ingredient.ts
FNF:0
FNH:0
DA:1,3
DA:10,3
DA:20,3
DA:22,3
LF:4
LH:4
BRF:0
BRH:0
end_of_record
TN:
SF:src\models\recipe.ts
FNF:0
FNH:0
DA:1,3
DA:24,3
DA:99,3
DA:101,3
LF:4
LH:4
BRF:0
BRH:0
end_of_record
TN:
SF:src\models\shoppingList.ts
FNF:0
FNH:0
DA:1,3
DA:16,3
DA:36,3
DA:38,3
LF:4
LH:4
BRF:0
BRH:0
end_of_record
TN:
SF:src\models\subscribe.ts
FNF:0
FNH:0
DA:1,3
DA:3,3
DA:10,3
DA:27,3
DA:29,3
LF:5
LH:5
BRF:0
BRH:0
end_of_record
TN:
SF:src\models\user.ts
FNF:0
FNH:0
DA:1,3
DA:15,3
DA:56,3
DA:58,3
LF:4
LH:4
BRF:0
BRH:0
end_of_record
TN:
SF:src\routes\api\favoriteRecipes.ts
FNF:0
FNH:0
DA:1,3
DA:2,3
DA:3,3
DA:9,3
DA:11,3
DA:12,3
DA:13,3
DA:15,3
LF:8
LH:8
BRF:0
BRH:0
end_of_record
TN:
SF:src\routes\api\ingredients.ts
FNF:0
FNH:0
DA:1,3
DA:2,3
DA:3,3
DA:5,3
DA:7,3
DA:8,3
DA:10,3
LF:7
LH:7
BRF:0
BRH:0
end_of_record
TN:
SF:src\routes\api\ownRecipes.ts
FNF:0
FNH:0
DA:1,3
DA:2,3
DA:3,3
DA:4,3
DA:5,3
DA:6,3
DA:7,3
DA:9,3
DA:11,3
DA:12,3
DA:13,3
DA:14,3
DA:16,3
LF:13
LH:13
BRF:0
BRH:0
end_of_record
TN:
SF:src\routes\api\popularRecipe.ts
FNF:0
FNH:0
DA:1,3
DA:2,3
DA:3,3
DA:5,3
DA:7,3
DA:9,3
LF:6
LH:6
BRF:0
BRH:0
end_of_record
TN:
SF:src\routes\api\recipe.ts
FNF:0
FNH:0
DA:1,3
DA:2,3
DA:3,3
DA:11,3
DA:13,3
DA:14,3
DA:15,3
DA:16,3
DA:17,3
DA:19,3
LF:10
LH:10
BRF:0
BRH:0
end_of_record
TN:
SF:src\routes\api\shoppingList.ts
FNF:0
FNH:0
DA:1,3
DA:2,3
DA:3,3
DA:9,3
DA:11,3
DA:12,3
DA:13,3
DA:15,3
LF:8
LH:8
BRF:0
BRH:0
end_of_record
TN:
SF:src\routes\api\subscribe.ts
FNF:0
FNH:0
DA:1,3
DA:2,3
DA:3,3
DA:4,3
DA:5,3
DA:7,3
DA:9,3
DA:11,3
LF:8
LH:8
BRF:0
BRH:0
end_of_record
TN:
SF:src\routes\api\user.ts
FNF:0
FNH:0
DA:1,3
DA:2,3
DA:12,3
DA:13,3
DA:14,3
DA:20,3
DA:22,3
DA:24,3
DA:25,3
DA:26,3
DA:27,3
DA:28,3
DA:29,3
DA:30,3
DA:37,3
DA:44,3
LF:16
LH:16
BRF:0
BRH:0
end_of_record
TN:
SF:src\schemas\recipe.ts
FNF:0
FNH:0
DA:1,3
DA:3,3
DA:16,3
LF:3
LH:3
BRF:0
BRH:0
end_of_record
TN:
SF:src\schemas\subscribeUser.ts
FNF:0
FNH:0
DA:1,3
DA:3,3
DA:10,3
LF:3
LH:3
BRF:0
BRH:0
end_of_record
TN:
SF:src\schemas\user.ts
FNF:0
FNH:0
DA:1,3
DA:3,3
DA:21,3
DA:29,3
DA:33,3
DA:46,3
LF:6
LH:6
BRF:0
BRH:0
end_of_record
TN:
SF:src\services\subscribeServices.ts
FN:9,(anonymous_8)
FN:11,(anonymous_9)
FN:20,(anonymous_10)
FN:22,(anonymous_11)
FN:31,(anonymous_12)
FN:34,(anonymous_13)
FNF:6
FNH:0
FNDA:0,(anonymous_8)
FNDA:0,(anonymous_9)
FNDA:0,(anonymous_10)
FNDA:0,(anonymous_11)
FNDA:0,(anonymous_12)
FNDA:0,(anonymous_13)
DA:1,3
DA:9,3
DA:11,0
DA:12,0
DA:13,0
DA:15,0
DA:16,0
DA:20,3
DA:22,0
DA:23,0
DA:24,0
DA:26,0
DA:27,0
DA:31,3
DA:34,0
DA:35,0
DA:36,0
DA:41,0
DA:42,0
DA:46,3
LF:20
LH:5
BRF:0
BRH:0
end_of_record
TN:
SF:src\services\user.ts
FN:10,(anonymous_7)
FN:14,(anonymous_8)
FN:23,(anonymous_9)
FN:23,(anonymous_10)
FN:32,(anonymous_11)
FN:44,(anonymous_12)
FN:59,(anonymous_13)
FN:59,(anonymous_14)
FN:69,(anonymous_15)
FN:72,(anonymous_16)
FNF:10
FNH:8
FNDA:10,(anonymous_7)
FNDA:10,(anonymous_8)
FNDA:1,(anonymous_9)
FNDA:1,(anonymous_10)
FNDA:2,(anonymous_11)
FNDA:2,(anonymous_12)
FNDA:0,(anonymous_13)
FNDA:0,(anonymous_14)
FNDA:4,(anonymous_15)
FNDA:4,(anonymous_16)
DA:1,3
DA:10,3
DA:14,10
DA:15,10
DA:16,10
DA:18,0
DA:19,0
DA:23,3
DA:24,1
DA:25,1
DA:27,0
DA:28,0
DA:32,3
DA:44,2
DA:45,2
DA:46,2
DA:54,0
DA:55,0
DA:59,3
DA:60,0
DA:61,0
DA:62,0
DA:64,0
DA:65,0
DA:69,3
DA:72,4
DA:73,4
DA:74,4
DA:76,0
DA:77,0
DA:81,3
LF:31
LH:18
BRF:0
BRH:0
end_of_record
TN:
SF:src\utils\emailService.ts
FN:20,(anonymous_8)
FN:23,(anonymous_9)
FN:50,(anonymous_10)
FN:55,(anonymous_11)
FNF:4
FNH:2
FNDA:3,(anonymous_8)
FNDA:3,(anonymous_9)
FNDA:0,(anonymous_10)
FNDA:0,(anonymous_11)
DA:1,2
DA:2,2
DA:4,2
DA:18,2
DA:20,2
DA:23,3
DA:24,3
DA:25,0
DA:28,3
DA:40,3
DA:41,3
DA:43,0
DA:50,2
DA:55,0
DA:56,0
DA:64,0
DA:65,0
DA:66,0
DA:68,0
DA:75,2
LF:20
LH:12
BRDA:24,0,0,0
BRDA:45,1,0,0
BRDA:45,1,1,0
BRDA:59,2,0,0
BRDA:59,2,1,0
BRDA:60,3,0,0
BRDA:60,3,1,0
BRDA:61,4,0,0
BRDA:61,4,1,0
BRDA:70,5,0,0
BRDA:70,5,1,0
BRF:11
BRH:0
end_of_record
TN:
SF:src\utils\handleErrors.ts
FN:13,(anonymous_0)
FNF:1
FNH:1
FNDA:23,(anonymous_0)
DA:1,3
DA:13,3
DA:17,23
DA:18,23
DA:19,23
DA:22,3
LF:6
LH:6
BRDA:15,0,0,8
BRF:1
BRH:1
end_of_record
